[0.016s] Invoking command in '/home/ibyou/robotis_ws/build/dynamixel_sdk_examples': CMAKE_PREFIX_PATH=/home/ibyou/robotis_ws/install/dynamixel_sdk_custom_interfaces:/home/ibyou/robotis_ws/install/dynamixel_sdk:/home/ibyou/robotis_ws/install/dynamixel_sdk_examples:/opt/ros/foxy /usr/bin/cmake --build /home/ibyou/robotis_ws/build/dynamixel_sdk_examples -- -j12 -l12
[0.039s] -- Found ament_cmake: 0.9.11 (/opt/ros/foxy/share/ament_cmake/cmake)
[0.059s] -- Using PYTHON_EXECUTABLE: /usr/bin/python3
[0.202s] -- Override CMake install command with custom implementation using symlinks instead of copying resources
[0.209s] -- Found dynamixel_sdk: 3.7.40 (/home/ibyou/robotis_ws/install/dynamixel_sdk/share/dynamixel_sdk/cmake)
[0.211s] -- Found dynamixel_sdk_custom_interfaces: 3.7.40 (/home/ibyou/robotis_ws/install/dynamixel_sdk_custom_interfaces/share/dynamixel_sdk_custom_interfaces/cmake)
[0.231s] -- Using all available rosidl_typesupport_c: rosidl_typesupport_fastrtps_c;rosidl_typesupport_introspection_c
[0.236s] -- Found rosidl_adapter: 1.3.0 (/opt/ros/foxy/share/rosidl_adapter/cmake)
[0.325s] -- Using all available rosidl_typesupport_cpp: rosidl_typesupport_fastrtps_cpp;rosidl_typesupport_introspection_cpp
[0.371s] -- Found rclcpp: 2.4.2 (/opt/ros/foxy/share/rclcpp/cmake)
[0.411s] -- Found rmw_implementation_cmake: 1.0.3 (/opt/ros/foxy/share/rmw_implementation_cmake/cmake)
[0.413s] -- Using RMW implementation 'rmw_fastrtps_cpp' as default
[0.559s] -- Found ament_lint_auto: 0.9.7 (/opt/ros/foxy/share/ament_lint_auto/cmake)
[0.631s] -- Added test 'copyright' to check source files copyright and LICENSE
[0.632s] -- Added test 'cppcheck' to perform static code analysis on C / C++ code
[0.632s] -- Configured cppcheck include dirs: /home/ibyou/robotis_ws/src/DynamixelSDK/dynamixel_sdk_examples/include
[0.632s] -- Configured cppcheck exclude dirs and/or files: 
[0.633s] -- Added test 'cpplint' to check C / C++ code against the Google style
[0.633s] -- Configured cpplint exclude dirs and/or files: 
[0.634s] -- Added test 'lint_cmake' to check CMake code style
[0.634s] -- Added test 'uncrustify' to check C / C++ code style
[0.635s] -- Configured uncrustify additional arguments: 
[0.635s] -- Added test 'xmllint' to check XML markup files
[0.638s] -- Configuring done
[0.646s] -- Generating done
[0.647s] -- Build files have been written to: /home/ibyou/robotis_ws/build/dynamixel_sdk_examples
[0.671s] [35m[1mScanning dependencies of target read_write_node[0m
[0.699s] [ 50%] [32mBuilding CXX object CMakeFiles/read_write_node.dir/src/read_write_node.cpp.o[0m
[0.800s] [01m[K/home/ibyou/robotis_ws/src/DynamixelSDK/dynamixel_sdk_examples/src/read_write_node.cpp:83:38:[m[K [01;35m[Kwarning: [m[Kmissing terminating " character
[0.800s]    83 |      RCLCPP_INFO(this->get_logger(), [01;35m[K"[m[KSet [Prediction: %d], msg->Pred);
[0.800s]       |                                      [01;35m[K^[m[K
[0.801s] In file included from [01m[K/opt/ros/foxy/include/rclcpp/client.hpp:40[m[K,
[0.801s]                  from [01m[K/opt/ros/foxy/include/rclcpp/callback_group.hpp:23[m[K,
[0.801s]                  from [01m[K/opt/ros/foxy/include/rclcpp/any_executable.hpp:20[m[K,
[0.801s]                  from [01m[K/opt/ros/foxy/include/rclcpp/memory_strategy.hpp:24[m[K,
[0.801s]                  from [01m[K/opt/ros/foxy/include/rclcpp/memory_strategies.hpp:18[m[K,
[0.801s]                  from [01m[K/opt/ros/foxy/include/rclcpp/executor_options.hpp:20[m[K,
[0.801s]                  from [01m[K/opt/ros/foxy/include/rclcpp/executor.hpp:33[m[K,
[0.801s]                  from [01m[K/opt/ros/foxy/include/rclcpp/executors/multi_threaded_executor.hpp:26[m[K,
[0.801s]                  from [01m[K/opt/ros/foxy/include/rclcpp/executors.hpp:21[m[K,
[0.801s]                  from [01m[K/opt/ros/foxy/include/rclcpp/rclcpp.hpp:146[m[K,
[0.801s]                  from [01m[K/home/ibyou/robotis_ws/src/DynamixelSDK/dynamixel_sdk_examples/src/read_write_node.cpp:37[m[K:
[0.801s] [01m[K/home/ibyou/robotis_ws/src/DynamixelSDK/dynamixel_sdk_examples/src/read_write_node.cpp:83:38:[m[K [01;31m[Kerror: [m[Kmissing terminating " character
[0.801s]    83 |      RCLCPP_INFO(this->get_logger(), [01;31m[K"Set [Prediction: %d], msg->Pred);[m[K
[0.801s]       |                                      [01;31m[K^~~~~~~~~~~~~~~~~~~~~~~~~~~~~~~~~~[m[K
[1.757s] [01m[K/home/ibyou/robotis_ws/src/DynamixelSDK/dynamixel_sdk_examples/src/read_write_node.cpp:[m[K In lambda function:
[1.757s] [01m[K/home/ibyou/robotis_ws/src/DynamixelSDK/dynamixel_sdk_examples/src/read_write_node.cpp:84:7:[m[K [01;31m[Kerror: [m[Kexpected primary-expression before ‘[01m[Kif[m[K’
[1.757s]    84 |       [01;31m[Kif[m[K(msg->Pred){
[1.757s]       |       [01;31m[K^~[m[K
[1.757s] [01m[K/home/ibyou/robotis_ws/src/DynamixelSDK/dynamixel_sdk_examples/src/read_write_node.cpp:83:6:[m[K [01;31m[Kerror: [m[Kexpected ‘[01m[K}[m[K’ before ‘[01m[K)[m[K’ token
[1.757s]    83 |      [01;31m[KRCLCPP_INFO[m[K(this->get_logger(), "Set [Prediction: %d], msg->Pred);
[1.757s]       |      [01;31m[K^~~~~~~~~~~[m[K
[1.757s] [01m[K/home/ibyou/robotis_ws/src/DynamixelSDK/dynamixel_sdk_examples/src/read_write_node.cpp:117:9:[m[K [01;36m[Knote: [m[Kto match this ‘[01m[K{[m[K’
[1.757s]   117 |         [01;36m[KRCLCPP_INFO[m[K(this->get_logger(), "%s", packetHandler->getTxRxResult(dxl_comm_result));
[1.758s]       |         [01;36m[K^~~~~~~~~~~[m[K
[1.758s] [01m[K/home/ibyou/robotis_ws/src/DynamixelSDK/dynamixel_sdk_examples/src/read_write_node.cpp:83:6:[m[K [01;31m[Kerror: [m[Kexpected ‘[01m[K,[m[K’ or ‘[01m[K;[m[K’ before ‘[01m[K)[m[K’ token
[1.758s]    83 |      [01;31m[KRCLCPP_INFO[m[K(this->get_logger(), "Set [Prediction: %d], msg->Pred);
[1.758s]       |      [01;31m[K^~~~~~~~~~~[m[K
[1.758s] [01m[K/home/ibyou/robotis_ws/src/DynamixelSDK/dynamixel_sdk_examples/src/read_write_node.cpp:117:9:[m[K [01;31m[Kerror: [m[Kexpected ‘[01m[Kwhile[m[K’ before ‘[01m[K;[m[K’ token
[1.758s]   117 |         [01;31m[KRCLCPP_INFO[m[K(this->get_logger(), "%s", packetHandler->getTxRxResult(dxl_comm_result));
[1.758s]       |         [01;31m[K^~~~~~~~~~~[m[K
[1.758s] [01m[K/home/ibyou/robotis_ws/src/DynamixelSDK/dynamixel_sdk_examples/src/read_write_node.cpp:117:9:[m[K [01;31m[Kerror: [m[Kexpected ‘[01m[K([m[K’ before ‘[01m[K;[m[K’ token
[1.758s] [01m[K/home/ibyou/robotis_ws/src/DynamixelSDK/dynamixel_sdk_examples/src/read_write_node.cpp:117:9:[m[K [01;31m[Kerror: [m[Kexpected primary-expression before ‘[01m[K;[m[K’ token
[1.758s] [01m[K/home/ibyou/robotis_ws/src/DynamixelSDK/dynamixel_sdk_examples/src/read_write_node.cpp:117:9:[m[K [01;31m[Kerror: [m[Kexpected ‘[01m[K)[m[K’ before ‘[01m[K;[m[K’ token
[1.761s] [01m[K/home/ibyou/robotis_ws/src/DynamixelSDK/dynamixel_sdk_examples/src/read_write_node.cpp:121:81:[m[K [01;31m[Kerror: [m[K‘[01m[Kposition[m[K’ was not declared in this scope; did you mean ‘[01m[KSetPosition[m[K’?
[1.761s]   121 | CPP_INFO(this->get_logger(), "Set [ID: %d] [Goal Position: %d]", id, [01;31m[Kposition[m[K);
[1.761s]       |                                                                      [01;31m[K^~~~~~~~[m[K
[1.761s] 
[1.761s] [01m[K/home/ibyou/robotis_ws/src/DynamixelSDK/dynamixel_sdk_examples/src/read_write_node.cpp:83:6:[m[K [01;31m[Kerror: [m[Kexpected ‘[01m[Kwhile[m[K’ before ‘[01m[K,[m[K’ token
[1.761s]    83 |      [01;31m[KRCLCPP_INFO[m[K(this->get_logger(), "Set [Prediction: %d], msg->Pred);
[1.761s]       |      [01;31m[K^~~~~~~~~~~[m[K
[1.761s] [01m[K/home/ibyou/robotis_ws/src/DynamixelSDK/dynamixel_sdk_examples/src/read_write_node.cpp:83:6:[m[K [01;31m[Kerror: [m[Kexpected ‘[01m[K([m[K’ before ‘[01m[K,[m[K’ token
[1.761s] [01m[K/home/ibyou/robotis_ws/src/DynamixelSDK/dynamixel_sdk_examples/src/read_write_node.cpp:83:6:[m[K [01;31m[Kerror: [m[Kexpected primary-expression before ‘[01m[K,[m[K’ token
[1.762s] [01m[K/home/ibyou/robotis_ws/src/DynamixelSDK/dynamixel_sdk_examples/src/read_write_node.cpp:83:6:[m[K [01;31m[Kerror: [m[Kexpected ‘[01m[Kwhile[m[K’ before ‘[01m[K}[m[K’ token
[1.762s]    83 |      [01;31m[KRCLCPP_INFO[m[K(this->get_logger(), "Set [Prediction: %d], msg->Pred);
[1.762s]       |      [01;31m[K^~~~~~~~~~~[m[K
[1.762s] [01m[K/home/ibyou/robotis_ws/src/DynamixelSDK/dynamixel_sdk_examples/src/read_write_node.cpp:83:6:[m[K [01;31m[Kerror: [m[Kexpected ‘[01m[K([m[K’ before ‘[01m[K}[m[K’ token
[1.762s] [01m[K/home/ibyou/robotis_ws/src/DynamixelSDK/dynamixel_sdk_examples/src/read_write_node.cpp:83:6:[m[K [01;31m[Kerror: [m[Kexpected primary-expression before ‘[01m[K}[m[K’ token
[1.762s] [01m[K/home/ibyou/robotis_ws/src/DynamixelSDK/dynamixel_sdk_examples/src/read_write_node.cpp:83:6:[m[K [01;31m[Kerror: [m[Kexpected ‘[01m[K)[m[K’ before ‘[01m[K}[m[K’ token
[1.763s] [01m[K/home/ibyou/robotis_ws/src/DynamixelSDK/dynamixel_sdk_examples/src/read_write_node.cpp:83:6:[m[K [01;31m[Kerror: [m[Kexpected ‘[01m[K;[m[K’ before ‘[01m[K}[m[K’ token
[1.763s] [01m[K/home/ibyou/robotis_ws/src/DynamixelSDK/dynamixel_sdk_examples/src/read_write_node.cpp:78:41:[m[K [01;35m[Kwarning: [m[Kunused parameter ‘[01m[Kmsg[m[K’ [[01;35m[K-Wunused-parameter[m[K]
[1.763s]    78 |     [this]([01;35m[Kconst SetPosition::SharedPtr msg[m[K) -> void
[1.763s]       |            [01;35m[K~~~~~~~~~~~~~~~~~~~~~~~~~~~~~^~~[m[K
[1.763s] In file included from [01m[K/opt/ros/foxy/include/rclcpp/client.hpp:40[m[K,
[1.763s]                  from [01m[K/opt/ros/foxy/include/rclcpp/callback_group.hpp:23[m[K,
[1.763s]                  from [01m[K/opt/ros/foxy/include/rclcpp/any_executable.hpp:20[m[K,
[1.763s]                  from [01m[K/opt/ros/foxy/include/rclcpp/memory_strategy.hpp:24[m[K,
[1.763s]                  from [01m[K/opt/ros/foxy/include/rclcpp/memory_strategies.hpp:18[m[K,
[1.763s]                  from [01m[K/opt/ros/foxy/include/rclcpp/executor_options.hpp:20[m[K,
[1.763s]                  from [01m[K/opt/ros/foxy/include/rclcpp/executor.hpp:33[m[K,
[1.763s]                  from [01m[K/opt/ros/foxy/include/rclcpp/executors/multi_threaded_executor.hpp:26[m[K,
[1.763s]                  from [01m[K/opt/ros/foxy/include/rclcpp/executors.hpp:21[m[K,
[1.763s]                  from [01m[K/opt/ros/foxy/include/rclcpp/rclcpp.hpp:146[m[K,
[1.764s]                  from [01m[K/home/ibyou/robotis_ws/src/DynamixelSDK/dynamixel_sdk_examples/src/read_write_node.cpp:37[m[K:
[1.764s] [01m[K/home/ibyou/robotis_ws/src/DynamixelSDK/dynamixel_sdk_examples/src/read_write_node.cpp:[m[K In constructor ‘[01m[KReadWriteNode::ReadWriteNode()[m[K’:
[1.764s] [01m[K/home/ibyou/robotis_ws/src/DynamixelSDK/dynamixel_sdk_examples/src/read_write_node.cpp:83:6:[m[K [01;31m[Kerror: [m[Kexpected ‘[01m[K)[m[K’ before ‘[01m[Kwhile[m[K’
[1.764s]    83 |      [01;31m[KRCLCPP_INFO[m[K(this->get_logger(), "Set [Prediction: %d], msg->Pred);
[1.764s]       |      [01;31m[K^~~~~~~~~~~[m[K
[1.764s] [01m[K/home/ibyou/robotis_ws/src/DynamixelSDK/dynamixel_sdk_examples/src/read_write_node.cpp:75:43:[m[K [01;36m[Knote: [m[Kto match this ‘[01m[K([m[K’
[1.764s]    75 |     this->create_subscription<SetPosition>[01;36m[K([m[K
[1.764s]       |                                           [01;36m[K^[m[K
[1.764s] In file included from [01m[K/opt/ros/foxy/include/rclcpp/service.hpp:34[m[K,
[1.764s]                  from [01m[K/opt/ros/foxy/include/rclcpp/callback_group.hpp:25[m[K,
[1.764s]                  from [01m[K/opt/ros/foxy/include/rclcpp/any_executable.hpp:20[m[K,
[1.764s]                  from [01m[K/opt/ros/foxy/include/rclcpp/memory_strategy.hpp:24[m[K,
[1.764s]                  from [01m[K/opt/ros/foxy/include/rclcpp/memory_strategies.hpp:18[m[K,
[1.764s]                  from [01m[K/opt/ros/foxy/include/rclcpp/executor_options.hpp:20[m[K,
[1.764s]                  from [01m[K/opt/ros/foxy/include/rclcpp/executor.hpp:33[m[K,
[1.764s]                  from [01m[K/opt/ros/foxy/include/rclcpp/executors/multi_threaded_executor.hpp:26[m[K,
[1.764s]                  from [01m[K/opt/ros/foxy/include/rclcpp/executors.hpp:21[m[K,
[1.765s]                  from [01m[K/opt/ros/foxy/include/rclcpp/rclcpp.hpp:146[m[K,
[1.765s]                  from [01m[K/home/ibyou/robotis_ws/src/DynamixelSDK/dynamixel_sdk_examples/src/read_write_node.cpp:37[m[K:
[1.765s] [01m[K/home/ibyou/robotis_ws/src/DynamixelSDK/dynamixel_sdk_examples/src/read_write_node.cpp:[m[K At global scope:
[1.765s] [01m[K/home/ibyou/robotis_ws/src/DynamixelSDK/dynamixel_sdk_examples/src/read_write_node.cpp:83:6:[m[K [01;31m[Kerror: [m[Kexpected unqualified-id before ‘[01m[Kwhile[m[K’
[1.765s]    83 |      [01;31m[KRCLCPP_INFO[m[K(this->get_logger(), "Set [Prediction: %d], msg->Pred);
[1.765s]       |      [01;31m[K^~~~~~~~~~~[m[K
[1.765s] [01m[K/home/ibyou/robotis_ws/src/DynamixelSDK/dynamixel_sdk_examples/src/read_write_node.cpp:127:6:[m[K [01;31m[Kerror: [m[Kinvalid use of ‘[01m[Kthis[m[K’ at top level
[1.766s]   127 |     [[01;31m[Kthis[m[K](
[1.766s]       |      [01;31m[K^~~~[m[K
[1.766s] [01m[K/home/ibyou/robotis_ws/src/DynamixelSDK/dynamixel_sdk_examples/src/read_write_node.cpp:128:27:[m[K [01;31m[Kerror: [m[K‘[01m[KGetPosition[m[K’ was not declared in this scope; did you mean ‘[01m[Kdynamixel_sdk_custom_interfaces::srv::GetPosition[m[K’?
[1.766s]   128 |     const std::shared_ptr<[01;31m[KGetPosition[m[K::Request> request,
[1.766s]       |                           [01;31m[K^~~~~~~~~~~[m[K
[1.766s]       |                           [32m[Kdynamixel_sdk_custom_interfaces::srv::GetPosition[m[K
[1.766s] In file included from [01m[K/home/ibyou/robotis_ws/install/dynamixel_sdk_custom_interfaces/include/dynamixel_sdk_custom_interfaces/srv/get_position.hpp:7[m[K,
[1.766s]                  from [01m[K/home/ibyou/robotis_ws/src/DynamixelSDK/dynamixel_sdk_examples/src/read_write_node.cpp:36[m[K:
[1.766s] [01m[K/home/ibyou/robotis_ws/install/dynamixel_sdk_custom_interfaces/include/dynamixel_sdk_custom_interfaces/srv/detail/get_position__struct.hpp:250:8:[m[K [01;36m[Knote: [m[K‘[01m[Kdynamixel_sdk_custom_interfaces::srv::GetPosition[m[K’ declared here
[1.766s]   250 | struct [01;36m[KGetPosition[m[K
[1.766s]       |        [01;36m[K^~~~~~~~~~~[m[K
[1.766s] [01m[K/home/ibyou/robotis_ws/src/DynamixelSDK/dynamixel_sdk_examples/src/read_write_node.cpp:128:47:[m[K [01;31m[Kerror: [m[Ktemplate argument 1 is invalid
[1.766s]   128 |     const std::shared_ptr<GetPosition::Request[01;31m[K>[m[K request,
[1.766s]       |                                               [01;31m[K^[m[K
[1.766s] [01m[K/home/ibyou/robotis_ws/src/DynamixelSDK/dynamixel_sdk_examples/src/read_write_node.cpp:129:21:[m[K [01;31m[Kerror: [m[K‘[01m[KGetPosition[m[K’ was not declared in this scope; did you mean ‘[01m[Kdynamixel_sdk_custom_interfaces::srv::GetPosition[m[K’?
[1.766s]   129 |     std::shared_ptr<[01;31m[KGetPosition[m[K::Response> response) -> void
[1.767s]       |                     [01;31m[K^~~~~~~~~~~[m[K
[1.767s]       |                     [32m[Kdynamixel_sdk_custom_interfaces::srv::GetPosition[m[K
[1.767s] In file included from [01m[K/home/ibyou/robotis_ws/install/dynamixel_sdk_custom_interfaces/include/dynamixel_sdk_custom_interfaces/srv/get_position.hpp:7[m[K,
[1.767s]                  from [01m[K/home/ibyou/robotis_ws/src/DynamixelSDK/dynamixel_sdk_examples/src/read_write_node.cpp:36[m[K:
[1.767s] [01m[K/home/ibyou/robotis_ws/install/dynamixel_sdk_custom_interfaces/include/dynamixel_sdk_custom_interfaces/srv/detail/get_position__struct.hpp:250:8:[m[K [01;36m[Knote: [m[K‘[01m[Kdynamixel_sdk_custom_interfaces::srv::GetPosition[m[K’ declared here
[1.767s]   250 | struct [01;36m[KGetPosition[m[K
[1.767s]       |        [01;36m[K^~~~~~~~~~~[m[K
[1.767s] [01m[K/home/ibyou/robotis_ws/src/DynamixelSDK/dynamixel_sdk_examples/src/read_write_node.cpp:129:42:[m[K [01;31m[Kerror: [m[Ktemplate argument 1 is invalid
[1.767s]   129 |     std::shared_ptr<GetPosition::Response[01;31m[K>[m[K response) -> void
[1.767s]       |                                          [01;31m[K^[m[K
[1.767s] [01m[K/home/ibyou/robotis_ws/src/DynamixelSDK/dynamixel_sdk_examples/src/read_write_node.cpp:[m[K In lambda function:
[1.767s] [01m[K/home/ibyou/robotis_ws/src/DynamixelSDK/dynamixel_sdk_examples/src/read_write_node.cpp:135:26:[m[K [01;31m[Kerror: [m[Kbase operand of ‘[01m[K->[m[K’ is not a pointer
[1.767s]   135 |         (uint8_t) request[01;31m[K->[m[Kid,
[1.767s]       |                          [01;31m[K^~[m[K
[1.767s] [01m[K/home/ibyou/robotis_ws/src/DynamixelSDK/dynamixel_sdk_examples/src/read_write_node.cpp:137:39:[m[K [01;31m[Kerror: [m[K‘[01m[Kpresent_position[m[K’ was not declared in this scope; did you mean ‘[01m[Kget_present_position[m[K’?
[1.767s]   137 |         reinterpret_cast<uint32_t *>(&[01;31m[Kpresent_position[m[K),
[1.767s]       |                                       [01;31m[K^~~~~~~~~~~~~~~~[m[K
[1.768s]       |                                       [32m[Kget_present_position[m[K
[1.768s] In file included from [01m[K/opt/ros/foxy/include/rclcpp/service.hpp:34[m[K,
[1.768s]                  from [01m[K/opt/ros/foxy/include/rclcpp/callback_group.hpp:25[m[K,
[1.768s]                  from [01m[K/opt/ros/foxy/include/rclcpp/any_executable.hpp:20[m[K,
[1.768s]                  from [01m[K/opt/ros/foxy/include/rclcpp/memory_strategy.hpp:24[m[K,
[1.768s]                  from [01m[K/opt/ros/foxy/include/rclcpp/memory_strategies.hpp:18[m[K,
[1.768s]                  from [01m[K/opt/ros/foxy/include/rclcpp/executor_options.hpp:20[m[K,
[1.768s]                  from [01m[K/opt/ros/foxy/include/rclcpp/executor.hpp:33[m[K,
[1.768s]                  from [01m[K/opt/ros/foxy/include/rclcpp/executors/multi_threaded_executor.hpp:26[m[K,
[1.768s]                  from [01m[K/opt/ros/foxy/include/rclcpp/executors.hpp:21[m[K,
[1.768s]                  from [01m[K/opt/ros/foxy/include/rclcpp/rclcpp.hpp:146[m[K,
[1.768s]                  from [01m[K/home/ibyou/robotis_ws/src/DynamixelSDK/dynamixel_sdk_examples/src/read_write_node.cpp:37[m[K:
[1.768s] [01m[K/home/ibyou/robotis_ws/src/DynamixelSDK/dynamixel_sdk_examples/src/read_write_node.cpp:142:9:[m[K [01;31m[Kerror: [m[Kinvalid use of ‘[01m[Kthis[m[K’ at top level
[1.768s]   142 |         [01;31m[Kthis[m[K->get_logger(),
[1.768s]       |         [01;31m[K^~~~[m[K
[1.769s] [01m[K/home/ibyou/robotis_ws/src/DynamixelSDK/dynamixel_sdk_examples/src/read_write_node.cpp:142:9:[m[K [01;31m[Kerror: [m[Kinvalid use of ‘[01m[Kthis[m[K’ at top level
[1.769s] [01m[K/home/ibyou/robotis_ws/src/DynamixelSDK/dynamixel_sdk_examples/src/read_write_node.cpp:141:7:[m[K [01;31m[Kerror: [m[Ktemplate argument 1 is invalid
[1.769s]   141 |       [01;31m[KRCLCPP_INFO[m[K(
[1.769s]       |       [01;31m[K^~~~~~~~~~~[m[K
[1.769s] [01m[K/home/ibyou/robotis_ws/src/DynamixelSDK/dynamixel_sdk_examples/src/read_write_node.cpp:141:7:[m[K [01;31m[Kerror: [m[Ktemplate argument 1 is invalid
[1.769s]   141 |       [01;31m[KRCLCPP_INFO[m[K(
[1.769s]       |       [01;31m[K^~~~~~~~~~~[m[K
[1.769s] [01m[K/home/ibyou/robotis_ws/src/DynamixelSDK/dynamixel_sdk_examples/src/read_write_node.cpp:141:7:[m[K [01;31m[Kerror: [m[Ktemplate argument 1 is invalid
[1.769s]   141 |       [01;31m[KRCLCPP_INFO[m[K(
[1.769s]       |       [01;31m[K^~~~~~~~~~~[m[K
[1.769s] In file included from [01m[K/opt/ros/foxy/include/rclcpp/client.hpp:40[m[K,
[1.769s]                  from [01m[K/opt/ros/foxy/include/rclcpp/callback_group.hpp:23[m[K,
[1.769s]                  from [01m[K/opt/ros/foxy/include/rclcpp/any_executable.hpp:20[m[K,
[1.769s]                  from [01m[K/opt/ros/foxy/include/rclcpp/memory_strategy.hpp:24[m[K,
[1.769s]                  from [01m[K/opt/ros/foxy/include/rclcpp/memory_strategies.hpp:18[m[K,
[1.769s]                  from [01m[K/opt/ros/foxy/include/rclcpp/executor_options.hpp:20[m[K,
[1.769s]                  from [01m[K/opt/ros/foxy/include/rclcpp/executor.hpp:33[m[K,
[1.770s]                  from [01m[K/opt/ros/foxy/include/rclcpp/executors/multi_threaded_executor.hpp:26[m[K,
[1.770s]                  from [01m[K/opt/ros/foxy/include/rclcpp/executors.hpp:21[m[K,
[1.770s]                  from [01m[K/opt/ros/foxy/include/rclcpp/rclcpp.hpp:146[m[K,
[1.770s]                  from [01m[K/home/ibyou/robotis_ws/src/DynamixelSDK/dynamixel_sdk_examples/src/read_write_node.cpp:37[m[K:
[1.770s] [01m[K/home/ibyou/robotis_ws/src/DynamixelSDK/dynamixel_sdk_examples/src/read_write_node.cpp:142:9:[m[K [01;31m[Kerror: [m[K‘[01m[Kthis[m[K’ was not captured for this lambda function
[1.770s]   142 |         [01;31m[Kthis[m[K->get_logger(),
[1.770s]       |         [01;31m[K^~~~[m[K
[1.770s] [01m[K/home/ibyou/robotis_ws/src/DynamixelSDK/dynamixel_sdk_examples/src/read_write_node.cpp:142:9:[m[K [01;31m[Kerror: [m[K‘[01m[Kthis[m[K’ was not captured for this lambda function
[1.770s]   142 |         [01;31m[Kthis[m[K->get_logger(),
[1.770s]       |         [01;31m[K^~~~[m[K
[1.770s] [01m[K/home/ibyou/robotis_ws/src/DynamixelSDK/dynamixel_sdk_examples/src/read_write_node.cpp:144:16:[m[K [01;31m[Kerror: [m[Kbase operand of ‘[01m[K->[m[K’ is not a pointer
[1.770s]   144 |         request[01;31m[K->[m[Kid,
[1.770s]       |                [01;31m[K^~[m[K
[1.770s] [01m[K/home/ibyou/robotis_ws/src/DynamixelSDK/dynamixel_sdk_examples/src/read_write_node.cpp:148:15:[m[K [01;31m[Kerror: [m[Kbase operand of ‘[01m[K->[m[K’ is not a pointer
[1.770s]   148 |       response[01;31m[K->[m[Kposition = present_position;
[1.770s]       |               [01;31m[K^~[m[K
[1.770s] [01m[K/home/ibyou/robotis_ws/src/DynamixelSDK/dynamixel_sdk_examples/src/read_write_node.cpp:[m[K At global scope:
[1.771s] [01m[K/home/ibyou/robotis_ws/src/DynamixelSDK/dynamixel_sdk_examples/src/read_write_node.cpp:151:3:[m[K [01;31m[Kerror: [m[K‘[01m[Kget_position_server_[m[K’ does not name a type
[1.771s]   151 |   [01;31m[Kget_position_server_[m[K = create_service<GetPosition>("get_position", get_present_position);
[1.771s]       |   [01;31m[K^~~~~~~~~~~~~~~~~~~~[m[K
[1.771s] [01m[K/home/ibyou/robotis_ws/src/DynamixelSDK/dynamixel_sdk_examples/src/read_write_node.cpp:152:1:[m[K [01;31m[Kerror: [m[Kexpected declaration before ‘[01m[K}[m[K’ token
[1.771s]   152 | [01;31m[K}[m[K
[1.771s]       | [01;31m[K^[m[K
[2.091s] make[2]: *** [CMakeFiles/read_write_node.dir/build.make:63: CMakeFiles/read_write_node.dir/src/read_write_node.cpp.o] Error 1
[2.092s] make[1]: *** [CMakeFiles/Makefile2:78: CMakeFiles/read_write_node.dir/all] Error 2
[2.092s] make: *** [Makefile:141: all] Error 2
[2.094s] Invoked command in '/home/ibyou/robotis_ws/build/dynamixel_sdk_examples' returned '2': CMAKE_PREFIX_PATH=/home/ibyou/robotis_ws/install/dynamixel_sdk_custom_interfaces:/home/ibyou/robotis_ws/install/dynamixel_sdk:/home/ibyou/robotis_ws/install/dynamixel_sdk_examples:/opt/ros/foxy /usr/bin/cmake --build /home/ibyou/robotis_ws/build/dynamixel_sdk_examples -- -j12 -l12
