[0.011s] Invoking command in '/home/ibyou/Desktop/Embedded_System/Embedded-Systems_MiniProject2022/package_ROS2/robotis_ws/build/dynamixel_sdk_examples': AMENT_PREFIX_PATH=/home/ibyou/robotis_ws/install/dynamixel_sdk_custom_interfaces:${AMENT_PREFIX_PATH} CMAKE_PREFIX_PATH=/home/ibyou/Desktop/Embedded_System/Embedded-Systems_MiniProject2022/package_ROS2/robotis_ws/install/dynamixel_sdk_custom_interfaces:/home/ibyou/Desktop/Embedded_System/Embedded-Systems_MiniProject2022/package_ROS2/robotis_ws/install/dynamixel_sdk_examples:/home/ibyou/Desktop/Embedded_System/Embedded-Systems_MiniProject2022/package_ROS2/robotis_ws/install/dynamixel_sdk LD_LIBRARY_PATH=/home/ibyou/robotis_ws/install/dynamixel_sdk_custom_interfaces/lib:${LD_LIBRARY_PATH} PYTHONPATH=/home/ibyou/robotis_ws/install/dynamixel_sdk_custom_interfaces/lib/python3.8/site-packages:${PYTHONPATH} /usr/bin/cmake --build /home/ibyou/Desktop/Embedded_System/Embedded-Systems_MiniProject2022/package_ROS2/robotis_ws/build/dynamixel_sdk_examples -- -j12 -l12
[0.017s] CMake Error: The current CMakeCache.txt directory /home/ibyou/Desktop/Embedded_System/Embedded-Systems_MiniProject2022/package_ROS2/robotis_ws/build/dynamixel_sdk_examples/CMakeCache.txt is different than the directory /home/ibyou/robotis_ws/build/dynamixel_sdk_examples where CMakeCache.txt was created. This may result in binaries being created in the wrong place. If you are not sure, reedit the CMakeCache.txt
[0.048s] [35m[1mScanning dependencies of target read_write_node[0m
[0.073s] [ 50%] [32mBuilding CXX object CMakeFiles/read_write_node.dir/src/read_write_node.cpp.o[0m
[4.094s] [100%] [32m[1mLinking CXX executable read_write_node[0m
[4.313s] [100%] Built target read_write_node
[4.324s] Invoked command in '/home/ibyou/Desktop/Embedded_System/Embedded-Systems_MiniProject2022/package_ROS2/robotis_ws/build/dynamixel_sdk_examples' returned '0': AMENT_PREFIX_PATH=/home/ibyou/robotis_ws/install/dynamixel_sdk_custom_interfaces:${AMENT_PREFIX_PATH} CMAKE_PREFIX_PATH=/home/ibyou/Desktop/Embedded_System/Embedded-Systems_MiniProject2022/package_ROS2/robotis_ws/install/dynamixel_sdk_custom_interfaces:/home/ibyou/Desktop/Embedded_System/Embedded-Systems_MiniProject2022/package_ROS2/robotis_ws/install/dynamixel_sdk_examples:/home/ibyou/Desktop/Embedded_System/Embedded-Systems_MiniProject2022/package_ROS2/robotis_ws/install/dynamixel_sdk LD_LIBRARY_PATH=/home/ibyou/robotis_ws/install/dynamixel_sdk_custom_interfaces/lib:${LD_LIBRARY_PATH} PYTHONPATH=/home/ibyou/robotis_ws/install/dynamixel_sdk_custom_interfaces/lib/python3.8/site-packages:${PYTHONPATH} /usr/bin/cmake --build /home/ibyou/Desktop/Embedded_System/Embedded-Systems_MiniProject2022/package_ROS2/robotis_ws/build/dynamixel_sdk_examples -- -j12 -l12
[4.344s] Invoking command in '/home/ibyou/Desktop/Embedded_System/Embedded-Systems_MiniProject2022/package_ROS2/robotis_ws/build/dynamixel_sdk_examples': AMENT_PREFIX_PATH=/home/ibyou/robotis_ws/install/dynamixel_sdk_custom_interfaces:${AMENT_PREFIX_PATH} CMAKE_PREFIX_PATH=/home/ibyou/Desktop/Embedded_System/Embedded-Systems_MiniProject2022/package_ROS2/robotis_ws/install/dynamixel_sdk_custom_interfaces:/home/ibyou/Desktop/Embedded_System/Embedded-Systems_MiniProject2022/package_ROS2/robotis_ws/install/dynamixel_sdk_examples:/home/ibyou/Desktop/Embedded_System/Embedded-Systems_MiniProject2022/package_ROS2/robotis_ws/install/dynamixel_sdk LD_LIBRARY_PATH=/home/ibyou/robotis_ws/install/dynamixel_sdk_custom_interfaces/lib:${LD_LIBRARY_PATH} PYTHONPATH=/home/ibyou/robotis_ws/install/dynamixel_sdk_custom_interfaces/lib/python3.8/site-packages:${PYTHONPATH} /usr/bin/cmake --install /home/ibyou/Desktop/Embedded_System/Embedded-Systems_MiniProject2022/package_ROS2/robotis_ws/build/dynamixel_sdk_examples
[4.352s] -- Install configuration: ""
[4.352s] -- Execute custom install script
[4.352s] -- Up-to-date symlink: /home/ibyou/robotis_ws/install/dynamixel_sdk_examples/lib/dynamixel_sdk_examples/read_write_node
[4.353s] -- Up-to-date symlink: /home/ibyou/robotis_ws/install/dynamixel_sdk_examples/share/ament_index/resource_index/package_run_dependencies/dynamixel_sdk_examples
[4.353s] -- Up-to-date symlink: /home/ibyou/robotis_ws/install/dynamixel_sdk_examples/share/ament_index/resource_index/parent_prefix_path/dynamixel_sdk_examples
[4.353s] -- Up-to-date symlink: /home/ibyou/robotis_ws/install/dynamixel_sdk_examples/share/dynamixel_sdk_examples/environment/ament_prefix_path.sh
[4.354s] -- Up-to-date symlink: /home/ibyou/robotis_ws/install/dynamixel_sdk_examples/share/dynamixel_sdk_examples/environment/ament_prefix_path.dsv
[4.354s] -- Up-to-date symlink: /home/ibyou/robotis_ws/install/dynamixel_sdk_examples/share/dynamixel_sdk_examples/environment/path.sh
[4.354s] -- Up-to-date symlink: /home/ibyou/robotis_ws/install/dynamixel_sdk_examples/share/dynamixel_sdk_examples/environment/path.dsv
[4.355s] -- Up-to-date symlink: /home/ibyou/robotis_ws/install/dynamixel_sdk_examples/share/dynamixel_sdk_examples/local_setup.bash
[4.355s] -- Up-to-date symlink: /home/ibyou/robotis_ws/install/dynamixel_sdk_examples/share/dynamixel_sdk_examples/local_setup.sh
[4.355s] -- Up-to-date symlink: /home/ibyou/robotis_ws/install/dynamixel_sdk_examples/share/dynamixel_sdk_examples/local_setup.zsh
[4.355s] -- Up-to-date symlink: /home/ibyou/robotis_ws/install/dynamixel_sdk_examples/share/dynamixel_sdk_examples/local_setup.dsv
[4.355s] -- Symlinking: /home/ibyou/robotis_ws/install/dynamixel_sdk_examples/share/dynamixel_sdk_examples/package.dsv
[4.364s] -- Up-to-date symlink: /home/ibyou/robotis_ws/install/dynamixel_sdk_examples/share/ament_index/resource_index/packages/dynamixel_sdk_examples
[4.364s] -- Up-to-date symlink: /home/ibyou/robotis_ws/install/dynamixel_sdk_examples/share/dynamixel_sdk_examples/cmake/dynamixel_sdk_examplesConfig.cmake
[4.364s] -- Up-to-date symlink: /home/ibyou/robotis_ws/install/dynamixel_sdk_examples/share/dynamixel_sdk_examples/cmake/dynamixel_sdk_examplesConfig-version.cmake
[4.365s] -- Up-to-date symlink: /home/ibyou/robotis_ws/install/dynamixel_sdk_examples/share/dynamixel_sdk_examples/package.xml
[4.371s] Invoked command in '/home/ibyou/Desktop/Embedded_System/Embedded-Systems_MiniProject2022/package_ROS2/robotis_ws/build/dynamixel_sdk_examples' returned '0': AMENT_PREFIX_PATH=/home/ibyou/robotis_ws/install/dynamixel_sdk_custom_interfaces:${AMENT_PREFIX_PATH} CMAKE_PREFIX_PATH=/home/ibyou/Desktop/Embedded_System/Embedded-Systems_MiniProject2022/package_ROS2/robotis_ws/install/dynamixel_sdk_custom_interfaces:/home/ibyou/Desktop/Embedded_System/Embedded-Systems_MiniProject2022/package_ROS2/robotis_ws/install/dynamixel_sdk_examples:/home/ibyou/Desktop/Embedded_System/Embedded-Systems_MiniProject2022/package_ROS2/robotis_ws/install/dynamixel_sdk LD_LIBRARY_PATH=/home/ibyou/robotis_ws/install/dynamixel_sdk_custom_interfaces/lib:${LD_LIBRARY_PATH} PYTHONPATH=/home/ibyou/robotis_ws/install/dynamixel_sdk_custom_interfaces/lib/python3.8/site-packages:${PYTHONPATH} /usr/bin/cmake --install /home/ibyou/Desktop/Embedded_System/Embedded-Systems_MiniProject2022/package_ROS2/robotis_ws/build/dynamixel_sdk_examples
