[0.016s] Invoking command in '/home/ibyou/Desktop/Embedded_System/Embedded-Systems_MiniProject2022/package_ROS2/robotis_ws/build/dynamixel_sdk_custom_interfaces': /usr/bin/cmake --build /home/ibyou/Desktop/Embedded_System/Embedded-Systems_MiniProject2022/package_ROS2/robotis_ws/build/dynamixel_sdk_custom_interfaces -- -j12 -l12
[0.022s] CMake Error: The current CMakeCache.txt directory /home/ibyou/Desktop/Embedded_System/Embedded-Systems_MiniProject2022/package_ROS2/robotis_ws/build/dynamixel_sdk_custom_interfaces/CMakeCache.txt is different than the directory /home/Desktop/Embedded_System/Embedded-Systems_MiniProject2022/package_ROS2/robotis_ws/build/dynamixel_sdk_custom_interfaces where CMakeCache.txt was created. This may result in binaries being created in the wrong place. If you are not sure, reedit the CMakeCache.txt
[0.076s] -- The C compiler identification is GNU 9.4.0
[0.123s] -- The CXX compiler identification is GNU 9.4.0
[0.127s] -- Check for working C compiler: /usr/bin/cc
[0.189s] -- Check for working C compiler: /usr/bin/cc -- works
[0.190s] -- Detecting C compiler ABI info
[0.260s] -- Detecting C compiler ABI info - done
[0.273s] -- Detecting C compile features
[0.273s] -- Detecting C compile features - done
[0.276s] -- Check for working CXX compiler: /usr/bin/c++
[0.346s] -- Check for working CXX compiler: /usr/bin/c++ -- works
[0.348s] -- Detecting CXX compiler ABI info
[0.420s] -- Detecting CXX compiler ABI info - done
[0.438s] -- Detecting CXX compile features
[0.439s] -- Detecting CXX compile features - done
[0.448s] CMake Error at CMakeLists.txt:19 (find_package):
[0.448s]   By not providing "Findament_cmake.cmake" in CMAKE_MODULE_PATH this project
[0.448s]   has asked CMake to find a package configuration file provided by
[0.448s]   "ament_cmake", but CMake did not find one.
[0.448s] 
[0.448s]   Could not find a package configuration file provided by "ament_cmake" with
[0.448s]   any of the following names:
[0.449s] 
[0.449s]     ament_cmakeConfig.cmake
[0.449s]     ament_cmake-config.cmake
[0.449s] 
[0.449s]   Add the installation prefix of "ament_cmake" to CMAKE_PREFIX_PATH or set
[0.449s]   "ament_cmake_DIR" to a directory containing one of the above files.  If
[0.449s]   "ament_cmake" provides a separate development package or SDK, be sure it
[0.449s]   has been installed.
[0.449s] 
[0.449s] 
[0.449s] -- Configuring incomplete, errors occurred!
[0.449s] See also "/home/ibyou/robotis_ws/build/dynamixel_sdk_custom_interfaces/CMakeFiles/CMakeOutput.log".
[0.452s] make: *** [Makefile:988: cmake_check_build_system] Error 1
[0.454s] Invoked command in '/home/ibyou/Desktop/Embedded_System/Embedded-Systems_MiniProject2022/package_ROS2/robotis_ws/build/dynamixel_sdk_custom_interfaces' returned '2': /usr/bin/cmake --build /home/ibyou/Desktop/Embedded_System/Embedded-Systems_MiniProject2022/package_ROS2/robotis_ws/build/dynamixel_sdk_custom_interfaces -- -j12 -l12
