[0.144s] DEBUG:colcon:Command line arguments: ['/usr/bin/colcon', 'build', '--symlink-install']
[0.144s] DEBUG:colcon:Parsed command line arguments: Namespace(allow_overriding=[], ament_cmake_args=None, base_paths=['.'], build_base='build', catkin_cmake_args=None, catkin_skip_building_tests=False, cmake_args=None, cmake_clean_cache=False, cmake_clean_first=False, cmake_force_configure=False, cmake_target=None, cmake_target_skip_unavailable=False, continue_on_error=False, event_handlers=None, executor='parallel', ignore_user_meta=False, install_base='install', log_base=None, log_level=None, main=<bound method BuildVerb.main of <colcon_core.verb.build.BuildVerb object at 0x7f76b6259df0>>, merge_install=False, metas=['./colcon.meta'], packages_above=None, packages_above_and_dependencies=None, packages_above_depth=None, packages_end=None, packages_ignore=None, packages_ignore_regex=None, packages_select=None, packages_select_build_failed=False, packages_select_by_dep=None, packages_select_regex=None, packages_select_test_failures=False, packages_skip=None, packages_skip_build_finished=False, packages_skip_by_dep=None, packages_skip_regex=None, packages_skip_test_passed=False, packages_skip_up_to=None, packages_start=None, packages_up_to=None, packages_up_to_regex=None, parallel_workers=12, paths=None, symlink_install=True, test_result_base=None, verb_extension=<colcon_core.verb.build.BuildVerb object at 0x7f76b6259df0>, verb_name='build', verb_parser=<colcon_defaults.argument_parser.defaults.DefaultArgumentsDecorator object at 0x7f76b61e23a0>)
[0.165s] Level 1:colcon.colcon_core.package_discovery:discover_packages(colcon_meta) check parameters
[0.166s] Level 1:colcon.colcon_core.package_discovery:discover_packages(recursive) check parameters
[0.166s] Level 1:colcon.colcon_core.package_discovery:discover_packages(ignore) check parameters
[0.166s] Level 1:colcon.colcon_core.package_discovery:discover_packages(path) check parameters
[0.166s] Level 1:colcon.colcon_core.package_discovery:discover_packages(colcon_meta) discover
[0.166s] Level 1:colcon.colcon_core.package_discovery:discover_packages(recursive) discover
[0.166s] INFO:colcon.colcon_core.package_discovery:Crawling recursively for packages in '/home/ibyou/Desktop/Embedded_System/Embedded-Systems_MiniProject2022/package_ROS2/robotis_ws'
[0.166s] Level 1:colcon.colcon_core.package_identification:_identify(.) by extensions ['ignore', 'ignore_ament_install']
[0.166s] Level 1:colcon.colcon_core.package_identification:_identify(.) by extension 'ignore'
[0.166s] Level 1:colcon.colcon_core.package_identification:_identify(.) by extension 'ignore_ament_install'
[0.166s] Level 1:colcon.colcon_core.package_identification:_identify(.) by extensions ['colcon_pkg']
[0.166s] Level 1:colcon.colcon_core.package_identification:_identify(.) by extension 'colcon_pkg'
[0.166s] Level 1:colcon.colcon_core.package_identification:_identify(.) by extensions ['colcon_meta']
[0.166s] Level 1:colcon.colcon_core.package_identification:_identify(.) by extension 'colcon_meta'
[0.166s] Level 1:colcon.colcon_core.package_identification:_identify(.) by extensions ['ros']
[0.167s] Level 1:colcon.colcon_core.package_identification:_identify(.) by extension 'ros'
[0.189s] Level 1:colcon.colcon_core.package_identification:_identify(.) by extensions ['cmake', 'python']
[0.189s] Level 1:colcon.colcon_core.package_identification:_identify(.) by extension 'cmake'
[0.189s] Level 1:colcon.colcon_core.package_identification:_identify(.) by extension 'python'
[0.189s] Level 1:colcon.colcon_core.package_identification:_identify(.) by extensions ['python_setup_py']
[0.189s] Level 1:colcon.colcon_core.package_identification:_identify(.) by extension 'python_setup_py'
[0.189s] Level 1:colcon.colcon_core.package_identification:_identify(build) by extensions ['ignore', 'ignore_ament_install']
[0.189s] Level 1:colcon.colcon_core.package_identification:_identify(build) by extension 'ignore'
[0.189s] Level 1:colcon.colcon_core.package_identification:_identify(build) ignored
[0.189s] Level 1:colcon.colcon_core.package_identification:_identify(install) by extensions ['ignore', 'ignore_ament_install']
[0.190s] Level 1:colcon.colcon_core.package_identification:_identify(install) by extension 'ignore'
[0.190s] Level 1:colcon.colcon_core.package_identification:_identify(install) ignored
[0.190s] Level 1:colcon.colcon_core.package_identification:_identify(log) by extensions ['ignore', 'ignore_ament_install']
[0.190s] Level 1:colcon.colcon_core.package_identification:_identify(log) by extension 'ignore'
[0.190s] Level 1:colcon.colcon_core.package_identification:_identify(log) ignored
[0.190s] Level 1:colcon.colcon_core.package_identification:_identify(src) by extensions ['ignore', 'ignore_ament_install']
[0.190s] Level 1:colcon.colcon_core.package_identification:_identify(src) by extension 'ignore'
[0.190s] Level 1:colcon.colcon_core.package_identification:_identify(src) by extension 'ignore_ament_install'
[0.190s] Level 1:colcon.colcon_core.package_identification:_identify(src) by extensions ['colcon_pkg']
[0.190s] Level 1:colcon.colcon_core.package_identification:_identify(src) by extension 'colcon_pkg'
[0.190s] Level 1:colcon.colcon_core.package_identification:_identify(src) by extensions ['colcon_meta']
[0.190s] Level 1:colcon.colcon_core.package_identification:_identify(src) by extension 'colcon_meta'
[0.190s] Level 1:colcon.colcon_core.package_identification:_identify(src) by extensions ['ros']
[0.190s] Level 1:colcon.colcon_core.package_identification:_identify(src) by extension 'ros'
[0.190s] Level 1:colcon.colcon_core.package_identification:_identify(src) by extensions ['cmake', 'python']
[0.190s] Level 1:colcon.colcon_core.package_identification:_identify(src) by extension 'cmake'
[0.190s] Level 1:colcon.colcon_core.package_identification:_identify(src) by extension 'python'
[0.190s] Level 1:colcon.colcon_core.package_identification:_identify(src) by extensions ['python_setup_py']
[0.190s] Level 1:colcon.colcon_core.package_identification:_identify(src) by extension 'python_setup_py'
[0.191s] Level 1:colcon.colcon_core.package_identification:_identify(src/DynamixelSDK) by extensions ['ignore', 'ignore_ament_install']
[0.191s] Level 1:colcon.colcon_core.package_identification:_identify(src/DynamixelSDK) by extension 'ignore'
[0.191s] Level 1:colcon.colcon_core.package_identification:_identify(src/DynamixelSDK) by extension 'ignore_ament_install'
[0.191s] Level 1:colcon.colcon_core.package_identification:_identify(src/DynamixelSDK) by extensions ['colcon_pkg']
[0.191s] Level 1:colcon.colcon_core.package_identification:_identify(src/DynamixelSDK) by extension 'colcon_pkg'
[0.191s] Level 1:colcon.colcon_core.package_identification:_identify(src/DynamixelSDK) by extensions ['colcon_meta']
[0.191s] Level 1:colcon.colcon_core.package_identification:_identify(src/DynamixelSDK) by extension 'colcon_meta'
[0.191s] Level 1:colcon.colcon_core.package_identification:_identify(src/DynamixelSDK) by extensions ['ros']
[0.191s] Level 1:colcon.colcon_core.package_identification:_identify(src/DynamixelSDK) by extension 'ros'
[0.191s] Level 1:colcon.colcon_core.package_identification:_identify(src/DynamixelSDK) by extensions ['cmake', 'python']
[0.191s] Level 1:colcon.colcon_core.package_identification:_identify(src/DynamixelSDK) by extension 'cmake'
[0.191s] Level 1:colcon.colcon_core.package_identification:_identify(src/DynamixelSDK) by extension 'python'
[0.191s] Level 1:colcon.colcon_core.package_identification:_identify(src/DynamixelSDK) by extensions ['python_setup_py']
[0.191s] Level 1:colcon.colcon_core.package_identification:_identify(src/DynamixelSDK) by extension 'python_setup_py'
[0.191s] Level 1:colcon.colcon_core.package_identification:_identify(src/DynamixelSDK/dynamixel_sdk_custom_interfaces) by extensions ['ignore', 'ignore_ament_install']
[0.191s] Level 1:colcon.colcon_core.package_identification:_identify(src/DynamixelSDK/dynamixel_sdk_custom_interfaces) by extension 'ignore'
[0.191s] Level 1:colcon.colcon_core.package_identification:_identify(src/DynamixelSDK/dynamixel_sdk_custom_interfaces) by extension 'ignore_ament_install'
[0.191s] Level 1:colcon.colcon_core.package_identification:_identify(src/DynamixelSDK/dynamixel_sdk_custom_interfaces) by extensions ['colcon_pkg']
[0.191s] Level 1:colcon.colcon_core.package_identification:_identify(src/DynamixelSDK/dynamixel_sdk_custom_interfaces) by extension 'colcon_pkg'
[0.192s] Level 1:colcon.colcon_core.package_identification:_identify(src/DynamixelSDK/dynamixel_sdk_custom_interfaces) by extensions ['colcon_meta']
[0.192s] Level 1:colcon.colcon_core.package_identification:_identify(src/DynamixelSDK/dynamixel_sdk_custom_interfaces) by extension 'colcon_meta'
[0.192s] Level 1:colcon.colcon_core.package_identification:_identify(src/DynamixelSDK/dynamixel_sdk_custom_interfaces) by extensions ['ros']
[0.192s] Level 1:colcon.colcon_core.package_identification:_identify(src/DynamixelSDK/dynamixel_sdk_custom_interfaces) by extension 'ros'
[0.194s] DEBUG:colcon.colcon_core.package_identification:Package 'src/DynamixelSDK/dynamixel_sdk_custom_interfaces' with type 'ros.ament_cmake' and name 'dynamixel_sdk_custom_interfaces'
[0.194s] Level 1:colcon.colcon_core.package_identification:_identify(src/DynamixelSDK/dynamixel_sdk_examples) by extensions ['ignore', 'ignore_ament_install']
[0.194s] Level 1:colcon.colcon_core.package_identification:_identify(src/DynamixelSDK/dynamixel_sdk_examples) by extension 'ignore'
[0.194s] Level 1:colcon.colcon_core.package_identification:_identify(src/DynamixelSDK/dynamixel_sdk_examples) by extension 'ignore_ament_install'
[0.194s] Level 1:colcon.colcon_core.package_identification:_identify(src/DynamixelSDK/dynamixel_sdk_examples) by extensions ['colcon_pkg']
[0.194s] Level 1:colcon.colcon_core.package_identification:_identify(src/DynamixelSDK/dynamixel_sdk_examples) by extension 'colcon_pkg'
[0.194s] Level 1:colcon.colcon_core.package_identification:_identify(src/DynamixelSDK/dynamixel_sdk_examples) by extensions ['colcon_meta']
[0.194s] Level 1:colcon.colcon_core.package_identification:_identify(src/DynamixelSDK/dynamixel_sdk_examples) by extension 'colcon_meta'
[0.194s] Level 1:colcon.colcon_core.package_identification:_identify(src/DynamixelSDK/dynamixel_sdk_examples) by extensions ['ros']
[0.194s] Level 1:colcon.colcon_core.package_identification:_identify(src/DynamixelSDK/dynamixel_sdk_examples) by extension 'ros'
[0.195s] DEBUG:colcon.colcon_core.package_identification:Package 'src/DynamixelSDK/dynamixel_sdk_examples' with type 'ros.ament_cmake' and name 'dynamixel_sdk_examples'
[0.195s] Level 1:colcon.colcon_core.package_discovery:discover_packages(recursive) using defaults
[0.195s] Level 1:colcon.colcon_core.package_discovery:discover_packages(ignore) discover
[0.195s] Level 1:colcon.colcon_core.package_discovery:discover_packages(ignore) using defaults
[0.195s] Level 1:colcon.colcon_core.package_discovery:discover_packages(path) discover
[0.195s] Level 1:colcon.colcon_core.package_discovery:discover_packages(path) using defaults
[0.215s] Level 1:colcon.colcon_core.package_discovery:discover_packages(prefix_path) check parameters
[0.215s] Level 1:colcon.colcon_core.package_discovery:discover_packages(prefix_path) discover
[0.218s] DEBUG:colcon.colcon_installed_package_information.package_discovery:Found 3 installed packages in /home/ibyou/Desktop/Embedded_System/Embedded-Systems_MiniProject2022/package_ROS2/robotis_ws/install
[0.218s] Level 1:colcon.colcon_core.package_discovery:discover_packages(prefix_path) using defaults
[0.221s] Level 5:colcon.colcon_core.verb:set package 'dynamixel_sdk_custom_interfaces' build argument 'cmake_args' from command line to 'None'
[0.221s] Level 5:colcon.colcon_core.verb:set package 'dynamixel_sdk_custom_interfaces' build argument 'cmake_target' from command line to 'None'
[0.221s] Level 5:colcon.colcon_core.verb:set package 'dynamixel_sdk_custom_interfaces' build argument 'cmake_target_skip_unavailable' from command line to 'False'
[0.221s] Level 5:colcon.colcon_core.verb:set package 'dynamixel_sdk_custom_interfaces' build argument 'cmake_clean_cache' from command line to 'False'
[0.221s] Level 5:colcon.colcon_core.verb:set package 'dynamixel_sdk_custom_interfaces' build argument 'cmake_clean_first' from command line to 'False'
[0.221s] Level 5:colcon.colcon_core.verb:set package 'dynamixel_sdk_custom_interfaces' build argument 'cmake_force_configure' from command line to 'False'
[0.221s] Level 5:colcon.colcon_core.verb:set package 'dynamixel_sdk_custom_interfaces' build argument 'ament_cmake_args' from command line to 'None'
[0.221s] Level 5:colcon.colcon_core.verb:set package 'dynamixel_sdk_custom_interfaces' build argument 'catkin_cmake_args' from command line to 'None'
[0.221s] Level 5:colcon.colcon_core.verb:set package 'dynamixel_sdk_custom_interfaces' build argument 'catkin_skip_building_tests' from command line to 'False'
[0.221s] DEBUG:colcon.colcon_core.verb:Building package 'dynamixel_sdk_custom_interfaces' with the following arguments: {'ament_cmake_args': None, 'build_base': '/home/ibyou/Desktop/Embedded_System/Embedded-Systems_MiniProject2022/package_ROS2/robotis_ws/build/dynamixel_sdk_custom_interfaces', 'catkin_cmake_args': None, 'catkin_skip_building_tests': False, 'cmake_args': None, 'cmake_clean_cache': False, 'cmake_clean_first': False, 'cmake_force_configure': False, 'cmake_target': None, 'cmake_target_skip_unavailable': False, 'install_base': '/home/ibyou/Desktop/Embedded_System/Embedded-Systems_MiniProject2022/package_ROS2/robotis_ws/install/dynamixel_sdk_custom_interfaces', 'merge_install': False, 'path': '/home/ibyou/Desktop/Embedded_System/Embedded-Systems_MiniProject2022/package_ROS2/robotis_ws/src/DynamixelSDK/dynamixel_sdk_custom_interfaces', 'symlink_install': True, 'test_result_base': None}
[0.223s] Level 5:colcon.colcon_core.verb:set package 'dynamixel_sdk_examples' build argument 'cmake_args' from command line to 'None'
[0.223s] Level 5:colcon.colcon_core.verb:set package 'dynamixel_sdk_examples' build argument 'cmake_target' from command line to 'None'
[0.223s] Level 5:colcon.colcon_core.verb:set package 'dynamixel_sdk_examples' build argument 'cmake_target_skip_unavailable' from command line to 'False'
[0.223s] Level 5:colcon.colcon_core.verb:set package 'dynamixel_sdk_examples' build argument 'cmake_clean_cache' from command line to 'False'
[0.223s] Level 5:colcon.colcon_core.verb:set package 'dynamixel_sdk_examples' build argument 'cmake_clean_first' from command line to 'False'
[0.223s] Level 5:colcon.colcon_core.verb:set package 'dynamixel_sdk_examples' build argument 'cmake_force_configure' from command line to 'False'
[0.223s] Level 5:colcon.colcon_core.verb:set package 'dynamixel_sdk_examples' build argument 'ament_cmake_args' from command line to 'None'
[0.223s] Level 5:colcon.colcon_core.verb:set package 'dynamixel_sdk_examples' build argument 'catkin_cmake_args' from command line to 'None'
[0.223s] Level 5:colcon.colcon_core.verb:set package 'dynamixel_sdk_examples' build argument 'catkin_skip_building_tests' from command line to 'False'
[0.223s] DEBUG:colcon.colcon_core.verb:Building package 'dynamixel_sdk_examples' with the following arguments: {'ament_cmake_args': None, 'build_base': '/home/ibyou/Desktop/Embedded_System/Embedded-Systems_MiniProject2022/package_ROS2/robotis_ws/build/dynamixel_sdk_examples', 'catkin_cmake_args': None, 'catkin_skip_building_tests': False, 'cmake_args': None, 'cmake_clean_cache': False, 'cmake_clean_first': False, 'cmake_force_configure': False, 'cmake_target': None, 'cmake_target_skip_unavailable': False, 'install_base': '/home/ibyou/Desktop/Embedded_System/Embedded-Systems_MiniProject2022/package_ROS2/robotis_ws/install/dynamixel_sdk_examples', 'merge_install': False, 'path': '/home/ibyou/Desktop/Embedded_System/Embedded-Systems_MiniProject2022/package_ROS2/robotis_ws/src/DynamixelSDK/dynamixel_sdk_examples', 'symlink_install': True, 'test_result_base': None}
[0.224s] INFO:colcon.colcon_core.executor:Executing jobs using 'parallel' executor
[0.230s] DEBUG:colcon.colcon_parallel_executor.executor.parallel:run_until_complete
[0.230s] INFO:colcon.colcon_ros.task.ament_cmake.build:Building ROS package in '/home/ibyou/Desktop/Embedded_System/Embedded-Systems_MiniProject2022/package_ROS2/robotis_ws/src/DynamixelSDK/dynamixel_sdk_custom_interfaces' with build type 'ament_cmake'
[0.230s] INFO:colcon.colcon_cmake.task.cmake.build:Building CMake package in '/home/ibyou/Desktop/Embedded_System/Embedded-Systems_MiniProject2022/package_ROS2/robotis_ws/src/DynamixelSDK/dynamixel_sdk_custom_interfaces'
[0.235s] INFO:colcon.colcon_core.plugin_system:Skipping extension 'colcon_core.shell.bat': Not used on non-Windows systems
[0.235s] INFO:colcon.colcon_core.shell:Skip shell extension 'powershell' for command environment: Not usable outside of PowerShell
[0.235s] DEBUG:colcon.colcon_core.shell:Skip shell extension 'dsv' for command environment
[0.248s] DEBUG:colcon.colcon_core.event_handler.log_command:Invoking command in '/home/ibyou/Desktop/Embedded_System/Embedded-Systems_MiniProject2022/package_ROS2/robotis_ws/build/dynamixel_sdk_custom_interfaces': /usr/bin/cmake --build /home/ibyou/Desktop/Embedded_System/Embedded-Systems_MiniProject2022/package_ROS2/robotis_ws/build/dynamixel_sdk_custom_interfaces -- -j12 -l12
[0.428s] DEBUG:colcon.colcon_core.event_handler.log_command:Invoked command in '/home/ibyou/Desktop/Embedded_System/Embedded-Systems_MiniProject2022/package_ROS2/robotis_ws/build/dynamixel_sdk_custom_interfaces' returned '0': /usr/bin/cmake --build /home/ibyou/Desktop/Embedded_System/Embedded-Systems_MiniProject2022/package_ROS2/robotis_ws/build/dynamixel_sdk_custom_interfaces -- -j12 -l12
[0.490s] DEBUG:colcon.colcon_core.event_handler.log_command:Invoking command in '/home/ibyou/Desktop/Embedded_System/Embedded-Systems_MiniProject2022/package_ROS2/robotis_ws/build/dynamixel_sdk_custom_interfaces': /usr/bin/cmake --install /home/ibyou/Desktop/Embedded_System/Embedded-Systems_MiniProject2022/package_ROS2/robotis_ws/build/dynamixel_sdk_custom_interfaces
[0.557s] Level 1:colcon.colcon_core.environment:create_environment_scripts_only(dynamixel_sdk_custom_interfaces)
[0.557s] DEBUG:colcon.colcon_core.event_handler.log_command:Invoked command in '/home/ibyou/Desktop/Embedded_System/Embedded-Systems_MiniProject2022/package_ROS2/robotis_ws/build/dynamixel_sdk_custom_interfaces' returned '0': /usr/bin/cmake --install /home/ibyou/Desktop/Embedded_System/Embedded-Systems_MiniProject2022/package_ROS2/robotis_ws/build/dynamixel_sdk_custom_interfaces
[0.565s] Level 1:colcon.colcon_core.environment:checking '/home/ibyou/Desktop/Embedded_System/Embedded-Systems_MiniProject2022/package_ROS2/robotis_ws/install/dynamixel_sdk_custom_interfaces' for CMake module files
[0.565s] Level 1:colcon.colcon_core.environment:checking '/home/ibyou/Desktop/Embedded_System/Embedded-Systems_MiniProject2022/package_ROS2/robotis_ws/install/dynamixel_sdk_custom_interfaces' for CMake config files
[0.566s] Level 1:colcon.colcon_core.shell:create_environment_hook('dynamixel_sdk_custom_interfaces', 'cmake_prefix_path')
[0.569s] INFO:colcon.colcon_core.shell:Creating environment hook '/home/ibyou/Desktop/Embedded_System/Embedded-Systems_MiniProject2022/package_ROS2/robotis_ws/install/dynamixel_sdk_custom_interfaces/share/dynamixel_sdk_custom_interfaces/hook/cmake_prefix_path.ps1'
[0.569s] INFO:colcon.colcon_core.shell:Creating environment descriptor '/home/ibyou/Desktop/Embedded_System/Embedded-Systems_MiniProject2022/package_ROS2/robotis_ws/install/dynamixel_sdk_custom_interfaces/share/dynamixel_sdk_custom_interfaces/hook/cmake_prefix_path.dsv'
[0.570s] INFO:colcon.colcon_core.shell:Creating environment hook '/home/ibyou/Desktop/Embedded_System/Embedded-Systems_MiniProject2022/package_ROS2/robotis_ws/install/dynamixel_sdk_custom_interfaces/share/dynamixel_sdk_custom_interfaces/hook/cmake_prefix_path.sh'
[0.571s] Level 1:colcon.colcon_core.environment:checking '/home/ibyou/Desktop/Embedded_System/Embedded-Systems_MiniProject2022/package_ROS2/robotis_ws/install/dynamixel_sdk_custom_interfaces/lib'
[0.571s] Level 1:colcon.colcon_core.shell:create_environment_hook('dynamixel_sdk_custom_interfaces', 'ld_library_path_lib')
[0.573s] INFO:colcon.colcon_core.shell:Creating environment hook '/home/ibyou/Desktop/Embedded_System/Embedded-Systems_MiniProject2022/package_ROS2/robotis_ws/install/dynamixel_sdk_custom_interfaces/share/dynamixel_sdk_custom_interfaces/hook/ld_library_path_lib.ps1'
[0.574s] INFO:colcon.colcon_core.shell:Creating environment descriptor '/home/ibyou/Desktop/Embedded_System/Embedded-Systems_MiniProject2022/package_ROS2/robotis_ws/install/dynamixel_sdk_custom_interfaces/share/dynamixel_sdk_custom_interfaces/hook/ld_library_path_lib.dsv'
[0.574s] INFO:colcon.colcon_core.shell:Creating environment hook '/home/ibyou/Desktop/Embedded_System/Embedded-Systems_MiniProject2022/package_ROS2/robotis_ws/install/dynamixel_sdk_custom_interfaces/share/dynamixel_sdk_custom_interfaces/hook/ld_library_path_lib.sh'
[0.574s] Level 1:colcon.colcon_core.environment:checking '/home/ibyou/Desktop/Embedded_System/Embedded-Systems_MiniProject2022/package_ROS2/robotis_ws/install/dynamixel_sdk_custom_interfaces/bin'
[0.574s] Level 1:colcon.colcon_core.environment:checking '/home/ibyou/Desktop/Embedded_System/Embedded-Systems_MiniProject2022/package_ROS2/robotis_ws/install/dynamixel_sdk_custom_interfaces/lib/pkgconfig/dynamixel_sdk_custom_interfaces.pc'
[0.575s] Level 1:colcon.colcon_core.environment:checking '/home/ibyou/Desktop/Embedded_System/Embedded-Systems_MiniProject2022/package_ROS2/robotis_ws/install/dynamixel_sdk_custom_interfaces/lib/python3.8/site-packages'
[0.575s] Level 1:colcon.colcon_core.shell:create_environment_hook('dynamixel_sdk_custom_interfaces', 'pythonpath')
[0.577s] INFO:colcon.colcon_core.shell:Creating environment hook '/home/ibyou/Desktop/Embedded_System/Embedded-Systems_MiniProject2022/package_ROS2/robotis_ws/install/dynamixel_sdk_custom_interfaces/share/dynamixel_sdk_custom_interfaces/hook/pythonpath.ps1'
[0.578s] INFO:colcon.colcon_core.shell:Creating environment descriptor '/home/ibyou/Desktop/Embedded_System/Embedded-Systems_MiniProject2022/package_ROS2/robotis_ws/install/dynamixel_sdk_custom_interfaces/share/dynamixel_sdk_custom_interfaces/hook/pythonpath.dsv'
[0.578s] INFO:colcon.colcon_core.shell:Creating environment hook '/home/ibyou/Desktop/Embedded_System/Embedded-Systems_MiniProject2022/package_ROS2/robotis_ws/install/dynamixel_sdk_custom_interfaces/share/dynamixel_sdk_custom_interfaces/hook/pythonpath.sh'
[0.578s] Level 1:colcon.colcon_core.environment:checking '/home/ibyou/Desktop/Embedded_System/Embedded-Systems_MiniProject2022/package_ROS2/robotis_ws/install/dynamixel_sdk_custom_interfaces/bin'
[0.581s] INFO:colcon.colcon_core.shell:Creating package script '/home/ibyou/Desktop/Embedded_System/Embedded-Systems_MiniProject2022/package_ROS2/robotis_ws/install/dynamixel_sdk_custom_interfaces/share/dynamixel_sdk_custom_interfaces/package.ps1'
[0.582s] INFO:colcon.colcon_core.shell:Creating package descriptor '/home/ibyou/Desktop/Embedded_System/Embedded-Systems_MiniProject2022/package_ROS2/robotis_ws/install/dynamixel_sdk_custom_interfaces/share/dynamixel_sdk_custom_interfaces/package.dsv'
[0.582s] INFO:colcon.colcon_core.shell:Creating package script '/home/ibyou/Desktop/Embedded_System/Embedded-Systems_MiniProject2022/package_ROS2/robotis_ws/install/dynamixel_sdk_custom_interfaces/share/dynamixel_sdk_custom_interfaces/package.sh'
[0.583s] INFO:colcon.colcon_core.shell:Creating package script '/home/ibyou/Desktop/Embedded_System/Embedded-Systems_MiniProject2022/package_ROS2/robotis_ws/install/dynamixel_sdk_custom_interfaces/share/dynamixel_sdk_custom_interfaces/package.bash'
[0.583s] INFO:colcon.colcon_core.shell:Creating package script '/home/ibyou/Desktop/Embedded_System/Embedded-Systems_MiniProject2022/package_ROS2/robotis_ws/install/dynamixel_sdk_custom_interfaces/share/dynamixel_sdk_custom_interfaces/package.zsh'
[0.584s] Level 1:colcon.colcon_core.environment:create_file_with_runtime_dependencies(/home/ibyou/Desktop/Embedded_System/Embedded-Systems_MiniProject2022/package_ROS2/robotis_ws/install/dynamixel_sdk_custom_interfaces/share/colcon-core/packages/dynamixel_sdk_custom_interfaces)
[0.636s] Level 1:colcon.colcon_core.environment:create_environment_scripts_only(dynamixel_sdk_custom_interfaces)
[0.640s] Level 1:colcon.colcon_core.environment:checking '/home/ibyou/Desktop/Embedded_System/Embedded-Systems_MiniProject2022/package_ROS2/robotis_ws/install/dynamixel_sdk_custom_interfaces' for CMake module files
[0.641s] Level 1:colcon.colcon_core.environment:checking '/home/ibyou/Desktop/Embedded_System/Embedded-Systems_MiniProject2022/package_ROS2/robotis_ws/install/dynamixel_sdk_custom_interfaces' for CMake config files
[0.641s] Level 1:colcon.colcon_core.shell:create_environment_hook('dynamixel_sdk_custom_interfaces', 'cmake_prefix_path')
[0.644s] INFO:colcon.colcon_core.shell:Creating environment hook '/home/ibyou/Desktop/Embedded_System/Embedded-Systems_MiniProject2022/package_ROS2/robotis_ws/install/dynamixel_sdk_custom_interfaces/share/dynamixel_sdk_custom_interfaces/hook/cmake_prefix_path.ps1'
[0.644s] INFO:colcon.colcon_core.shell:Creating environment descriptor '/home/ibyou/Desktop/Embedded_System/Embedded-Systems_MiniProject2022/package_ROS2/robotis_ws/install/dynamixel_sdk_custom_interfaces/share/dynamixel_sdk_custom_interfaces/hook/cmake_prefix_path.dsv'
[0.645s] INFO:colcon.colcon_core.shell:Creating environment hook '/home/ibyou/Desktop/Embedded_System/Embedded-Systems_MiniProject2022/package_ROS2/robotis_ws/install/dynamixel_sdk_custom_interfaces/share/dynamixel_sdk_custom_interfaces/hook/cmake_prefix_path.sh'
[0.645s] Level 1:colcon.colcon_core.environment:checking '/home/ibyou/Desktop/Embedded_System/Embedded-Systems_MiniProject2022/package_ROS2/robotis_ws/install/dynamixel_sdk_custom_interfaces/lib'
[0.645s] Level 1:colcon.colcon_core.shell:create_environment_hook('dynamixel_sdk_custom_interfaces', 'ld_library_path_lib')
[0.648s] INFO:colcon.colcon_core.shell:Creating environment hook '/home/ibyou/Desktop/Embedded_System/Embedded-Systems_MiniProject2022/package_ROS2/robotis_ws/install/dynamixel_sdk_custom_interfaces/share/dynamixel_sdk_custom_interfaces/hook/ld_library_path_lib.ps1'
[0.648s] INFO:colcon.colcon_core.shell:Creating environment descriptor '/home/ibyou/Desktop/Embedded_System/Embedded-Systems_MiniProject2022/package_ROS2/robotis_ws/install/dynamixel_sdk_custom_interfaces/share/dynamixel_sdk_custom_interfaces/hook/ld_library_path_lib.dsv'
[0.648s] INFO:colcon.colcon_core.shell:Creating environment hook '/home/ibyou/Desktop/Embedded_System/Embedded-Systems_MiniProject2022/package_ROS2/robotis_ws/install/dynamixel_sdk_custom_interfaces/share/dynamixel_sdk_custom_interfaces/hook/ld_library_path_lib.sh'
[0.649s] Level 1:colcon.colcon_core.environment:checking '/home/ibyou/Desktop/Embedded_System/Embedded-Systems_MiniProject2022/package_ROS2/robotis_ws/install/dynamixel_sdk_custom_interfaces/bin'
[0.649s] Level 1:colcon.colcon_core.environment:checking '/home/ibyou/Desktop/Embedded_System/Embedded-Systems_MiniProject2022/package_ROS2/robotis_ws/install/dynamixel_sdk_custom_interfaces/lib/pkgconfig/dynamixel_sdk_custom_interfaces.pc'
[0.649s] Level 1:colcon.colcon_core.environment:checking '/home/ibyou/Desktop/Embedded_System/Embedded-Systems_MiniProject2022/package_ROS2/robotis_ws/install/dynamixel_sdk_custom_interfaces/lib/python3.8/site-packages'
[0.649s] Level 1:colcon.colcon_core.shell:create_environment_hook('dynamixel_sdk_custom_interfaces', 'pythonpath')
[0.651s] INFO:colcon.colcon_core.shell:Creating environment hook '/home/ibyou/Desktop/Embedded_System/Embedded-Systems_MiniProject2022/package_ROS2/robotis_ws/install/dynamixel_sdk_custom_interfaces/share/dynamixel_sdk_custom_interfaces/hook/pythonpath.ps1'
[0.652s] INFO:colcon.colcon_core.shell:Creating environment descriptor '/home/ibyou/Desktop/Embedded_System/Embedded-Systems_MiniProject2022/package_ROS2/robotis_ws/install/dynamixel_sdk_custom_interfaces/share/dynamixel_sdk_custom_interfaces/hook/pythonpath.dsv'
[0.652s] INFO:colcon.colcon_core.shell:Creating environment hook '/home/ibyou/Desktop/Embedded_System/Embedded-Systems_MiniProject2022/package_ROS2/robotis_ws/install/dynamixel_sdk_custom_interfaces/share/dynamixel_sdk_custom_interfaces/hook/pythonpath.sh'
[0.652s] Level 1:colcon.colcon_core.environment:checking '/home/ibyou/Desktop/Embedded_System/Embedded-Systems_MiniProject2022/package_ROS2/robotis_ws/install/dynamixel_sdk_custom_interfaces/bin'
[0.655s] INFO:colcon.colcon_core.shell:Creating package script '/home/ibyou/Desktop/Embedded_System/Embedded-Systems_MiniProject2022/package_ROS2/robotis_ws/install/dynamixel_sdk_custom_interfaces/share/dynamixel_sdk_custom_interfaces/package.ps1'
[0.655s] INFO:colcon.colcon_core.shell:Creating package descriptor '/home/ibyou/Desktop/Embedded_System/Embedded-Systems_MiniProject2022/package_ROS2/robotis_ws/install/dynamixel_sdk_custom_interfaces/share/dynamixel_sdk_custom_interfaces/package.dsv'
[0.656s] INFO:colcon.colcon_core.shell:Creating package script '/home/ibyou/Desktop/Embedded_System/Embedded-Systems_MiniProject2022/package_ROS2/robotis_ws/install/dynamixel_sdk_custom_interfaces/share/dynamixel_sdk_custom_interfaces/package.sh'
[0.656s] INFO:colcon.colcon_core.shell:Creating package script '/home/ibyou/Desktop/Embedded_System/Embedded-Systems_MiniProject2022/package_ROS2/robotis_ws/install/dynamixel_sdk_custom_interfaces/share/dynamixel_sdk_custom_interfaces/package.bash'
[0.657s] INFO:colcon.colcon_core.shell:Creating package script '/home/ibyou/Desktop/Embedded_System/Embedded-Systems_MiniProject2022/package_ROS2/robotis_ws/install/dynamixel_sdk_custom_interfaces/share/dynamixel_sdk_custom_interfaces/package.zsh'
[0.657s] Level 1:colcon.colcon_core.environment:create_file_with_runtime_dependencies(/home/ibyou/Desktop/Embedded_System/Embedded-Systems_MiniProject2022/package_ROS2/robotis_ws/install/dynamixel_sdk_custom_interfaces/share/colcon-core/packages/dynamixel_sdk_custom_interfaces)
[0.657s] INFO:colcon.colcon_ros.task.ament_cmake.build:Building ROS package in '/home/ibyou/Desktop/Embedded_System/Embedded-Systems_MiniProject2022/package_ROS2/robotis_ws/src/DynamixelSDK/dynamixel_sdk_examples' with build type 'ament_cmake'
[0.657s] INFO:colcon.colcon_cmake.task.cmake.build:Building CMake package in '/home/ibyou/Desktop/Embedded_System/Embedded-Systems_MiniProject2022/package_ROS2/robotis_ws/src/DynamixelSDK/dynamixel_sdk_examples'
[0.660s] INFO:colcon.colcon_core.shell:Skip shell extension 'powershell' for command environment: Not usable outside of PowerShell
[0.660s] DEBUG:colcon.colcon_core.shell:Skip shell extension 'dsv' for command environment
[0.672s] DEBUG:colcon.colcon_core.event_handler.log_command:Invoking command in '/home/ibyou/Desktop/Embedded_System/Embedded-Systems_MiniProject2022/package_ROS2/robotis_ws/build/dynamixel_sdk_examples': AMENT_PREFIX_PATH=/home/ibyou/robotis_ws/install/dynamixel_sdk_custom_interfaces:${AMENT_PREFIX_PATH} CMAKE_PREFIX_PATH=/home/ibyou/Desktop/Embedded_System/Embedded-Systems_MiniProject2022/package_ROS2/robotis_ws/install/dynamixel_sdk_custom_interfaces:/home/ibyou/Desktop/Embedded_System/Embedded-Systems_MiniProject2022/package_ROS2/robotis_ws/install/dynamixel_sdk_examples:/home/ibyou/Desktop/Embedded_System/Embedded-Systems_MiniProject2022/package_ROS2/robotis_ws/install/dynamixel_sdk LD_LIBRARY_PATH=/home/ibyou/robotis_ws/install/dynamixel_sdk_custom_interfaces/lib:${LD_LIBRARY_PATH} PYTHONPATH=/home/ibyou/robotis_ws/install/dynamixel_sdk_custom_interfaces/lib/python3.8/site-packages:${PYTHONPATH} /usr/bin/cmake --build /home/ibyou/Desktop/Embedded_System/Embedded-Systems_MiniProject2022/package_ROS2/robotis_ws/build/dynamixel_sdk_examples -- -j12 -l12
[4.986s] DEBUG:colcon.colcon_core.event_handler.log_command:Invoked command in '/home/ibyou/Desktop/Embedded_System/Embedded-Systems_MiniProject2022/package_ROS2/robotis_ws/build/dynamixel_sdk_examples' returned '0': AMENT_PREFIX_PATH=/home/ibyou/robotis_ws/install/dynamixel_sdk_custom_interfaces:${AMENT_PREFIX_PATH} CMAKE_PREFIX_PATH=/home/ibyou/Desktop/Embedded_System/Embedded-Systems_MiniProject2022/package_ROS2/robotis_ws/install/dynamixel_sdk_custom_interfaces:/home/ibyou/Desktop/Embedded_System/Embedded-Systems_MiniProject2022/package_ROS2/robotis_ws/install/dynamixel_sdk_examples:/home/ibyou/Desktop/Embedded_System/Embedded-Systems_MiniProject2022/package_ROS2/robotis_ws/install/dynamixel_sdk LD_LIBRARY_PATH=/home/ibyou/robotis_ws/install/dynamixel_sdk_custom_interfaces/lib:${LD_LIBRARY_PATH} PYTHONPATH=/home/ibyou/robotis_ws/install/dynamixel_sdk_custom_interfaces/lib/python3.8/site-packages:${PYTHONPATH} /usr/bin/cmake --build /home/ibyou/Desktop/Embedded_System/Embedded-Systems_MiniProject2022/package_ROS2/robotis_ws/build/dynamixel_sdk_examples -- -j12 -l12
[5.006s] DEBUG:colcon.colcon_core.event_handler.log_command:Invoking command in '/home/ibyou/Desktop/Embedded_System/Embedded-Systems_MiniProject2022/package_ROS2/robotis_ws/build/dynamixel_sdk_examples': AMENT_PREFIX_PATH=/home/ibyou/robotis_ws/install/dynamixel_sdk_custom_interfaces:${AMENT_PREFIX_PATH} CMAKE_PREFIX_PATH=/home/ibyou/Desktop/Embedded_System/Embedded-Systems_MiniProject2022/package_ROS2/robotis_ws/install/dynamixel_sdk_custom_interfaces:/home/ibyou/Desktop/Embedded_System/Embedded-Systems_MiniProject2022/package_ROS2/robotis_ws/install/dynamixel_sdk_examples:/home/ibyou/Desktop/Embedded_System/Embedded-Systems_MiniProject2022/package_ROS2/robotis_ws/install/dynamixel_sdk LD_LIBRARY_PATH=/home/ibyou/robotis_ws/install/dynamixel_sdk_custom_interfaces/lib:${LD_LIBRARY_PATH} PYTHONPATH=/home/ibyou/robotis_ws/install/dynamixel_sdk_custom_interfaces/lib/python3.8/site-packages:${PYTHONPATH} /usr/bin/cmake --install /home/ibyou/Desktop/Embedded_System/Embedded-Systems_MiniProject2022/package_ROS2/robotis_ws/build/dynamixel_sdk_examples
[5.027s] Level 1:colcon.colcon_core.environment:create_environment_scripts_only(dynamixel_sdk_examples)
[5.032s] Level 1:colcon.colcon_core.environment:checking '/home/ibyou/Desktop/Embedded_System/Embedded-Systems_MiniProject2022/package_ROS2/robotis_ws/install/dynamixel_sdk_examples' for CMake module files
[5.032s] DEBUG:colcon.colcon_core.event_handler.log_command:Invoked command in '/home/ibyou/Desktop/Embedded_System/Embedded-Systems_MiniProject2022/package_ROS2/robotis_ws/build/dynamixel_sdk_examples' returned '0': AMENT_PREFIX_PATH=/home/ibyou/robotis_ws/install/dynamixel_sdk_custom_interfaces:${AMENT_PREFIX_PATH} CMAKE_PREFIX_PATH=/home/ibyou/Desktop/Embedded_System/Embedded-Systems_MiniProject2022/package_ROS2/robotis_ws/install/dynamixel_sdk_custom_interfaces:/home/ibyou/Desktop/Embedded_System/Embedded-Systems_MiniProject2022/package_ROS2/robotis_ws/install/dynamixel_sdk_examples:/home/ibyou/Desktop/Embedded_System/Embedded-Systems_MiniProject2022/package_ROS2/robotis_ws/install/dynamixel_sdk LD_LIBRARY_PATH=/home/ibyou/robotis_ws/install/dynamixel_sdk_custom_interfaces/lib:${LD_LIBRARY_PATH} PYTHONPATH=/home/ibyou/robotis_ws/install/dynamixel_sdk_custom_interfaces/lib/python3.8/site-packages:${PYTHONPATH} /usr/bin/cmake --install /home/ibyou/Desktop/Embedded_System/Embedded-Systems_MiniProject2022/package_ROS2/robotis_ws/build/dynamixel_sdk_examples
[5.032s] Level 1:colcon.colcon_core.environment:checking '/home/ibyou/Desktop/Embedded_System/Embedded-Systems_MiniProject2022/package_ROS2/robotis_ws/install/dynamixel_sdk_examples' for CMake config files
[5.033s] Level 1:colcon.colcon_core.shell:create_environment_hook('dynamixel_sdk_examples', 'cmake_prefix_path')
[5.036s] INFO:colcon.colcon_core.shell:Creating environment hook '/home/ibyou/Desktop/Embedded_System/Embedded-Systems_MiniProject2022/package_ROS2/robotis_ws/install/dynamixel_sdk_examples/share/dynamixel_sdk_examples/hook/cmake_prefix_path.ps1'
[5.036s] INFO:colcon.colcon_core.shell:Creating environment descriptor '/home/ibyou/Desktop/Embedded_System/Embedded-Systems_MiniProject2022/package_ROS2/robotis_ws/install/dynamixel_sdk_examples/share/dynamixel_sdk_examples/hook/cmake_prefix_path.dsv'
[5.036s] INFO:colcon.colcon_core.shell:Creating environment hook '/home/ibyou/Desktop/Embedded_System/Embedded-Systems_MiniProject2022/package_ROS2/robotis_ws/install/dynamixel_sdk_examples/share/dynamixel_sdk_examples/hook/cmake_prefix_path.sh'
[5.037s] Level 1:colcon.colcon_core.environment:checking '/home/ibyou/Desktop/Embedded_System/Embedded-Systems_MiniProject2022/package_ROS2/robotis_ws/install/dynamixel_sdk_examples/lib'
[5.037s] Level 1:colcon.colcon_core.environment:checking '/home/ibyou/Desktop/Embedded_System/Embedded-Systems_MiniProject2022/package_ROS2/robotis_ws/install/dynamixel_sdk_examples/bin'
[5.037s] Level 1:colcon.colcon_core.environment:checking '/home/ibyou/Desktop/Embedded_System/Embedded-Systems_MiniProject2022/package_ROS2/robotis_ws/install/dynamixel_sdk_examples/lib/pkgconfig/dynamixel_sdk_examples.pc'
[5.037s] Level 1:colcon.colcon_core.environment:checking '/home/ibyou/Desktop/Embedded_System/Embedded-Systems_MiniProject2022/package_ROS2/robotis_ws/install/dynamixel_sdk_examples/lib/python3.8/site-packages'
[5.037s] Level 1:colcon.colcon_core.environment:checking '/home/ibyou/Desktop/Embedded_System/Embedded-Systems_MiniProject2022/package_ROS2/robotis_ws/install/dynamixel_sdk_examples/bin'
[5.040s] INFO:colcon.colcon_core.shell:Creating package script '/home/ibyou/Desktop/Embedded_System/Embedded-Systems_MiniProject2022/package_ROS2/robotis_ws/install/dynamixel_sdk_examples/share/dynamixel_sdk_examples/package.ps1'
[5.040s] INFO:colcon.colcon_core.shell:Creating package descriptor '/home/ibyou/Desktop/Embedded_System/Embedded-Systems_MiniProject2022/package_ROS2/robotis_ws/install/dynamixel_sdk_examples/share/dynamixel_sdk_examples/package.dsv'
[5.041s] INFO:colcon.colcon_core.shell:Creating package script '/home/ibyou/Desktop/Embedded_System/Embedded-Systems_MiniProject2022/package_ROS2/robotis_ws/install/dynamixel_sdk_examples/share/dynamixel_sdk_examples/package.sh'
[5.041s] INFO:colcon.colcon_core.shell:Creating package script '/home/ibyou/Desktop/Embedded_System/Embedded-Systems_MiniProject2022/package_ROS2/robotis_ws/install/dynamixel_sdk_examples/share/dynamixel_sdk_examples/package.bash'
[5.041s] INFO:colcon.colcon_core.shell:Creating package script '/home/ibyou/Desktop/Embedded_System/Embedded-Systems_MiniProject2022/package_ROS2/robotis_ws/install/dynamixel_sdk_examples/share/dynamixel_sdk_examples/package.zsh'
[5.042s] Level 1:colcon.colcon_core.environment:create_file_with_runtime_dependencies(/home/ibyou/Desktop/Embedded_System/Embedded-Systems_MiniProject2022/package_ROS2/robotis_ws/install/dynamixel_sdk_examples/share/colcon-core/packages/dynamixel_sdk_examples)
[5.065s] Level 1:colcon.colcon_core.environment:create_environment_scripts_only(dynamixel_sdk_examples)
[5.069s] Level 1:colcon.colcon_core.environment:checking '/home/ibyou/Desktop/Embedded_System/Embedded-Systems_MiniProject2022/package_ROS2/robotis_ws/install/dynamixel_sdk_examples' for CMake module files
[5.070s] Level 1:colcon.colcon_core.environment:checking '/home/ibyou/Desktop/Embedded_System/Embedded-Systems_MiniProject2022/package_ROS2/robotis_ws/install/dynamixel_sdk_examples' for CMake config files
[5.070s] Level 1:colcon.colcon_core.shell:create_environment_hook('dynamixel_sdk_examples', 'cmake_prefix_path')
[5.073s] INFO:colcon.colcon_core.shell:Creating environment hook '/home/ibyou/Desktop/Embedded_System/Embedded-Systems_MiniProject2022/package_ROS2/robotis_ws/install/dynamixel_sdk_examples/share/dynamixel_sdk_examples/hook/cmake_prefix_path.ps1'
[5.074s] INFO:colcon.colcon_core.shell:Creating environment descriptor '/home/ibyou/Desktop/Embedded_System/Embedded-Systems_MiniProject2022/package_ROS2/robotis_ws/install/dynamixel_sdk_examples/share/dynamixel_sdk_examples/hook/cmake_prefix_path.dsv'
[5.074s] INFO:colcon.colcon_core.shell:Creating environment hook '/home/ibyou/Desktop/Embedded_System/Embedded-Systems_MiniProject2022/package_ROS2/robotis_ws/install/dynamixel_sdk_examples/share/dynamixel_sdk_examples/hook/cmake_prefix_path.sh'
[5.074s] Level 1:colcon.colcon_core.environment:checking '/home/ibyou/Desktop/Embedded_System/Embedded-Systems_MiniProject2022/package_ROS2/robotis_ws/install/dynamixel_sdk_examples/lib'
[5.075s] Level 1:colcon.colcon_core.environment:checking '/home/ibyou/Desktop/Embedded_System/Embedded-Systems_MiniProject2022/package_ROS2/robotis_ws/install/dynamixel_sdk_examples/bin'
[5.075s] Level 1:colcon.colcon_core.environment:checking '/home/ibyou/Desktop/Embedded_System/Embedded-Systems_MiniProject2022/package_ROS2/robotis_ws/install/dynamixel_sdk_examples/lib/pkgconfig/dynamixel_sdk_examples.pc'
[5.075s] Level 1:colcon.colcon_core.environment:checking '/home/ibyou/Desktop/Embedded_System/Embedded-Systems_MiniProject2022/package_ROS2/robotis_ws/install/dynamixel_sdk_examples/lib/python3.8/site-packages'
[5.075s] Level 1:colcon.colcon_core.environment:checking '/home/ibyou/Desktop/Embedded_System/Embedded-Systems_MiniProject2022/package_ROS2/robotis_ws/install/dynamixel_sdk_examples/bin'
[5.078s] INFO:colcon.colcon_core.shell:Creating package script '/home/ibyou/Desktop/Embedded_System/Embedded-Systems_MiniProject2022/package_ROS2/robotis_ws/install/dynamixel_sdk_examples/share/dynamixel_sdk_examples/package.ps1'
[5.078s] INFO:colcon.colcon_core.shell:Creating package descriptor '/home/ibyou/Desktop/Embedded_System/Embedded-Systems_MiniProject2022/package_ROS2/robotis_ws/install/dynamixel_sdk_examples/share/dynamixel_sdk_examples/package.dsv'
[5.079s] INFO:colcon.colcon_core.shell:Creating package script '/home/ibyou/Desktop/Embedded_System/Embedded-Systems_MiniProject2022/package_ROS2/robotis_ws/install/dynamixel_sdk_examples/share/dynamixel_sdk_examples/package.sh'
[5.079s] INFO:colcon.colcon_core.shell:Creating package script '/home/ibyou/Desktop/Embedded_System/Embedded-Systems_MiniProject2022/package_ROS2/robotis_ws/install/dynamixel_sdk_examples/share/dynamixel_sdk_examples/package.bash'
[5.079s] INFO:colcon.colcon_core.shell:Creating package script '/home/ibyou/Desktop/Embedded_System/Embedded-Systems_MiniProject2022/package_ROS2/robotis_ws/install/dynamixel_sdk_examples/share/dynamixel_sdk_examples/package.zsh'
[5.080s] Level 1:colcon.colcon_core.environment:create_file_with_runtime_dependencies(/home/ibyou/Desktop/Embedded_System/Embedded-Systems_MiniProject2022/package_ROS2/robotis_ws/install/dynamixel_sdk_examples/share/colcon-core/packages/dynamixel_sdk_examples)
[5.080s] DEBUG:colcon.colcon_parallel_executor.executor.parallel:closing loop
[5.080s] DEBUG:colcon.colcon_parallel_executor.executor.parallel:loop closed
[5.080s] DEBUG:colcon.colcon_parallel_executor.executor.parallel:run_until_complete finished with '0'
[5.080s] DEBUG:colcon.colcon_core.event_reactor:joining thread
[5.086s] INFO:colcon.colcon_core.plugin_system:Skipping extension 'colcon_notification.desktop_notification.terminal_notifier': Not used on non-Darwin systems
[5.086s] INFO:colcon.colcon_core.plugin_system:Skipping extension 'colcon_notification.desktop_notification.win32': Not used on non-Windows systems
[5.086s] INFO:colcon.colcon_notification.desktop_notification:Sending desktop notification using 'notify2'
[5.098s] DEBUG:colcon.colcon_core.event_reactor:joined thread
[5.101s] INFO:colcon.colcon_core.shell:Creating prefix script '/home/ibyou/Desktop/Embedded_System/Embedded-Systems_MiniProject2022/package_ROS2/robotis_ws/install/local_setup.ps1'
[5.102s] INFO:colcon.colcon_core.shell:Creating prefix util module '/home/ibyou/Desktop/Embedded_System/Embedded-Systems_MiniProject2022/package_ROS2/robotis_ws/install/_local_setup_util_ps1.py'
[5.103s] INFO:colcon.colcon_core.shell:Creating prefix chain script '/home/ibyou/Desktop/Embedded_System/Embedded-Systems_MiniProject2022/package_ROS2/robotis_ws/install/setup.ps1'
[5.105s] INFO:colcon.colcon_core.shell:Creating prefix script '/home/ibyou/Desktop/Embedded_System/Embedded-Systems_MiniProject2022/package_ROS2/robotis_ws/install/local_setup.sh'
[5.105s] INFO:colcon.colcon_core.shell:Creating prefix util module '/home/ibyou/Desktop/Embedded_System/Embedded-Systems_MiniProject2022/package_ROS2/robotis_ws/install/_local_setup_util_sh.py'
[5.105s] INFO:colcon.colcon_core.shell:Creating prefix chain script '/home/ibyou/Desktop/Embedded_System/Embedded-Systems_MiniProject2022/package_ROS2/robotis_ws/install/setup.sh'
[5.107s] INFO:colcon.colcon_core.shell:Creating prefix script '/home/ibyou/Desktop/Embedded_System/Embedded-Systems_MiniProject2022/package_ROS2/robotis_ws/install/local_setup.bash'
[5.107s] INFO:colcon.colcon_core.shell:Creating prefix chain script '/home/ibyou/Desktop/Embedded_System/Embedded-Systems_MiniProject2022/package_ROS2/robotis_ws/install/setup.bash'
[5.109s] INFO:colcon.colcon_core.shell:Creating prefix script '/home/ibyou/Desktop/Embedded_System/Embedded-Systems_MiniProject2022/package_ROS2/robotis_ws/install/local_setup.zsh'
[5.109s] INFO:colcon.colcon_core.shell:Creating prefix chain script '/home/ibyou/Desktop/Embedded_System/Embedded-Systems_MiniProject2022/package_ROS2/robotis_ws/install/setup.zsh'
