[0.023s] Invoking command in '/home/ibyou/robotis_ws/build/dynamixel_sdk': CMAKE_PREFIX_PATH=/opt/ros/foxy /usr/bin/cmake /home/ibyou/robotis_ws/src/DynamixelSDK/dynamixel_sdk -DAMENT_CMAKE_SYMLINK_INSTALL=1 -DCMAKE_INSTALL_PREFIX=/home/ibyou/robotis_ws/install/dynamixel_sdk
[0.137s] -- The C compiler identification is GNU 9.4.0
[0.233s] -- The CXX compiler identification is GNU 9.4.0
[0.239s] -- Check for working C compiler: /usr/bin/cc
[0.302s] -- Check for working C compiler: /usr/bin/cc -- works
[0.302s] -- Detecting C compiler ABI info
[0.363s] -- Detecting C compiler ABI info - done
[0.373s] -- Detecting C compile features
[0.373s] -- Detecting C compile features - done
[0.376s] -- Check for working CXX compiler: /usr/bin/c++
[0.445s] -- Check for working CXX compiler: /usr/bin/c++ -- works
[0.446s] -- Detecting CXX compiler ABI info
[0.516s] -- Detecting CXX compiler ABI info - done
[0.526s] -- Detecting CXX compile features
[0.526s] -- Detecting CXX compile features - done
[0.531s] -- Found ament_cmake: 0.9.11 (/opt/ros/foxy/share/ament_cmake/cmake)
[0.554s] -- Found PythonInterp: /usr/bin/python3 (found suitable version "3.8.10", minimum required is "3") 
[0.554s] -- Using PYTHON_EXECUTABLE: /usr/bin/python3
[0.715s] -- Override CMake install command with custom implementation using symlinks instead of copying resources
[0.814s] -- Configuring done
[0.818s] -- Generating done
[0.819s] -- Build files have been written to: /home/ibyou/robotis_ws/build/dynamixel_sdk
[0.823s] Invoked command in '/home/ibyou/robotis_ws/build/dynamixel_sdk' returned '0': CMAKE_PREFIX_PATH=/opt/ros/foxy /usr/bin/cmake /home/ibyou/robotis_ws/src/DynamixelSDK/dynamixel_sdk -DAMENT_CMAKE_SYMLINK_INSTALL=1 -DCMAKE_INSTALL_PREFIX=/home/ibyou/robotis_ws/install/dynamixel_sdk
[0.825s] Invoking command in '/home/ibyou/robotis_ws/build/dynamixel_sdk': CMAKE_PREFIX_PATH=/opt/ros/foxy /usr/bin/cmake --build /home/ibyou/robotis_ws/build/dynamixel_sdk -- -j12 -l12
[0.858s] [35m[1mScanning dependencies of target dynamixel_sdk[0m
[0.872s] [ 10%] [32mBuilding CXX object CMakeFiles/dynamixel_sdk.dir/src/dynamixel_sdk/port_handler.cpp.o[0m
[0.874s] [ 40%] [32mBuilding CXX object CMakeFiles/dynamixel_sdk.dir/src/dynamixel_sdk/packet_handler.cpp.o[0m
[0.874s] [ 40%] [32mBuilding CXX object CMakeFiles/dynamixel_sdk.dir/src/dynamixel_sdk/protocol1_packet_handler.cpp.o[0m
[0.874s] [ 50%] [32mBuilding CXX object CMakeFiles/dynamixel_sdk.dir/src/dynamixel_sdk/protocol2_packet_handler.cpp.o[0m
[0.874s] [ 50%] [32mBuilding CXX object CMakeFiles/dynamixel_sdk.dir/src/dynamixel_sdk/group_sync_read.cpp.o[0m
[0.875s] [ 60%] [32mBuilding CXX object CMakeFiles/dynamixel_sdk.dir/src/dynamixel_sdk/group_bulk_read.cpp.o[0m
[0.875s] [ 70%] [32mBuilding CXX object CMakeFiles/dynamixel_sdk.dir/src/dynamixel_sdk/group_sync_write.cpp.o[0m
[0.875s] [ 80%] [32mBuilding CXX object CMakeFiles/dynamixel_sdk.dir/src/dynamixel_sdk/group_bulk_write.cpp.o[0m
[0.875s] [ 90%] [32mBuilding CXX object CMakeFiles/dynamixel_sdk.dir/src/dynamixel_sdk/port_handler_linux.cpp.o[0m
[1.412s] [100%] [32m[1mLinking CXX shared library libdynamixel_sdk.so[0m
[1.491s] [100%] Built target dynamixel_sdk
[1.504s] Invoked command in '/home/ibyou/robotis_ws/build/dynamixel_sdk' returned '0': CMAKE_PREFIX_PATH=/opt/ros/foxy /usr/bin/cmake --build /home/ibyou/robotis_ws/build/dynamixel_sdk -- -j12 -l12
[1.549s] Invoking command in '/home/ibyou/robotis_ws/build/dynamixel_sdk': CMAKE_PREFIX_PATH=/opt/ros/foxy /usr/bin/cmake --install /home/ibyou/robotis_ws/build/dynamixel_sdk
[1.556s] -- Install configuration: ""
[1.556s] -- Execute custom install script
[1.557s] -- Symlinking: /home/ibyou/robotis_ws/install/dynamixel_sdk/include//dynamixel_sdk/dynamixel_sdk.h
[1.566s] -- Symlinking: /home/ibyou/robotis_ws/install/dynamixel_sdk/include//dynamixel_sdk/group_bulk_read.h
[1.574s] -- Symlinking: /home/ibyou/robotis_ws/install/dynamixel_sdk/include//dynamixel_sdk/group_bulk_write.h
[1.582s] -- Symlinking: /home/ibyou/robotis_ws/install/dynamixel_sdk/include//dynamixel_sdk/group_sync_read.h
[1.591s] -- Symlinking: /home/ibyou/robotis_ws/install/dynamixel_sdk/include//dynamixel_sdk/group_sync_write.h
[1.599s] -- Symlinking: /home/ibyou/robotis_ws/install/dynamixel_sdk/include//dynamixel_sdk/packet_handler.h
[1.607s] -- Symlinking: /home/ibyou/robotis_ws/install/dynamixel_sdk/include//dynamixel_sdk/port_handler.h
[1.615s] -- Symlinking: /home/ibyou/robotis_ws/install/dynamixel_sdk/include//dynamixel_sdk/port_handler_arduino.h
[1.624s] -- Symlinking: /home/ibyou/robotis_ws/install/dynamixel_sdk/include//dynamixel_sdk/port_handler_linux.h
[1.632s] -- Symlinking: /home/ibyou/robotis_ws/install/dynamixel_sdk/include//dynamixel_sdk/port_handler_mac.h
[1.640s] -- Symlinking: /home/ibyou/robotis_ws/install/dynamixel_sdk/include//dynamixel_sdk/port_handler_windows.h
[1.648s] -- Symlinking: /home/ibyou/robotis_ws/install/dynamixel_sdk/include//dynamixel_sdk/protocol1_packet_handler.h
[1.657s] -- Symlinking: /home/ibyou/robotis_ws/install/dynamixel_sdk/include//dynamixel_sdk/protocol2_packet_handler.h
[1.665s] -- Symlinking: /home/ibyou/robotis_ws/install/dynamixel_sdk/lib/libdynamixel_sdk.so
[1.674s] -- Symlinking: /home/ibyou/robotis_ws/install/dynamixel_sdk/share/dynamixel_sdk/environment/library_path.sh
[1.682s] -- Symlinking: /home/ibyou/robotis_ws/install/dynamixel_sdk/share/dynamixel_sdk/environment/library_path.dsv
[1.690s] -- Symlinking: /home/ibyou/robotis_ws/install/dynamixel_sdk/share/ament_index/resource_index/package_run_dependencies/dynamixel_sdk
[1.699s] -- Symlinking: /home/ibyou/robotis_ws/install/dynamixel_sdk/share/ament_index/resource_index/parent_prefix_path/dynamixel_sdk
[1.707s] -- Symlinking: /home/ibyou/robotis_ws/install/dynamixel_sdk/share/dynamixel_sdk/environment/ament_prefix_path.sh
[1.715s] -- Symlinking: /home/ibyou/robotis_ws/install/dynamixel_sdk/share/dynamixel_sdk/environment/ament_prefix_path.dsv
[1.723s] -- Symlinking: /home/ibyou/robotis_ws/install/dynamixel_sdk/share/dynamixel_sdk/environment/path.sh
[1.731s] -- Symlinking: /home/ibyou/robotis_ws/install/dynamixel_sdk/share/dynamixel_sdk/environment/path.dsv
[1.740s] -- Symlinking: /home/ibyou/robotis_ws/install/dynamixel_sdk/share/dynamixel_sdk/local_setup.bash
[1.748s] -- Symlinking: /home/ibyou/robotis_ws/install/dynamixel_sdk/share/dynamixel_sdk/local_setup.sh
[1.756s] -- Symlinking: /home/ibyou/robotis_ws/install/dynamixel_sdk/share/dynamixel_sdk/local_setup.zsh
[1.765s] -- Symlinking: /home/ibyou/robotis_ws/install/dynamixel_sdk/share/dynamixel_sdk/local_setup.dsv
[1.773s] -- Symlinking: /home/ibyou/robotis_ws/install/dynamixel_sdk/share/dynamixel_sdk/package.dsv
[1.781s] -- Symlinking: /home/ibyou/robotis_ws/install/dynamixel_sdk/share/ament_index/resource_index/packages/dynamixel_sdk
[1.791s] -- Symlinking: /home/ibyou/robotis_ws/install/dynamixel_sdk/share/dynamixel_sdk/cmake/ament_cmake_export_include_directories-extras.cmake
[1.800s] -- Symlinking: /home/ibyou/robotis_ws/install/dynamixel_sdk/share/dynamixel_sdk/cmake/ament_cmake_export_libraries-extras.cmake
[1.812s] -- Symlinking: /home/ibyou/robotis_ws/install/dynamixel_sdk/share/dynamixel_sdk/cmake/dynamixel_sdkConfig.cmake
[1.822s] -- Symlinking: /home/ibyou/robotis_ws/install/dynamixel_sdk/share/dynamixel_sdk/cmake/dynamixel_sdkConfig-version.cmake
[1.831s] -- Symlinking: /home/ibyou/robotis_ws/install/dynamixel_sdk/share/dynamixel_sdk/package.xml
[1.844s] Invoked command in '/home/ibyou/robotis_ws/build/dynamixel_sdk' returned '0': CMAKE_PREFIX_PATH=/opt/ros/foxy /usr/bin/cmake --install /home/ibyou/robotis_ws/build/dynamixel_sdk
