[0.022s] Invoking command in '/home/ibyou/robotis_ws/build/dynamixel_sdk_custom_interfaces': CMAKE_PREFIX_PATH=${CMAKE_PREFIX_PATH}:/opt/ros/foxy /usr/bin/cmake --build /home/ibyou/robotis_ws/build/dynamixel_sdk_custom_interfaces -- -j12 -l12
[0.048s] -- Found ament_cmake: 0.9.11 (/opt/ros/foxy/share/ament_cmake/cmake)
[0.069s] -- Found PythonInterp: /usr/bin/python3 (found suitable version "3.8.10", minimum required is "3") 
[0.069s] -- Using PYTHON_EXECUTABLE: /usr/bin/python3
[0.225s] -- Override CMake install command with custom implementation using symlinks instead of copying resources
[0.238s] -- Found builtin_interfaces: 1.0.0 (/opt/ros/foxy/share/builtin_interfaces/cmake)
[0.258s] -- Using all available rosidl_typesupport_c: rosidl_typesupport_fastrtps_c;rosidl_typesupport_introspection_c
[0.262s] -- Found rosidl_adapter: 1.3.0 (/opt/ros/foxy/share/rosidl_adapter/cmake)
[0.364s] -- Using all available rosidl_typesupport_cpp: rosidl_typesupport_fastrtps_cpp;rosidl_typesupport_introspection_cpp
[0.397s] -- Found rosidl_default_generators: 1.0.1 (/opt/ros/foxy/share/rosidl_default_generators/cmake)
[0.425s] -- Found PythonInterp: /usr/bin/python3 (found version "3.8.10") 
[0.598s] CMake Error at /opt/ros/foxy/share/rosidl_adapter/cmake/rosidl_adapt_interfaces.cmake:60 (message):
[0.598s]   execute_process(/usr/bin/python3 -m rosidl_adapter --package-name
[0.598s]   dynamixel_sdk_custom_interfaces --arguments-file
[0.598s]   /home/ibyou/robotis_ws/build/dynamixel_sdk_custom_interfaces/rosidl_adapter__arguments__dynamixel_sdk_custom_interfaces.json
[0.599s]   --output-dir
[0.599s]   /home/ibyou/robotis_ws/build/dynamixel_sdk_custom_interfaces/rosidl_adapter/dynamixel_sdk_custom_interfaces
[0.599s]   --output-file
[0.599s]   /home/ibyou/robotis_ws/build/dynamixel_sdk_custom_interfaces/rosidl_adapter/dynamixel_sdk_custom_interfaces.idls)
[0.599s]   returned error code 1:
[0.599s] 
[0.599s]   Error processing 'uint8 Pred' of
[0.599s]   'dynamixel_sdk_custom_interfaces/SetPosition': ''Pred' is an invalid field
[0.600s]   name.  It should have the pattern '^(?!.*__)(?!.*_$)[a-z][a-z0-9_]*$''
[0.600s] 
[0.600s]   Traceback (most recent call last):
[0.600s] 
[0.600s]     File "/usr/lib/python3.8/runpy.py", line 194, in _run_module_as_main
[0.600s]       return _run_code(code, main_globals, None,
[0.600s]     File "/usr/lib/python3.8/runpy.py", line 87, in _run_code
[0.600s]       exec(code, run_globals)
[0.601s]     File "/opt/ros/foxy/lib/python3.8/site-packages/rosidl_adapter/__main__.py", line 19, in <module>
[0.601s]       sys.exit(main())
[0.601s]     File "/opt/ros/foxy/lib/python3.8/site-packages/rosidl_adapter/main.py", line 53, in main
[0.601s]       abs_idl_file = convert_to_idl(
[0.601s]     File "/opt/ros/foxy/lib/python3.8/site-packages/rosidl_adapter/__init__.py", line 19, in convert_to_idl
[0.601s]       return convert_msg_to_idl(
[0.601s]     File "/opt/ros/foxy/lib/python3.8/site-packages/rosidl_adapter/msg/__init__.py", line 28, in convert_msg_to_idl
[0.601s]       msg = parse_message_string(package_name, input_file.stem, content)
[0.601s]     File "/opt/ros/foxy/lib/python3.8/site-packages/rosidl_adapter/parser.py", line 515, in parse_message_string
[0.602s]       fields.append(Field(
[0.602s]     File "/opt/ros/foxy/lib/python3.8/site-packages/rosidl_adapter/parser.py", line 353, in __init__
[0.602s]       raise NameError(
[0.602s] 
[0.602s]   NameError: 'Pred' is an invalid field name.  It should have the pattern
[0.602s]   '^(?!.*__)(?!.*_$)[a-z][a-z0-9_]*$'
[0.602s] 
[0.602s] Call Stack (most recent call first):
[0.603s]   /opt/ros/foxy/share/rosidl_cmake/cmake/rosidl_generate_interfaces.cmake:130 (rosidl_adapt_interfaces)
[0.603s]   CMakeLists.txt:31 (rosidl_generate_interfaces)
[0.603s] 
[0.603s] 
[0.603s] -- Configuring incomplete, errors occurred!
[0.603s] See also "/home/ibyou/robotis_ws/build/dynamixel_sdk_custom_interfaces/CMakeFiles/CMakeOutput.log".
[0.604s] make: *** [Makefile:988: cmake_check_build_system] Error 1
[0.606s] Invoked command in '/home/ibyou/robotis_ws/build/dynamixel_sdk_custom_interfaces' returned '2': CMAKE_PREFIX_PATH=${CMAKE_PREFIX_PATH}:/opt/ros/foxy /usr/bin/cmake --build /home/ibyou/robotis_ws/build/dynamixel_sdk_custom_interfaces -- -j12 -l12
