[0.014s] Invoking command in '/home/ibyou/Desktop/Embedded_System/Embedded-Systems_MiniProject2022/package_ROS2/robotis_ws/build/dynamixel_sdk_custom_interfaces': /usr/bin/cmake /home/ibyou/Desktop/Embedded_System/Embedded-Systems_MiniProject2022/package_ROS2/robotis_ws/src/DynamixelSDK/dynamixel_sdk_custom_interfaces -DAMENT_CMAKE_SYMLINK_INSTALL=1 -DCMAKE_INSTALL_PREFIX=/home/ibyou/Desktop/Embedded_System/Embedded-Systems_MiniProject2022/package_ROS2/robotis_ws/install/dynamixel_sdk_custom_interfaces
[0.073s] -- The C compiler identification is GNU 9.4.0
[0.128s] -- The CXX compiler identification is GNU 9.4.0
[0.135s] -- Check for working C compiler: /usr/bin/cc
[0.200s] -- Check for working C compiler: /usr/bin/cc -- works
[0.201s] -- Detecting C compiler ABI info
[0.271s] -- Detecting C compiler ABI info - done
[0.281s] -- Detecting C compile features
[0.282s] -- Detecting C compile features - done
[0.284s] -- Check for working CXX compiler: /usr/bin/c++
[0.356s] -- Check for working CXX compiler: /usr/bin/c++ -- works
[0.357s] -- Detecting CXX compiler ABI info
[0.432s] -- Detecting CXX compiler ABI info - done
[0.443s] -- Detecting CXX compile features
[0.443s] -- Detecting CXX compile features - done
[0.451s] CMake Error at CMakeLists.txt:19 (find_package):
[0.451s]   By not providing "Findament_cmake.cmake" in CMAKE_MODULE_PATH this project
[0.451s]   has asked CMake to find a package configuration file provided by
[0.451s]   "ament_cmake", but CMake did not find one.
[0.452s] 
[0.452s]   Could not find a package configuration file provided by "ament_cmake" with
[0.452s]   any of the following names:
[0.452s] 
[0.452s]     ament_cmakeConfig.cmake
[0.452s]     ament_cmake-config.cmake
[0.452s] 
[0.452s]   Add the installation prefix of "ament_cmake" to CMAKE_PREFIX_PATH or set
[0.452s]   "ament_cmake_DIR" to a directory containing one of the above files.  If
[0.452s]   "ament_cmake" provides a separate development package or SDK, be sure it
[0.452s]   has been installed.
[0.452s] 
[0.453s] 
[0.453s] -- Configuring incomplete, errors occurred!
[0.453s] See also "/home/ibyou/Desktop/Embedded_System/Embedded-Systems_MiniProject2022/package_ROS2/robotis_ws/build/dynamixel_sdk_custom_interfaces/CMakeFiles/CMakeOutput.log".
[0.455s] Invoked command in '/home/ibyou/Desktop/Embedded_System/Embedded-Systems_MiniProject2022/package_ROS2/robotis_ws/build/dynamixel_sdk_custom_interfaces' returned '1': /usr/bin/cmake /home/ibyou/Desktop/Embedded_System/Embedded-Systems_MiniProject2022/package_ROS2/robotis_ws/src/DynamixelSDK/dynamixel_sdk_custom_interfaces -DAMENT_CMAKE_SYMLINK_INSTALL=1 -DCMAKE_INSTALL_PREFIX=/home/ibyou/Desktop/Embedded_System/Embedded-Systems_MiniProject2022/package_ROS2/robotis_ws/install/dynamixel_sdk_custom_interfaces
