[0.014s] Invoking command in '/home/ibyou/robotis_ws/build/dynamixel_sdk_examples': CMAKE_PREFIX_PATH=/home/ibyou/robotis_ws/install/dynamixel_sdk_custom_interfaces:/home/ibyou/robotis_ws/install/dynamixel_sdk:/home/ibyou/robotis_ws/install/dynamixel_sdk_examples:/opt/ros/foxy /usr/bin/cmake --build /home/ibyou/robotis_ws/build/dynamixel_sdk_examples -- -j12 -l12
[0.052s] [35m[1mScanning dependencies of target read_write_node[0m
[0.080s] [ 50%] [32mBuilding CXX object CMakeFiles/read_write_node.dir/src/read_write_node.cpp.o[0m
[1.136s] In file included from [01m[K/opt/ros/foxy/include/rclcpp/client.hpp:40[m[K,
[1.136s]                  from [01m[K/opt/ros/foxy/include/rclcpp/callback_group.hpp:23[m[K,
[1.136s]                  from [01m[K/opt/ros/foxy/include/rclcpp/any_executable.hpp:20[m[K,
[1.136s]                  from [01m[K/opt/ros/foxy/include/rclcpp/memory_strategy.hpp:24[m[K,
[1.136s]                  from [01m[K/opt/ros/foxy/include/rclcpp/memory_strategies.hpp:18[m[K,
[1.136s]                  from [01m[K/opt/ros/foxy/include/rclcpp/executor_options.hpp:20[m[K,
[1.137s]                  from [01m[K/opt/ros/foxy/include/rclcpp/executor.hpp:33[m[K,
[1.137s]                  from [01m[K/opt/ros/foxy/include/rclcpp/executors/multi_threaded_executor.hpp:26[m[K,
[1.137s]                  from [01m[K/opt/ros/foxy/include/rclcpp/executors.hpp:21[m[K,
[1.137s]                  from [01m[K/opt/ros/foxy/include/rclcpp/rclcpp.hpp:146[m[K,
[1.137s]                  from [01m[K/home/ibyou/robotis_ws/src/DynamixelSDK/dynamixel_sdk_examples/src/read_write_node.cpp:37[m[K:
[1.137s] [01m[K/home/ibyou/robotis_ws/src/DynamixelSDK/dynamixel_sdk_examples/src/read_write_node.cpp:[m[K In lambda function:
[1.137s] [01m[K/home/ibyou/robotis_ws/src/DynamixelSDK/dynamixel_sdk_examples/src/read_write_node.cpp:83:67:[m[K [01;31m[Kerror: [m[K‘[01m[Kusing element_type = struct dynamixel_sdk_custom_interfaces::msg::SetPosition_<std::allocator<void> >[m[K’ {aka ‘[01m[Kstruct dynamixel_sdk_custom_interfaces::msg::SetPosition_<std::allocator<void> >[m[K’} has no member named ‘[01m[KPred[m[K’; did you mean ‘[01m[Kpred[m[K’?
[1.137s]    83 |      RCLCPP_INFO(this->get_logger(), "Set [Prediction: %d]", msg->[01;31m[KPred[m[K);
[1.137s]       |                                                                   [01;31m[K^~~~[m[K
[1.137s] [01m[K/home/ibyou/robotis_ws/src/DynamixelSDK/dynamixel_sdk_examples/src/read_write_node.cpp:84:15:[m[K [01;31m[Kerror: [m[K‘[01m[Kusing element_type = struct dynamixel_sdk_custom_interfaces::msg::SetPosition_<std::allocator<void> >[m[K’ {aka ‘[01m[Kstruct dynamixel_sdk_custom_interfaces::msg::SetPosition_<std::allocator<void> >[m[K’} has no member named ‘[01m[KPred[m[K’; did you mean ‘[01m[Kpred[m[K’?
[1.137s]    84 |       if(msg->[01;31m[KPred[m[K){
[1.137s]       |               [01;31m[K^~~~[m[K
[1.137s]       |               [32m[Kpred[m[K
[1.139s] In file included from [01m[K/opt/ros/foxy/include/rclcpp/client.hpp:40[m[K,
[1.139s]                  from [01m[K/opt/ros/foxy/include/rclcpp/callback_group.hpp:23[m[K,
[1.139s]                  from [01m[K/opt/ros/foxy/include/rclcpp/any_executable.hpp:20[m[K,
[1.139s]                  from [01m[K/opt/ros/foxy/include/rclcpp/memory_strategy.hpp:24[m[K,
[1.139s]                  from [01m[K/opt/ros/foxy/include/rclcpp/memory_strategies.hpp:18[m[K,
[1.139s]                  from [01m[K/opt/ros/foxy/include/rclcpp/executor_options.hpp:20[m[K,
[1.139s]                  from [01m[K/opt/ros/foxy/include/rclcpp/executor.hpp:33[m[K,
[1.139s]                  from [01m[K/opt/ros/foxy/include/rclcpp/executors/multi_threaded_executor.hpp:26[m[K,
[1.139s]                  from [01m[K/opt/ros/foxy/include/rclcpp/executors.hpp:21[m[K,
[1.139s]                  from [01m[K/opt/ros/foxy/include/rclcpp/rclcpp.hpp:146[m[K,
[1.139s]                  from [01m[K/home/ibyou/robotis_ws/src/DynamixelSDK/dynamixel_sdk_examples/src/read_write_node.cpp:37[m[K:
[1.140s] [01m[K/home/ibyou/robotis_ws/src/DynamixelSDK/dynamixel_sdk_examples/src/read_write_node.cpp:121:81:[m[K [01;31m[Kerror: [m[K‘[01m[Kposition[m[K’ was not declared in this scope; did you mean ‘[01m[KSetPosition[m[K’?
[1.140s]   121 | CPP_INFO(this->get_logger(), "Set [ID: %d] [Goal Position: %d]", id, [01;31m[Kposition[m[K);
[1.140s]       |                                                                      [01;31m[K^~~~~~~~[m[K
[1.140s] 
[2.324s] make[2]: *** [CMakeFiles/read_write_node.dir/build.make:63: CMakeFiles/read_write_node.dir/src/read_write_node.cpp.o] Error 1
[2.324s] make[1]: *** [CMakeFiles/Makefile2:78: CMakeFiles/read_write_node.dir/all] Error 2
[2.325s] make: *** [Makefile:141: all] Error 2
[2.326s] Invoked command in '/home/ibyou/robotis_ws/build/dynamixel_sdk_examples' returned '2': CMAKE_PREFIX_PATH=/home/ibyou/robotis_ws/install/dynamixel_sdk_custom_interfaces:/home/ibyou/robotis_ws/install/dynamixel_sdk:/home/ibyou/robotis_ws/install/dynamixel_sdk_examples:/opt/ros/foxy /usr/bin/cmake --build /home/ibyou/robotis_ws/build/dynamixel_sdk_examples -- -j12 -l12
