[0.149s] DEBUG:colcon:Command line arguments: ['/usr/bin/colcon', 'build', '--symlink-install']
[0.150s] DEBUG:colcon:Parsed command line arguments: Namespace(allow_overriding=[], ament_cmake_args=None, base_paths=['.'], build_base='build', catkin_cmake_args=None, catkin_skip_building_tests=False, cmake_args=None, cmake_clean_cache=False, cmake_clean_first=False, cmake_force_configure=False, cmake_target=None, cmake_target_skip_unavailable=False, continue_on_error=False, event_handlers=None, executor='parallel', ignore_user_meta=False, install_base='install', log_base=None, log_level=None, main=<bound method BuildVerb.main of <colcon_core.verb.build.BuildVerb object at 0x7f023035b400>>, merge_install=False, metas=['./colcon.meta'], packages_above=None, packages_above_and_dependencies=None, packages_above_depth=None, packages_end=None, packages_ignore=None, packages_ignore_regex=None, packages_select=None, packages_select_build_failed=False, packages_select_by_dep=None, packages_select_regex=None, packages_select_test_failures=False, packages_skip=None, packages_skip_build_finished=False, packages_skip_by_dep=None, packages_skip_regex=None, packages_skip_test_passed=False, packages_skip_up_to=None, packages_start=None, packages_up_to=None, packages_up_to_regex=None, parallel_workers=12, paths=None, symlink_install=True, test_result_base=None, verb_extension=<colcon_core.verb.build.BuildVerb object at 0x7f023035b400>, verb_name='build', verb_parser=<colcon_defaults.argument_parser.defaults.DefaultArgumentsDecorator object at 0x7f023035b940>)
[0.171s] Level 1:colcon.colcon_core.package_discovery:discover_packages(colcon_meta) check parameters
[0.171s] Level 1:colcon.colcon_core.package_discovery:discover_packages(recursive) check parameters
[0.171s] Level 1:colcon.colcon_core.package_discovery:discover_packages(ignore) check parameters
[0.171s] Level 1:colcon.colcon_core.package_discovery:discover_packages(path) check parameters
[0.171s] Level 1:colcon.colcon_core.package_discovery:discover_packages(colcon_meta) discover
[0.171s] Level 1:colcon.colcon_core.package_discovery:discover_packages(recursive) discover
[0.171s] INFO:colcon.colcon_core.package_discovery:Crawling recursively for packages in '/home/ibyou/robotis_ws'
[0.171s] Level 1:colcon.colcon_core.package_identification:_identify(.) by extensions ['ignore', 'ignore_ament_install']
[0.172s] Level 1:colcon.colcon_core.package_identification:_identify(.) by extension 'ignore'
[0.172s] Level 1:colcon.colcon_core.package_identification:_identify(.) by extension 'ignore_ament_install'
[0.172s] Level 1:colcon.colcon_core.package_identification:_identify(.) by extensions ['colcon_pkg']
[0.172s] Level 1:colcon.colcon_core.package_identification:_identify(.) by extension 'colcon_pkg'
[0.172s] Level 1:colcon.colcon_core.package_identification:_identify(.) by extensions ['colcon_meta']
[0.172s] Level 1:colcon.colcon_core.package_identification:_identify(.) by extension 'colcon_meta'
[0.172s] Level 1:colcon.colcon_core.package_identification:_identify(.) by extensions ['ros']
[0.172s] Level 1:colcon.colcon_core.package_identification:_identify(.) by extension 'ros'
[0.198s] Level 1:colcon.colcon_core.package_identification:_identify(.) by extensions ['cmake', 'python']
[0.198s] Level 1:colcon.colcon_core.package_identification:_identify(.) by extension 'cmake'
[0.198s] Level 1:colcon.colcon_core.package_identification:_identify(.) by extension 'python'
[0.198s] Level 1:colcon.colcon_core.package_identification:_identify(.) by extensions ['python_setup_py']
[0.198s] Level 1:colcon.colcon_core.package_identification:_identify(.) by extension 'python_setup_py'
[0.199s] Level 1:colcon.colcon_core.package_identification:_identify(build) by extensions ['ignore', 'ignore_ament_install']
[0.199s] Level 1:colcon.colcon_core.package_identification:_identify(build) by extension 'ignore'
[0.199s] Level 1:colcon.colcon_core.package_identification:_identify(build) ignored
[0.199s] Level 1:colcon.colcon_core.package_identification:_identify(install) by extensions ['ignore', 'ignore_ament_install']
[0.199s] Level 1:colcon.colcon_core.package_identification:_identify(install) by extension 'ignore'
[0.199s] Level 1:colcon.colcon_core.package_identification:_identify(install) ignored
[0.199s] Level 1:colcon.colcon_core.package_identification:_identify(log) by extensions ['ignore', 'ignore_ament_install']
[0.199s] Level 1:colcon.colcon_core.package_identification:_identify(log) by extension 'ignore'
[0.199s] Level 1:colcon.colcon_core.package_identification:_identify(log) ignored
[0.199s] Level 1:colcon.colcon_core.package_identification:_identify(src) by extensions ['ignore', 'ignore_ament_install']
[0.200s] Level 1:colcon.colcon_core.package_identification:_identify(src) by extension 'ignore'
[0.200s] Level 1:colcon.colcon_core.package_identification:_identify(src) by extension 'ignore_ament_install'
[0.200s] Level 1:colcon.colcon_core.package_identification:_identify(src) by extensions ['colcon_pkg']
[0.200s] Level 1:colcon.colcon_core.package_identification:_identify(src) by extension 'colcon_pkg'
[0.200s] Level 1:colcon.colcon_core.package_identification:_identify(src) by extensions ['colcon_meta']
[0.200s] Level 1:colcon.colcon_core.package_identification:_identify(src) by extension 'colcon_meta'
[0.200s] Level 1:colcon.colcon_core.package_identification:_identify(src) by extensions ['ros']
[0.200s] Level 1:colcon.colcon_core.package_identification:_identify(src) by extension 'ros'
[0.200s] Level 1:colcon.colcon_core.package_identification:_identify(src) by extensions ['cmake', 'python']
[0.200s] Level 1:colcon.colcon_core.package_identification:_identify(src) by extension 'cmake'
[0.200s] Level 1:colcon.colcon_core.package_identification:_identify(src) by extension 'python'
[0.200s] Level 1:colcon.colcon_core.package_identification:_identify(src) by extensions ['python_setup_py']
[0.200s] Level 1:colcon.colcon_core.package_identification:_identify(src) by extension 'python_setup_py'
[0.200s] Level 1:colcon.colcon_core.package_identification:_identify(src/DynamixelSDK) by extensions ['ignore', 'ignore_ament_install']
[0.200s] Level 1:colcon.colcon_core.package_identification:_identify(src/DynamixelSDK) by extension 'ignore'
[0.200s] Level 1:colcon.colcon_core.package_identification:_identify(src/DynamixelSDK) by extension 'ignore_ament_install'
[0.200s] Level 1:colcon.colcon_core.package_identification:_identify(src/DynamixelSDK) by extensions ['colcon_pkg']
[0.201s] Level 1:colcon.colcon_core.package_identification:_identify(src/DynamixelSDK) by extension 'colcon_pkg'
[0.201s] Level 1:colcon.colcon_core.package_identification:_identify(src/DynamixelSDK) by extensions ['colcon_meta']
[0.201s] Level 1:colcon.colcon_core.package_identification:_identify(src/DynamixelSDK) by extension 'colcon_meta'
[0.201s] Level 1:colcon.colcon_core.package_identification:_identify(src/DynamixelSDK) by extensions ['ros']
[0.201s] Level 1:colcon.colcon_core.package_identification:_identify(src/DynamixelSDK) by extension 'ros'
[0.201s] Level 1:colcon.colcon_core.package_identification:_identify(src/DynamixelSDK) by extensions ['cmake', 'python']
[0.201s] Level 1:colcon.colcon_core.package_identification:_identify(src/DynamixelSDK) by extension 'cmake'
[0.201s] Level 1:colcon.colcon_core.package_identification:_identify(src/DynamixelSDK) by extension 'python'
[0.201s] Level 1:colcon.colcon_core.package_identification:_identify(src/DynamixelSDK) by extensions ['python_setup_py']
[0.201s] Level 1:colcon.colcon_core.package_identification:_identify(src/DynamixelSDK) by extension 'python_setup_py'
[0.201s] Level 1:colcon.colcon_core.package_identification:_identify(src/DynamixelSDK/dynamixel_sdk) by extensions ['ignore', 'ignore_ament_install']
[0.201s] Level 1:colcon.colcon_core.package_identification:_identify(src/DynamixelSDK/dynamixel_sdk) by extension 'ignore'
[0.201s] Level 1:colcon.colcon_core.package_identification:_identify(src/DynamixelSDK/dynamixel_sdk) by extension 'ignore_ament_install'
[0.201s] Level 1:colcon.colcon_core.package_identification:_identify(src/DynamixelSDK/dynamixel_sdk) by extensions ['colcon_pkg']
[0.201s] Level 1:colcon.colcon_core.package_identification:_identify(src/DynamixelSDK/dynamixel_sdk) by extension 'colcon_pkg'
[0.201s] Level 1:colcon.colcon_core.package_identification:_identify(src/DynamixelSDK/dynamixel_sdk) by extensions ['colcon_meta']
[0.202s] Level 1:colcon.colcon_core.package_identification:_identify(src/DynamixelSDK/dynamixel_sdk) by extension 'colcon_meta'
[0.202s] Level 1:colcon.colcon_core.package_identification:_identify(src/DynamixelSDK/dynamixel_sdk) by extensions ['ros']
[0.202s] Level 1:colcon.colcon_core.package_identification:_identify(src/DynamixelSDK/dynamixel_sdk) by extension 'ros'
[0.205s] DEBUG:colcon.colcon_core.package_identification:Package 'src/DynamixelSDK/dynamixel_sdk' with type 'ros.ament_cmake' and name 'dynamixel_sdk'
[0.205s] Level 1:colcon.colcon_core.package_identification:_identify(src/DynamixelSDK/dynamixel_sdk_custom_interfaces) by extensions ['ignore', 'ignore_ament_install']
[0.205s] Level 1:colcon.colcon_core.package_identification:_identify(src/DynamixelSDK/dynamixel_sdk_custom_interfaces) by extension 'ignore'
[0.205s] Level 1:colcon.colcon_core.package_identification:_identify(src/DynamixelSDK/dynamixel_sdk_custom_interfaces) by extension 'ignore_ament_install'
[0.205s] Level 1:colcon.colcon_core.package_identification:_identify(src/DynamixelSDK/dynamixel_sdk_custom_interfaces) by extensions ['colcon_pkg']
[0.205s] Level 1:colcon.colcon_core.package_identification:_identify(src/DynamixelSDK/dynamixel_sdk_custom_interfaces) by extension 'colcon_pkg'
[0.205s] Level 1:colcon.colcon_core.package_identification:_identify(src/DynamixelSDK/dynamixel_sdk_custom_interfaces) by extensions ['colcon_meta']
[0.205s] Level 1:colcon.colcon_core.package_identification:_identify(src/DynamixelSDK/dynamixel_sdk_custom_interfaces) by extension 'colcon_meta'
[0.205s] Level 1:colcon.colcon_core.package_identification:_identify(src/DynamixelSDK/dynamixel_sdk_custom_interfaces) by extensions ['ros']
[0.205s] Level 1:colcon.colcon_core.package_identification:_identify(src/DynamixelSDK/dynamixel_sdk_custom_interfaces) by extension 'ros'
[0.206s] DEBUG:colcon.colcon_core.package_identification:Package 'src/DynamixelSDK/dynamixel_sdk_custom_interfaces' with type 'ros.ament_cmake' and name 'dynamixel_sdk_custom_interfaces'
[0.206s] Level 1:colcon.colcon_core.package_identification:_identify(src/DynamixelSDK/dynamixel_sdk_examples) by extensions ['ignore', 'ignore_ament_install']
[0.206s] Level 1:colcon.colcon_core.package_identification:_identify(src/DynamixelSDK/dynamixel_sdk_examples) by extension 'ignore'
[0.206s] Level 1:colcon.colcon_core.package_identification:_identify(src/DynamixelSDK/dynamixel_sdk_examples) by extension 'ignore_ament_install'
[0.206s] Level 1:colcon.colcon_core.package_identification:_identify(src/DynamixelSDK/dynamixel_sdk_examples) by extensions ['colcon_pkg']
[0.206s] Level 1:colcon.colcon_core.package_identification:_identify(src/DynamixelSDK/dynamixel_sdk_examples) by extension 'colcon_pkg'
[0.206s] Level 1:colcon.colcon_core.package_identification:_identify(src/DynamixelSDK/dynamixel_sdk_examples) by extensions ['colcon_meta']
[0.206s] Level 1:colcon.colcon_core.package_identification:_identify(src/DynamixelSDK/dynamixel_sdk_examples) by extension 'colcon_meta'
[0.206s] Level 1:colcon.colcon_core.package_identification:_identify(src/DynamixelSDK/dynamixel_sdk_examples) by extensions ['ros']
[0.206s] Level 1:colcon.colcon_core.package_identification:_identify(src/DynamixelSDK/dynamixel_sdk_examples) by extension 'ros'
[0.208s] DEBUG:colcon.colcon_core.package_identification:Package 'src/DynamixelSDK/dynamixel_sdk_examples' with type 'ros.ament_cmake' and name 'dynamixel_sdk_examples'
[0.208s] Level 1:colcon.colcon_core.package_discovery:discover_packages(recursive) using defaults
[0.208s] Level 1:colcon.colcon_core.package_discovery:discover_packages(ignore) discover
[0.208s] Level 1:colcon.colcon_core.package_discovery:discover_packages(ignore) using defaults
[0.208s] Level 1:colcon.colcon_core.package_discovery:discover_packages(path) discover
[0.208s] Level 1:colcon.colcon_core.package_discovery:discover_packages(path) using defaults
[0.230s] Level 1:colcon.colcon_core.package_discovery:discover_packages(prefix_path) check parameters
[0.230s] Level 1:colcon.colcon_core.package_discovery:discover_packages(prefix_path) discover
[0.234s] DEBUG:colcon.colcon_installed_package_information.package_discovery:Found 3 installed packages in /home/ibyou/robotis_ws/install
[0.235s] DEBUG:colcon.colcon_installed_package_information.package_discovery:Found 171 installed packages in /opt/ros/foxy
[0.236s] Level 1:colcon.colcon_core.package_discovery:discover_packages(prefix_path) using defaults
[0.272s] Level 5:colcon.colcon_core.verb:set package 'dynamixel_sdk' build argument 'cmake_args' from command line to 'None'
[0.273s] Level 5:colcon.colcon_core.verb:set package 'dynamixel_sdk' build argument 'cmake_target' from command line to 'None'
[0.273s] Level 5:colcon.colcon_core.verb:set package 'dynamixel_sdk' build argument 'cmake_target_skip_unavailable' from command line to 'False'
[0.273s] Level 5:colcon.colcon_core.verb:set package 'dynamixel_sdk' build argument 'cmake_clean_cache' from command line to 'False'
[0.273s] Level 5:colcon.colcon_core.verb:set package 'dynamixel_sdk' build argument 'cmake_clean_first' from command line to 'False'
[0.273s] Level 5:colcon.colcon_core.verb:set package 'dynamixel_sdk' build argument 'cmake_force_configure' from command line to 'False'
[0.273s] Level 5:colcon.colcon_core.verb:set package 'dynamixel_sdk' build argument 'ament_cmake_args' from command line to 'None'
[0.273s] Level 5:colcon.colcon_core.verb:set package 'dynamixel_sdk' build argument 'catkin_cmake_args' from command line to 'None'
[0.273s] Level 5:colcon.colcon_core.verb:set package 'dynamixel_sdk' build argument 'catkin_skip_building_tests' from command line to 'False'
[0.273s] DEBUG:colcon.colcon_core.verb:Building package 'dynamixel_sdk' with the following arguments: {'ament_cmake_args': None, 'build_base': '/home/ibyou/robotis_ws/build/dynamixel_sdk', 'catkin_cmake_args': None, 'catkin_skip_building_tests': False, 'cmake_args': None, 'cmake_clean_cache': False, 'cmake_clean_first': False, 'cmake_force_configure': False, 'cmake_target': None, 'cmake_target_skip_unavailable': False, 'install_base': '/home/ibyou/robotis_ws/install/dynamixel_sdk', 'merge_install': False, 'path': '/home/ibyou/robotis_ws/src/DynamixelSDK/dynamixel_sdk', 'symlink_install': True, 'test_result_base': None}
[0.274s] Level 5:colcon.colcon_core.verb:set package 'dynamixel_sdk_custom_interfaces' build argument 'cmake_args' from command line to 'None'
[0.274s] Level 5:colcon.colcon_core.verb:set package 'dynamixel_sdk_custom_interfaces' build argument 'cmake_target' from command line to 'None'
[0.274s] Level 5:colcon.colcon_core.verb:set package 'dynamixel_sdk_custom_interfaces' build argument 'cmake_target_skip_unavailable' from command line to 'False'
[0.274s] Level 5:colcon.colcon_core.verb:set package 'dynamixel_sdk_custom_interfaces' build argument 'cmake_clean_cache' from command line to 'False'
[0.274s] Level 5:colcon.colcon_core.verb:set package 'dynamixel_sdk_custom_interfaces' build argument 'cmake_clean_first' from command line to 'False'
[0.274s] Level 5:colcon.colcon_core.verb:set package 'dynamixel_sdk_custom_interfaces' build argument 'cmake_force_configure' from command line to 'False'
[0.274s] Level 5:colcon.colcon_core.verb:set package 'dynamixel_sdk_custom_interfaces' build argument 'ament_cmake_args' from command line to 'None'
[0.274s] Level 5:colcon.colcon_core.verb:set package 'dynamixel_sdk_custom_interfaces' build argument 'catkin_cmake_args' from command line to 'None'
[0.274s] Level 5:colcon.colcon_core.verb:set package 'dynamixel_sdk_custom_interfaces' build argument 'catkin_skip_building_tests' from command line to 'False'
[0.275s] DEBUG:colcon.colcon_core.verb:Building package 'dynamixel_sdk_custom_interfaces' with the following arguments: {'ament_cmake_args': None, 'build_base': '/home/ibyou/robotis_ws/build/dynamixel_sdk_custom_interfaces', 'catkin_cmake_args': None, 'catkin_skip_building_tests': False, 'cmake_args': None, 'cmake_clean_cache': False, 'cmake_clean_first': False, 'cmake_force_configure': False, 'cmake_target': None, 'cmake_target_skip_unavailable': False, 'install_base': '/home/ibyou/robotis_ws/install/dynamixel_sdk_custom_interfaces', 'merge_install': False, 'path': '/home/ibyou/robotis_ws/src/DynamixelSDK/dynamixel_sdk_custom_interfaces', 'symlink_install': True, 'test_result_base': None}
[0.277s] Level 5:colcon.colcon_core.verb:set package 'dynamixel_sdk_examples' build argument 'cmake_args' from command line to 'None'
[0.277s] Level 5:colcon.colcon_core.verb:set package 'dynamixel_sdk_examples' build argument 'cmake_target' from command line to 'None'
[0.277s] Level 5:colcon.colcon_core.verb:set package 'dynamixel_sdk_examples' build argument 'cmake_target_skip_unavailable' from command line to 'False'
[0.277s] Level 5:colcon.colcon_core.verb:set package 'dynamixel_sdk_examples' build argument 'cmake_clean_cache' from command line to 'False'
[0.277s] Level 5:colcon.colcon_core.verb:set package 'dynamixel_sdk_examples' build argument 'cmake_clean_first' from command line to 'False'
[0.277s] Level 5:colcon.colcon_core.verb:set package 'dynamixel_sdk_examples' build argument 'cmake_force_configure' from command line to 'False'
[0.278s] Level 5:colcon.colcon_core.verb:set package 'dynamixel_sdk_examples' build argument 'ament_cmake_args' from command line to 'None'
[0.278s] Level 5:colcon.colcon_core.verb:set package 'dynamixel_sdk_examples' build argument 'catkin_cmake_args' from command line to 'None'
[0.278s] Level 5:colcon.colcon_core.verb:set package 'dynamixel_sdk_examples' build argument 'catkin_skip_building_tests' from command line to 'False'
[0.278s] DEBUG:colcon.colcon_core.verb:Building package 'dynamixel_sdk_examples' with the following arguments: {'ament_cmake_args': None, 'build_base': '/home/ibyou/robotis_ws/build/dynamixel_sdk_examples', 'catkin_cmake_args': None, 'catkin_skip_building_tests': False, 'cmake_args': None, 'cmake_clean_cache': False, 'cmake_clean_first': False, 'cmake_force_configure': False, 'cmake_target': None, 'cmake_target_skip_unavailable': False, 'install_base': '/home/ibyou/robotis_ws/install/dynamixel_sdk_examples', 'merge_install': False, 'path': '/home/ibyou/robotis_ws/src/DynamixelSDK/dynamixel_sdk_examples', 'symlink_install': True, 'test_result_base': None}
[0.280s] INFO:colcon.colcon_core.executor:Executing jobs using 'parallel' executor
[0.287s] DEBUG:colcon.colcon_parallel_executor.executor.parallel:run_until_complete
[0.288s] INFO:colcon.colcon_ros.task.ament_cmake.build:Building ROS package in '/home/ibyou/robotis_ws/src/DynamixelSDK/dynamixel_sdk' with build type 'ament_cmake'
[0.288s] INFO:colcon.colcon_cmake.task.cmake.build:Building CMake package in '/home/ibyou/robotis_ws/src/DynamixelSDK/dynamixel_sdk'
[0.293s] INFO:colcon.colcon_core.plugin_system:Skipping extension 'colcon_core.shell.bat': Not used on non-Windows systems
[0.293s] INFO:colcon.colcon_core.shell:Skip shell extension 'powershell' for command environment: Not usable outside of PowerShell
[0.293s] DEBUG:colcon.colcon_core.shell:Skip shell extension 'dsv' for command environment
[0.299s] INFO:colcon.colcon_ros.task.ament_cmake.build:Building ROS package in '/home/ibyou/robotis_ws/src/DynamixelSDK/dynamixel_sdk_custom_interfaces' with build type 'ament_cmake'
[0.300s] INFO:colcon.colcon_cmake.task.cmake.build:Building CMake package in '/home/ibyou/robotis_ws/src/DynamixelSDK/dynamixel_sdk_custom_interfaces'
[0.303s] INFO:colcon.colcon_core.shell:Skip shell extension 'powershell' for command environment: Not usable outside of PowerShell
[0.303s] DEBUG:colcon.colcon_core.shell:Skip shell extension 'dsv' for command environment
[0.318s] DEBUG:colcon.colcon_core.event_handler.log_command:Invoking command in '/home/ibyou/robotis_ws/build/dynamixel_sdk': CMAKE_PREFIX_PATH=${CMAKE_PREFIX_PATH}:/opt/ros/foxy /usr/bin/cmake --build /home/ibyou/robotis_ws/build/dynamixel_sdk -- -j12 -l12
[0.326s] DEBUG:colcon.colcon_core.event_handler.log_command:Invoking command in '/home/ibyou/robotis_ws/build/dynamixel_sdk_custom_interfaces': CMAKE_PREFIX_PATH=${CMAKE_PREFIX_PATH}:/opt/ros/foxy /usr/bin/cmake --build /home/ibyou/robotis_ws/build/dynamixel_sdk_custom_interfaces -- -j12 -l12
[0.374s] DEBUG:colcon.colcon_core.event_handler.log_command:Invoked command in '/home/ibyou/robotis_ws/build/dynamixel_sdk' returned '0': CMAKE_PREFIX_PATH=${CMAKE_PREFIX_PATH}:/opt/ros/foxy /usr/bin/cmake --build /home/ibyou/robotis_ws/build/dynamixel_sdk -- -j12 -l12
[0.424s] DEBUG:colcon.colcon_core.event_handler.log_command:Invoking command in '/home/ibyou/robotis_ws/build/dynamixel_sdk': CMAKE_PREFIX_PATH=${CMAKE_PREFIX_PATH}:/opt/ros/foxy /usr/bin/cmake --install /home/ibyou/robotis_ws/build/dynamixel_sdk
[0.451s] Level 1:colcon.colcon_core.environment:create_environment_scripts_only(dynamixel_sdk)
[0.454s] DEBUG:colcon.colcon_core.event_handler.log_command:Invoked command in '/home/ibyou/robotis_ws/build/dynamixel_sdk' returned '0': CMAKE_PREFIX_PATH=${CMAKE_PREFIX_PATH}:/opt/ros/foxy /usr/bin/cmake --install /home/ibyou/robotis_ws/build/dynamixel_sdk
[0.459s] Level 1:colcon.colcon_core.environment:checking '/home/ibyou/robotis_ws/install/dynamixel_sdk' for CMake module files
[0.460s] Level 1:colcon.colcon_core.environment:checking '/home/ibyou/robotis_ws/install/dynamixel_sdk' for CMake config files
[0.460s] Level 1:colcon.colcon_core.shell:create_environment_hook('dynamixel_sdk', 'cmake_prefix_path')
[0.462s] INFO:colcon.colcon_core.shell:Creating environment hook '/home/ibyou/robotis_ws/install/dynamixel_sdk/share/dynamixel_sdk/hook/cmake_prefix_path.ps1'
[0.463s] INFO:colcon.colcon_core.shell:Creating environment descriptor '/home/ibyou/robotis_ws/install/dynamixel_sdk/share/dynamixel_sdk/hook/cmake_prefix_path.dsv'
[0.463s] INFO:colcon.colcon_core.shell:Creating environment hook '/home/ibyou/robotis_ws/install/dynamixel_sdk/share/dynamixel_sdk/hook/cmake_prefix_path.sh'
[0.464s] Level 1:colcon.colcon_core.environment:checking '/home/ibyou/robotis_ws/install/dynamixel_sdk/lib'
[0.465s] Level 1:colcon.colcon_core.shell:create_environment_hook('dynamixel_sdk', 'ld_library_path_lib')
[0.467s] INFO:colcon.colcon_core.shell:Creating environment hook '/home/ibyou/robotis_ws/install/dynamixel_sdk/share/dynamixel_sdk/hook/ld_library_path_lib.ps1'
[0.468s] INFO:colcon.colcon_core.shell:Creating environment descriptor '/home/ibyou/robotis_ws/install/dynamixel_sdk/share/dynamixel_sdk/hook/ld_library_path_lib.dsv'
[0.468s] INFO:colcon.colcon_core.shell:Creating environment hook '/home/ibyou/robotis_ws/install/dynamixel_sdk/share/dynamixel_sdk/hook/ld_library_path_lib.sh'
[0.468s] Level 1:colcon.colcon_core.environment:checking '/home/ibyou/robotis_ws/install/dynamixel_sdk/bin'
[0.468s] Level 1:colcon.colcon_core.environment:checking '/home/ibyou/robotis_ws/install/dynamixel_sdk/lib/pkgconfig/dynamixel_sdk.pc'
[0.469s] Level 1:colcon.colcon_core.environment:checking '/home/ibyou/robotis_ws/install/dynamixel_sdk/lib/python3.8/site-packages'
[0.469s] Level 1:colcon.colcon_core.environment:checking '/home/ibyou/robotis_ws/install/dynamixel_sdk/bin'
[0.472s] INFO:colcon.colcon_core.shell:Creating package script '/home/ibyou/robotis_ws/install/dynamixel_sdk/share/dynamixel_sdk/package.ps1'
[0.472s] INFO:colcon.colcon_core.shell:Creating package descriptor '/home/ibyou/robotis_ws/install/dynamixel_sdk/share/dynamixel_sdk/package.dsv'
[0.473s] INFO:colcon.colcon_core.shell:Creating package script '/home/ibyou/robotis_ws/install/dynamixel_sdk/share/dynamixel_sdk/package.sh'
[0.473s] INFO:colcon.colcon_core.shell:Creating package script '/home/ibyou/robotis_ws/install/dynamixel_sdk/share/dynamixel_sdk/package.bash'
[0.474s] INFO:colcon.colcon_core.shell:Creating package script '/home/ibyou/robotis_ws/install/dynamixel_sdk/share/dynamixel_sdk/package.zsh'
[0.474s] Level 1:colcon.colcon_core.environment:create_file_with_runtime_dependencies(/home/ibyou/robotis_ws/install/dynamixel_sdk/share/colcon-core/packages/dynamixel_sdk)
[0.512s] Level 1:colcon.colcon_core.environment:create_environment_scripts_only(dynamixel_sdk)
[0.516s] Level 1:colcon.colcon_core.environment:checking '/home/ibyou/robotis_ws/install/dynamixel_sdk' for CMake module files
[0.517s] Level 1:colcon.colcon_core.environment:checking '/home/ibyou/robotis_ws/install/dynamixel_sdk' for CMake config files
[0.517s] Level 1:colcon.colcon_core.shell:create_environment_hook('dynamixel_sdk', 'cmake_prefix_path')
[0.520s] INFO:colcon.colcon_core.shell:Creating environment hook '/home/ibyou/robotis_ws/install/dynamixel_sdk/share/dynamixel_sdk/hook/cmake_prefix_path.ps1'
[0.521s] INFO:colcon.colcon_core.shell:Creating environment descriptor '/home/ibyou/robotis_ws/install/dynamixel_sdk/share/dynamixel_sdk/hook/cmake_prefix_path.dsv'
[0.521s] INFO:colcon.colcon_core.shell:Creating environment hook '/home/ibyou/robotis_ws/install/dynamixel_sdk/share/dynamixel_sdk/hook/cmake_prefix_path.sh'
[0.521s] Level 1:colcon.colcon_core.environment:checking '/home/ibyou/robotis_ws/install/dynamixel_sdk/lib'
[0.521s] Level 1:colcon.colcon_core.shell:create_environment_hook('dynamixel_sdk', 'ld_library_path_lib')
[0.524s] INFO:colcon.colcon_core.shell:Creating environment hook '/home/ibyou/robotis_ws/install/dynamixel_sdk/share/dynamixel_sdk/hook/ld_library_path_lib.ps1'
[0.525s] INFO:colcon.colcon_core.shell:Creating environment descriptor '/home/ibyou/robotis_ws/install/dynamixel_sdk/share/dynamixel_sdk/hook/ld_library_path_lib.dsv'
[0.525s] INFO:colcon.colcon_core.shell:Creating environment hook '/home/ibyou/robotis_ws/install/dynamixel_sdk/share/dynamixel_sdk/hook/ld_library_path_lib.sh'
[0.526s] Level 1:colcon.colcon_core.environment:checking '/home/ibyou/robotis_ws/install/dynamixel_sdk/bin'
[0.526s] Level 1:colcon.colcon_core.environment:checking '/home/ibyou/robotis_ws/install/dynamixel_sdk/lib/pkgconfig/dynamixel_sdk.pc'
[0.526s] Level 1:colcon.colcon_core.environment:checking '/home/ibyou/robotis_ws/install/dynamixel_sdk/lib/python3.8/site-packages'
[0.527s] Level 1:colcon.colcon_core.environment:checking '/home/ibyou/robotis_ws/install/dynamixel_sdk/bin'
[0.529s] INFO:colcon.colcon_core.shell:Creating package script '/home/ibyou/robotis_ws/install/dynamixel_sdk/share/dynamixel_sdk/package.ps1'
[0.530s] INFO:colcon.colcon_core.shell:Creating package descriptor '/home/ibyou/robotis_ws/install/dynamixel_sdk/share/dynamixel_sdk/package.dsv'
[0.531s] INFO:colcon.colcon_core.shell:Creating package script '/home/ibyou/robotis_ws/install/dynamixel_sdk/share/dynamixel_sdk/package.sh'
[0.532s] INFO:colcon.colcon_core.shell:Creating package script '/home/ibyou/robotis_ws/install/dynamixel_sdk/share/dynamixel_sdk/package.bash'
[0.532s] INFO:colcon.colcon_core.shell:Creating package script '/home/ibyou/robotis_ws/install/dynamixel_sdk/share/dynamixel_sdk/package.zsh'
[0.533s] Level 1:colcon.colcon_core.environment:create_file_with_runtime_dependencies(/home/ibyou/robotis_ws/install/dynamixel_sdk/share/colcon-core/packages/dynamixel_sdk)
[0.542s] DEBUG:colcon.colcon_core.event_handler.log_command:Invoked command in '/home/ibyou/robotis_ws/build/dynamixel_sdk_custom_interfaces' returned '0': CMAKE_PREFIX_PATH=${CMAKE_PREFIX_PATH}:/opt/ros/foxy /usr/bin/cmake --build /home/ibyou/robotis_ws/build/dynamixel_sdk_custom_interfaces -- -j12 -l12
[0.602s] DEBUG:colcon.colcon_core.event_handler.log_command:Invoking command in '/home/ibyou/robotis_ws/build/dynamixel_sdk_custom_interfaces': CMAKE_PREFIX_PATH=${CMAKE_PREFIX_PATH}:/opt/ros/foxy /usr/bin/cmake --install /home/ibyou/robotis_ws/build/dynamixel_sdk_custom_interfaces
[0.674s] Level 1:colcon.colcon_core.environment:create_environment_scripts_only(dynamixel_sdk_custom_interfaces)
[0.679s] Level 1:colcon.colcon_core.environment:checking '/home/ibyou/robotis_ws/install/dynamixel_sdk_custom_interfaces' for CMake module files
[0.679s] DEBUG:colcon.colcon_core.event_handler.log_command:Invoked command in '/home/ibyou/robotis_ws/build/dynamixel_sdk_custom_interfaces' returned '0': CMAKE_PREFIX_PATH=${CMAKE_PREFIX_PATH}:/opt/ros/foxy /usr/bin/cmake --install /home/ibyou/robotis_ws/build/dynamixel_sdk_custom_interfaces
[0.680s] Level 1:colcon.colcon_core.environment:checking '/home/ibyou/robotis_ws/install/dynamixel_sdk_custom_interfaces' for CMake config files
[0.680s] Level 1:colcon.colcon_core.shell:create_environment_hook('dynamixel_sdk_custom_interfaces', 'cmake_prefix_path')
[0.683s] INFO:colcon.colcon_core.shell:Creating environment hook '/home/ibyou/robotis_ws/install/dynamixel_sdk_custom_interfaces/share/dynamixel_sdk_custom_interfaces/hook/cmake_prefix_path.ps1'
[0.684s] INFO:colcon.colcon_core.shell:Creating environment descriptor '/home/ibyou/robotis_ws/install/dynamixel_sdk_custom_interfaces/share/dynamixel_sdk_custom_interfaces/hook/cmake_prefix_path.dsv'
[0.684s] INFO:colcon.colcon_core.shell:Creating environment hook '/home/ibyou/robotis_ws/install/dynamixel_sdk_custom_interfaces/share/dynamixel_sdk_custom_interfaces/hook/cmake_prefix_path.sh'
[0.684s] Level 1:colcon.colcon_core.environment:checking '/home/ibyou/robotis_ws/install/dynamixel_sdk_custom_interfaces/lib'
[0.684s] Level 1:colcon.colcon_core.shell:create_environment_hook('dynamixel_sdk_custom_interfaces', 'ld_library_path_lib')
[0.688s] INFO:colcon.colcon_core.shell:Creating environment hook '/home/ibyou/robotis_ws/install/dynamixel_sdk_custom_interfaces/share/dynamixel_sdk_custom_interfaces/hook/ld_library_path_lib.ps1'
[0.688s] INFO:colcon.colcon_core.shell:Creating environment descriptor '/home/ibyou/robotis_ws/install/dynamixel_sdk_custom_interfaces/share/dynamixel_sdk_custom_interfaces/hook/ld_library_path_lib.dsv'
[0.688s] INFO:colcon.colcon_core.shell:Creating environment hook '/home/ibyou/robotis_ws/install/dynamixel_sdk_custom_interfaces/share/dynamixel_sdk_custom_interfaces/hook/ld_library_path_lib.sh'
[0.689s] Level 1:colcon.colcon_core.environment:checking '/home/ibyou/robotis_ws/install/dynamixel_sdk_custom_interfaces/bin'
[0.689s] Level 1:colcon.colcon_core.environment:checking '/home/ibyou/robotis_ws/install/dynamixel_sdk_custom_interfaces/lib/pkgconfig/dynamixel_sdk_custom_interfaces.pc'
[0.689s] Level 1:colcon.colcon_core.environment:checking '/home/ibyou/robotis_ws/install/dynamixel_sdk_custom_interfaces/lib/python3.8/site-packages'
[0.689s] Level 1:colcon.colcon_core.shell:create_environment_hook('dynamixel_sdk_custom_interfaces', 'pythonpath')
[0.693s] INFO:colcon.colcon_core.shell:Creating environment hook '/home/ibyou/robotis_ws/install/dynamixel_sdk_custom_interfaces/share/dynamixel_sdk_custom_interfaces/hook/pythonpath.ps1'
[0.693s] INFO:colcon.colcon_core.shell:Creating environment descriptor '/home/ibyou/robotis_ws/install/dynamixel_sdk_custom_interfaces/share/dynamixel_sdk_custom_interfaces/hook/pythonpath.dsv'
[0.694s] INFO:colcon.colcon_core.shell:Creating environment hook '/home/ibyou/robotis_ws/install/dynamixel_sdk_custom_interfaces/share/dynamixel_sdk_custom_interfaces/hook/pythonpath.sh'
[0.694s] Level 1:colcon.colcon_core.environment:checking '/home/ibyou/robotis_ws/install/dynamixel_sdk_custom_interfaces/bin'
[0.698s] INFO:colcon.colcon_core.shell:Creating package script '/home/ibyou/robotis_ws/install/dynamixel_sdk_custom_interfaces/share/dynamixel_sdk_custom_interfaces/package.ps1'
[0.698s] INFO:colcon.colcon_core.shell:Creating package descriptor '/home/ibyou/robotis_ws/install/dynamixel_sdk_custom_interfaces/share/dynamixel_sdk_custom_interfaces/package.dsv'
[0.698s] INFO:colcon.colcon_core.shell:Creating package script '/home/ibyou/robotis_ws/install/dynamixel_sdk_custom_interfaces/share/dynamixel_sdk_custom_interfaces/package.sh'
[0.699s] INFO:colcon.colcon_core.shell:Creating package script '/home/ibyou/robotis_ws/install/dynamixel_sdk_custom_interfaces/share/dynamixel_sdk_custom_interfaces/package.bash'
[0.699s] INFO:colcon.colcon_core.shell:Creating package script '/home/ibyou/robotis_ws/install/dynamixel_sdk_custom_interfaces/share/dynamixel_sdk_custom_interfaces/package.zsh'
[0.699s] Level 1:colcon.colcon_core.environment:create_file_with_runtime_dependencies(/home/ibyou/robotis_ws/install/dynamixel_sdk_custom_interfaces/share/colcon-core/packages/dynamixel_sdk_custom_interfaces)
[0.765s] Level 1:colcon.colcon_core.environment:create_environment_scripts_only(dynamixel_sdk_custom_interfaces)
[0.770s] Level 1:colcon.colcon_core.environment:checking '/home/ibyou/robotis_ws/install/dynamixel_sdk_custom_interfaces' for CMake module files
[0.770s] Level 1:colcon.colcon_core.environment:checking '/home/ibyou/robotis_ws/install/dynamixel_sdk_custom_interfaces' for CMake config files
[0.771s] Level 1:colcon.colcon_core.shell:create_environment_hook('dynamixel_sdk_custom_interfaces', 'cmake_prefix_path')
[0.774s] INFO:colcon.colcon_core.shell:Creating environment hook '/home/ibyou/robotis_ws/install/dynamixel_sdk_custom_interfaces/share/dynamixel_sdk_custom_interfaces/hook/cmake_prefix_path.ps1'
[0.774s] INFO:colcon.colcon_core.shell:Creating environment descriptor '/home/ibyou/robotis_ws/install/dynamixel_sdk_custom_interfaces/share/dynamixel_sdk_custom_interfaces/hook/cmake_prefix_path.dsv'
[0.774s] INFO:colcon.colcon_core.shell:Creating environment hook '/home/ibyou/robotis_ws/install/dynamixel_sdk_custom_interfaces/share/dynamixel_sdk_custom_interfaces/hook/cmake_prefix_path.sh'
[0.775s] Level 1:colcon.colcon_core.environment:checking '/home/ibyou/robotis_ws/install/dynamixel_sdk_custom_interfaces/lib'
[0.775s] Level 1:colcon.colcon_core.shell:create_environment_hook('dynamixel_sdk_custom_interfaces', 'ld_library_path_lib')
[0.778s] INFO:colcon.colcon_core.shell:Creating environment hook '/home/ibyou/robotis_ws/install/dynamixel_sdk_custom_interfaces/share/dynamixel_sdk_custom_interfaces/hook/ld_library_path_lib.ps1'
[0.778s] INFO:colcon.colcon_core.shell:Creating environment descriptor '/home/ibyou/robotis_ws/install/dynamixel_sdk_custom_interfaces/share/dynamixel_sdk_custom_interfaces/hook/ld_library_path_lib.dsv'
[0.778s] INFO:colcon.colcon_core.shell:Creating environment hook '/home/ibyou/robotis_ws/install/dynamixel_sdk_custom_interfaces/share/dynamixel_sdk_custom_interfaces/hook/ld_library_path_lib.sh'
[0.778s] Level 1:colcon.colcon_core.environment:checking '/home/ibyou/robotis_ws/install/dynamixel_sdk_custom_interfaces/bin'
[0.778s] Level 1:colcon.colcon_core.environment:checking '/home/ibyou/robotis_ws/install/dynamixel_sdk_custom_interfaces/lib/pkgconfig/dynamixel_sdk_custom_interfaces.pc'
[0.779s] Level 1:colcon.colcon_core.environment:checking '/home/ibyou/robotis_ws/install/dynamixel_sdk_custom_interfaces/lib/python3.8/site-packages'
[0.779s] Level 1:colcon.colcon_core.shell:create_environment_hook('dynamixel_sdk_custom_interfaces', 'pythonpath')
[0.781s] INFO:colcon.colcon_core.shell:Creating environment hook '/home/ibyou/robotis_ws/install/dynamixel_sdk_custom_interfaces/share/dynamixel_sdk_custom_interfaces/hook/pythonpath.ps1'
[0.782s] INFO:colcon.colcon_core.shell:Creating environment descriptor '/home/ibyou/robotis_ws/install/dynamixel_sdk_custom_interfaces/share/dynamixel_sdk_custom_interfaces/hook/pythonpath.dsv'
[0.782s] INFO:colcon.colcon_core.shell:Creating environment hook '/home/ibyou/robotis_ws/install/dynamixel_sdk_custom_interfaces/share/dynamixel_sdk_custom_interfaces/hook/pythonpath.sh'
[0.782s] Level 1:colcon.colcon_core.environment:checking '/home/ibyou/robotis_ws/install/dynamixel_sdk_custom_interfaces/bin'
[0.785s] INFO:colcon.colcon_core.shell:Creating package script '/home/ibyou/robotis_ws/install/dynamixel_sdk_custom_interfaces/share/dynamixel_sdk_custom_interfaces/package.ps1'
[0.786s] INFO:colcon.colcon_core.shell:Creating package descriptor '/home/ibyou/robotis_ws/install/dynamixel_sdk_custom_interfaces/share/dynamixel_sdk_custom_interfaces/package.dsv'
[0.786s] INFO:colcon.colcon_core.shell:Creating package script '/home/ibyou/robotis_ws/install/dynamixel_sdk_custom_interfaces/share/dynamixel_sdk_custom_interfaces/package.sh'
[0.787s] INFO:colcon.colcon_core.shell:Creating package script '/home/ibyou/robotis_ws/install/dynamixel_sdk_custom_interfaces/share/dynamixel_sdk_custom_interfaces/package.bash'
[0.787s] INFO:colcon.colcon_core.shell:Creating package script '/home/ibyou/robotis_ws/install/dynamixel_sdk_custom_interfaces/share/dynamixel_sdk_custom_interfaces/package.zsh'
[0.787s] Level 1:colcon.colcon_core.environment:create_file_with_runtime_dependencies(/home/ibyou/robotis_ws/install/dynamixel_sdk_custom_interfaces/share/colcon-core/packages/dynamixel_sdk_custom_interfaces)
[0.788s] INFO:colcon.colcon_ros.task.ament_cmake.build:Building ROS package in '/home/ibyou/robotis_ws/src/DynamixelSDK/dynamixel_sdk_examples' with build type 'ament_cmake'
[0.788s] INFO:colcon.colcon_cmake.task.cmake.build:Building CMake package in '/home/ibyou/robotis_ws/src/DynamixelSDK/dynamixel_sdk_examples'
[0.790s] INFO:colcon.colcon_core.shell:Skip shell extension 'powershell' for command environment: Not usable outside of PowerShell
[0.790s] DEBUG:colcon.colcon_core.shell:Skip shell extension 'dsv' for command environment
[0.806s] DEBUG:colcon.colcon_core.event_handler.log_command:Invoking command in '/home/ibyou/robotis_ws/build/dynamixel_sdk_examples': CMAKE_PREFIX_PATH=/home/ibyou/robotis_ws/install/dynamixel_sdk_custom_interfaces:/home/ibyou/robotis_ws/install/dynamixel_sdk:/home/ibyou/robotis_ws/install/dynamixel_sdk_examples:/opt/ros/foxy /usr/bin/cmake --build /home/ibyou/robotis_ws/build/dynamixel_sdk_examples -- -j12 -l12
[3.118s] DEBUG:colcon.colcon_core.event_handler.log_command:Invoked command in '/home/ibyou/robotis_ws/build/dynamixel_sdk_examples' returned '2': CMAKE_PREFIX_PATH=/home/ibyou/robotis_ws/install/dynamixel_sdk_custom_interfaces:/home/ibyou/robotis_ws/install/dynamixel_sdk:/home/ibyou/robotis_ws/install/dynamixel_sdk_examples:/opt/ros/foxy /usr/bin/cmake --build /home/ibyou/robotis_ws/build/dynamixel_sdk_examples -- -j12 -l12
[3.143s] Level 1:colcon.colcon_core.environment:create_environment_scripts_only(dynamixel_sdk_examples)
[3.147s] Level 1:colcon.colcon_core.environment:checking '/home/ibyou/robotis_ws/install/dynamixel_sdk_examples' for CMake module files
[3.148s] Level 1:colcon.colcon_core.environment:checking '/home/ibyou/robotis_ws/install/dynamixel_sdk_examples' for CMake config files
[3.148s] Level 1:colcon.colcon_core.shell:create_environment_hook('dynamixel_sdk_examples', 'cmake_prefix_path')
[3.150s] INFO:colcon.colcon_core.shell:Creating environment hook '/home/ibyou/robotis_ws/install/dynamixel_sdk_examples/share/dynamixel_sdk_examples/hook/cmake_prefix_path.ps1'
[3.151s] INFO:colcon.colcon_core.shell:Creating environment descriptor '/home/ibyou/robotis_ws/install/dynamixel_sdk_examples/share/dynamixel_sdk_examples/hook/cmake_prefix_path.dsv'
[3.151s] INFO:colcon.colcon_core.shell:Creating environment hook '/home/ibyou/robotis_ws/install/dynamixel_sdk_examples/share/dynamixel_sdk_examples/hook/cmake_prefix_path.sh'
[3.152s] Level 1:colcon.colcon_core.environment:checking '/home/ibyou/robotis_ws/install/dynamixel_sdk_examples/lib'
[3.152s] Level 1:colcon.colcon_core.environment:checking '/home/ibyou/robotis_ws/install/dynamixel_sdk_examples/bin'
[3.152s] Level 1:colcon.colcon_core.environment:checking '/home/ibyou/robotis_ws/install/dynamixel_sdk_examples/lib/pkgconfig/dynamixel_sdk_examples.pc'
[3.152s] Level 1:colcon.colcon_core.environment:checking '/home/ibyou/robotis_ws/install/dynamixel_sdk_examples/lib/python3.8/site-packages'
[3.153s] Level 1:colcon.colcon_core.environment:checking '/home/ibyou/robotis_ws/install/dynamixel_sdk_examples/bin'
[3.155s] INFO:colcon.colcon_core.shell:Creating package script '/home/ibyou/robotis_ws/install/dynamixel_sdk_examples/share/dynamixel_sdk_examples/package.ps1'
[3.156s] INFO:colcon.colcon_core.shell:Creating package descriptor '/home/ibyou/robotis_ws/install/dynamixel_sdk_examples/share/dynamixel_sdk_examples/package.dsv'
[3.156s] INFO:colcon.colcon_core.shell:Creating package script '/home/ibyou/robotis_ws/install/dynamixel_sdk_examples/share/dynamixel_sdk_examples/package.sh'
[3.156s] INFO:colcon.colcon_core.shell:Creating package script '/home/ibyou/robotis_ws/install/dynamixel_sdk_examples/share/dynamixel_sdk_examples/package.bash'
[3.157s] INFO:colcon.colcon_core.shell:Creating package script '/home/ibyou/robotis_ws/install/dynamixel_sdk_examples/share/dynamixel_sdk_examples/package.zsh'
[3.157s] Level 1:colcon.colcon_core.environment:create_file_with_runtime_dependencies(/home/ibyou/robotis_ws/install/dynamixel_sdk_examples/share/colcon-core/packages/dynamixel_sdk_examples)
[3.168s] DEBUG:colcon.colcon_parallel_executor.executor.parallel:closing loop
[3.168s] DEBUG:colcon.colcon_parallel_executor.executor.parallel:loop closed
[3.168s] DEBUG:colcon.colcon_parallel_executor.executor.parallel:run_until_complete finished with '2'
[3.168s] DEBUG:colcon.colcon_core.event_reactor:joining thread
[3.175s] INFO:colcon.colcon_core.plugin_system:Skipping extension 'colcon_notification.desktop_notification.terminal_notifier': Not used on non-Darwin systems
[3.175s] INFO:colcon.colcon_core.plugin_system:Skipping extension 'colcon_notification.desktop_notification.win32': Not used on non-Windows systems
[3.175s] INFO:colcon.colcon_notification.desktop_notification:Sending desktop notification using 'notify2'
[3.192s] DEBUG:colcon.colcon_core.event_reactor:joined thread
[3.195s] INFO:colcon.colcon_core.shell:Creating prefix script '/home/ibyou/robotis_ws/install/local_setup.ps1'
[3.196s] INFO:colcon.colcon_core.shell:Creating prefix util module '/home/ibyou/robotis_ws/install/_local_setup_util_ps1.py'
[3.198s] INFO:colcon.colcon_core.shell:Creating prefix chain script '/home/ibyou/robotis_ws/install/setup.ps1'
[3.200s] INFO:colcon.colcon_core.shell:Creating prefix script '/home/ibyou/robotis_ws/install/local_setup.sh'
[3.200s] INFO:colcon.colcon_core.shell:Creating prefix util module '/home/ibyou/robotis_ws/install/_local_setup_util_sh.py'
[3.201s] INFO:colcon.colcon_core.shell:Creating prefix chain script '/home/ibyou/robotis_ws/install/setup.sh'
[3.202s] INFO:colcon.colcon_core.shell:Creating prefix script '/home/ibyou/robotis_ws/install/local_setup.bash'
[3.203s] INFO:colcon.colcon_core.shell:Creating prefix chain script '/home/ibyou/robotis_ws/install/setup.bash'
[3.205s] INFO:colcon.colcon_core.shell:Creating prefix script '/home/ibyou/robotis_ws/install/local_setup.zsh'
[3.205s] INFO:colcon.colcon_core.shell:Creating prefix chain script '/home/ibyou/robotis_ws/install/setup.zsh'
