#-----------------------------------------------------------
# Vivado v2020.2 (64-bit)
# SW Build 3064766 on Wed Nov 18 09:12:47 MST 2020
# IP Build 3064653 on Wed Nov 18 14:17:31 MST 2020
# Start of session at: Wed Jan 15 20:14:48 2020
# Process ID: 23923
# Current directory: /home/steffen/uni/Embedded-Systems_MiniProject2022/MPSoC4Drones/HLS/code/nn_inference/solution1/impl/ip
# Command line: vivado -notrace -mode batch -source run_ippack.tcl
# Log file: /home/steffen/uni/Embedded-Systems_MiniProject2022/MPSoC4Drones/HLS/code/nn_inference/solution1/impl/ip/vivado.log
# Journal file: /home/steffen/uni/Embedded-Systems_MiniProject2022/MPSoC4Drones/HLS/code/nn_inference/solution1/impl/ip/vivado.jou
#-----------------------------------------------------------
source run_ippack.tcl -notrace
INFO: [IP_Flow 19-234] Refreshing IP repositories
INFO: [IP_Flow 19-1704] No user IP repositories specified
INFO: [IP_Flow 19-2313] Loaded Vivado IP repository '/home/steffen/tools/Vivado/2020.2/data/ip'.
WARNING: [IP_Flow 19-4832] The IP name 'nn_inference_ap_dcmp_0_no_dsp_64' you have specified is long. The Windows operating system has path length limitations. It is recommended you use shorter names to reduce the likelihood of issues.
INFO: [IP_Flow 19-1686] Generating 'Synthesis' target for IP 'nn_inference_ap_dcmp_0_no_dsp_64'...
INFO: [IP_Flow 19-1686] Generating 'Simulation' target for IP 'nn_inference_ap_dcmp_0_no_dsp_64'...
WARNING: [IP_Flow 19-4832] The IP name 'nn_inference_ap_fpext_0_no_dsp_32' you have specified is long. The Windows operating system has path length limitations. It is recommended you use shorter names to reduce the likelihood of issues.
INFO: [IP_Flow 19-1686] Generating 'Synthesis' target for IP 'nn_inference_ap_fpext_0_no_dsp_32'...
INFO: [IP_Flow 19-1686] Generating 'Simulation' target for IP 'nn_inference_ap_fpext_0_no_dsp_32'...
INFO: [IP_Flow 19-234] Refreshing IP repositories
INFO: [IP_Flow 19-1704] No user IP repositories specified
INFO: [IP_Flow 19-2313] Loaded Vivado IP repository '/home/steffen/tools/Vivado/2020.2/data/ip'.
INFO: [Common 17-206] Exiting Vivado at Wed Jan 15 20:15:09 2020...
