TRACE::2023-01-13.09:01:40::SCWBifWriter::Found the complete platform /home/steffen/emb_my/MPSoC4Drones/VITIS_my/emb_system/export/emb_system/emb_system.xpfm
TRACE::2023-01-13.09:01:40::SCWBifWriter::hardware databse : u96v2_sbc_mp4d_wrapper_13
TRACE::2023-01-13.09:01:40::SCWBifWriter::bitstream found in the design
TRACE::2023-01-13.09:01:40::SCWBifWriter::Found a baremetal domain, proc: psu_cortexa53_0
TRACE::2023-01-13.09:01:40::SCWBifWriter::proc type : 
TRACE::2023-01-13.09:01:40::SCWBifWriter::proc[0] : psu_cortexa53_0
TRACE::2023-01-13.09:01:40::SCWBifWriter::Device type is : zynqMP
TRACE::2023-01-13.09:01:40::SCWBifWriter::Writing BIF to file : /home/steffen/emb_my/MPSoC4Drones/VITIS_my/emp_bare_code_system/Hardware/system.bif
TRACE::2023-01-13.09:01:40::SCWBifWriter::Writing the ZynqMP baremetal bif 
TRACE::2023-01-13.09:01:40::SCWBifWriter::System Command Ran  /home/steffen/tools/Vitis/2020.2/gnu/aarch64/lin/aarch64-none/bin/aarch64-none-elf-readelf -A  /home/steffen/emb_my/MPSoC4Drones/VITIS_my/emb_system/export/emb_system/sw/emb_system/boot/fsbl.elf
TRACE::2023-01-13.09:01:40::SCWBifWriter:: Command result  
TRACE::2023-01-13.09:01:40::SCWBifWriter::FSBL processor, command ran /home/steffen/tools/Vitis/2020.2/gnu/aarch64/lin/aarch64-none/bin/aarch64-none-elf-readelf -A  /home/steffen/emb_my/MPSoC4Drones/VITIS_my/emb_system/export/emb_system/sw/emb_system/boot/fsbl.elf
TRACE::2023-01-13.09:01:40::SCWBifWriter::FSBL target processor is a53-0
TRACE::2023-01-13.09:01:40::SCWBifWriter::Boot processor is :a53-0
TRACE::2023-01-13.09:54:01::SCWBifWriter::Found the complete platform /home/steffen/emb_my/MPSoC4Drones/VITIS_my/emb_system/export/emb_system/emb_system.xpfm
TRACE::2023-01-13.09:54:01::SCWBifWriter::hardware databse : u96v2_sbc_mp4d_wrapper_23
TRACE::2023-01-13.09:54:01::SCWBifWriter::bitstream found in the design
TRACE::2023-01-13.09:54:01::SCWBifWriter::Found a baremetal domain, proc: psu_cortexa53_0
TRACE::2023-01-13.09:54:01::SCWBifWriter::proc type : 
TRACE::2023-01-13.09:54:01::SCWBifWriter::proc[0] : psu_cortexa53_0
TRACE::2023-01-13.09:54:01::SCWBifWriter::Device type is : zynqMP
TRACE::2023-01-13.09:54:01::SCWBifWriter::Writing BIF to file : /home/steffen/emb_my/MPSoC4Drones/VITIS_my/emp_bare_code_system/Hardware/system.bif
TRACE::2023-01-13.09:54:01::SCWBifWriter::Writing the ZynqMP baremetal bif 
TRACE::2023-01-13.09:54:01::SCWBifWriter::System Command Ran  /home/steffen/tools/Vitis/2020.2/gnu/aarch64/lin/aarch64-none/bin/aarch64-none-elf-readelf -A  /home/steffen/emb_my/MPSoC4Drones/VITIS_my/emb_system/export/emb_system/sw/emb_system/boot/fsbl.elf
TRACE::2023-01-13.09:54:01::SCWBifWriter:: Command result  
TRACE::2023-01-13.09:54:01::SCWBifWriter::FSBL processor, command ran /home/steffen/tools/Vitis/2020.2/gnu/aarch64/lin/aarch64-none/bin/aarch64-none-elf-readelf -A  /home/steffen/emb_my/MPSoC4Drones/VITIS_my/emb_system/export/emb_system/sw/emb_system/boot/fsbl.elf
TRACE::2023-01-13.09:54:01::SCWBifWriter::FSBL target processor is a53-0
TRACE::2023-01-13.09:54:01::SCWBifWriter::Boot processor is :a53-0
TRACE::2023-01-13.10:53:59::SCWBifWriter::Found the complete platform /home/steffen/emb_my/MPSoC4Drones/VITIS_my/emb_system/export/emb_system/emb_system.xpfm
TRACE::2023-01-13.10:53:59::SCWBifWriter::hardware databse : u96v2_sbc_mp4d_wrapper_35
TRACE::2023-01-13.10:53:59::SCWBifWriter::bitstream found in the design
TRACE::2023-01-13.10:53:59::SCWBifWriter::Found a baremetal domain, proc: psu_cortexa53_0
TRACE::2023-01-13.10:53:59::SCWBifWriter::proc type : 
TRACE::2023-01-13.10:53:59::SCWBifWriter::proc[0] : psu_cortexa53_0
TRACE::2023-01-13.10:53:59::SCWBifWriter::Device type is : zynqMP
TRACE::2023-01-13.10:53:59::SCWBifWriter::Writing BIF to file : /home/steffen/emb_my/MPSoC4Drones/VITIS_my/emp_bare_code_system/Hardware/system.bif
TRACE::2023-01-13.10:53:59::SCWBifWriter::Writing the ZynqMP baremetal bif 
TRACE::2023-01-13.10:53:59::SCWBifWriter::System Command Ran  /home/steffen/tools/Vitis/2020.2/gnu/aarch64/lin/aarch64-none/bin/aarch64-none-elf-readelf -A  /home/steffen/emb_my/MPSoC4Drones/VITIS_my/emb_system/export/emb_system/sw/emb_system/boot/fsbl.elf
TRACE::2023-01-13.10:53:59::SCWBifWriter:: Command result  
TRACE::2023-01-13.10:53:59::SCWBifWriter::FSBL processor, command ran /home/steffen/tools/Vitis/2020.2/gnu/aarch64/lin/aarch64-none/bin/aarch64-none-elf-readelf -A  /home/steffen/emb_my/MPSoC4Drones/VITIS_my/emb_system/export/emb_system/sw/emb_system/boot/fsbl.elf
TRACE::2023-01-13.10:53:59::SCWBifWriter::FSBL target processor is a53-0
TRACE::2023-01-13.10:53:59::SCWBifWriter::Boot processor is :a53-0
TRACE::2023-01-13.13:35:38::SCWBifWriter::Found the complete platform /home/steffen/emb_my/MPSoC4Drones/VITIS_my/emb_system/export/emb_system/emb_system.xpfm
TRACE::2023-01-13.13:35:38::SCWBifWriter::hardware databse : u96v2_sbc_mp4d_wrapper_16
TRACE::2023-01-13.13:35:38::SCWBifWriter::bitstream found in the design
TRACE::2023-01-13.13:35:38::SCWBifWriter::Found a baremetal domain, proc: psu_cortexa53_0
TRACE::2023-01-13.13:35:38::SCWBifWriter::proc type : 
TRACE::2023-01-13.13:35:38::SCWBifWriter::proc[0] : psu_cortexa53_0
TRACE::2023-01-13.13:35:38::SCWBifWriter::Device type is : zynqMP
TRACE::2023-01-13.13:35:38::SCWBifWriter::Writing BIF to file : /home/steffen/emb_my/MPSoC4Drones/VITIS_my/emp_bare_code_system/Hardware/system.bif
TRACE::2023-01-13.13:35:38::SCWBifWriter::Writing the ZynqMP baremetal bif 
TRACE::2023-01-13.13:35:38::SCWBifWriter::System Command Ran  /home/steffen/tools/Vitis/2020.2/gnu/aarch64/lin/aarch64-none/bin/aarch64-none-elf-readelf -A  /home/steffen/emb_my/MPSoC4Drones/VITIS_my/emb_system/export/emb_system/sw/emb_system/boot/fsbl.elf
TRACE::2023-01-13.13:35:38::SCWBifWriter:: Command result  
TRACE::2023-01-13.13:35:38::SCWBifWriter::FSBL processor, command ran /home/steffen/tools/Vitis/2020.2/gnu/aarch64/lin/aarch64-none/bin/aarch64-none-elf-readelf -A  /home/steffen/emb_my/MPSoC4Drones/VITIS_my/emb_system/export/emb_system/sw/emb_system/boot/fsbl.elf
TRACE::2023-01-13.13:35:38::SCWBifWriter::FSBL target processor is a53-0
TRACE::2023-01-13.13:35:38::SCWBifWriter::Boot processor is :a53-0
