[0.024s] Invoking command in '/home/ibyou/robotis_ws/build/dynamixel_sdk': CMAKE_PREFIX_PATH=/opt/ros/foxy /usr/bin/cmake --build /home/ibyou/robotis_ws/build/dynamixel_sdk -- -j12 -l12
[0.069s] [100%] Built target dynamixel_sdk
[0.080s] Invoked command in '/home/ibyou/robotis_ws/build/dynamixel_sdk' returned '0': CMAKE_PREFIX_PATH=/opt/ros/foxy /usr/bin/cmake --build /home/ibyou/robotis_ws/build/dynamixel_sdk -- -j12 -l12
[0.126s] Invoking command in '/home/ibyou/robotis_ws/build/dynamixel_sdk': CMAKE_PREFIX_PATH=/opt/ros/foxy /usr/bin/cmake --install /home/ibyou/robotis_ws/build/dynamixel_sdk
[0.133s] -- Install configuration: ""
[0.133s] -- Execute custom install script
[0.134s] -- Up-to-date symlink: /home/ibyou/robotis_ws/install/dynamixel_sdk/include//dynamixel_sdk/dynamixel_sdk.h
[0.134s] -- Up-to-date symlink: /home/ibyou/robotis_ws/install/dynamixel_sdk/include//dynamixel_sdk/group_bulk_read.h
[0.135s] -- Up-to-date symlink: /home/ibyou/robotis_ws/install/dynamixel_sdk/include//dynamixel_sdk/group_bulk_write.h
[0.135s] -- Up-to-date symlink: /home/ibyou/robotis_ws/install/dynamixel_sdk/include//dynamixel_sdk/group_sync_read.h
[0.135s] -- Up-to-date symlink: /home/ibyou/robotis_ws/install/dynamixel_sdk/include//dynamixel_sdk/group_sync_write.h
[0.135s] -- Up-to-date symlink: /home/ibyou/robotis_ws/install/dynamixel_sdk/include//dynamixel_sdk/packet_handler.h
[0.136s] -- Up-to-date symlink: /home/ibyou/robotis_ws/install/dynamixel_sdk/include//dynamixel_sdk/port_handler.h
[0.136s] -- Up-to-date symlink: /home/ibyou/robotis_ws/install/dynamixel_sdk/include//dynamixel_sdk/port_handler_arduino.h
[0.136s] -- Up-to-date symlink: /home/ibyou/robotis_ws/install/dynamixel_sdk/include//dynamixel_sdk/port_handler_linux.h
[0.136s] -- Up-to-date symlink: /home/ibyou/robotis_ws/install/dynamixel_sdk/include//dynamixel_sdk/port_handler_mac.h
[0.136s] -- Up-to-date symlink: /home/ibyou/robotis_ws/install/dynamixel_sdk/include//dynamixel_sdk/port_handler_windows.h
[0.137s] -- Up-to-date symlink: /home/ibyou/robotis_ws/install/dynamixel_sdk/include//dynamixel_sdk/protocol1_packet_handler.h
[0.137s] -- Up-to-date symlink: /home/ibyou/robotis_ws/install/dynamixel_sdk/include//dynamixel_sdk/protocol2_packet_handler.h
[0.137s] -- Up-to-date symlink: /home/ibyou/robotis_ws/install/dynamixel_sdk/lib/libdynamixel_sdk.so
[0.138s] -- Up-to-date symlink: /home/ibyou/robotis_ws/install/dynamixel_sdk/share/dynamixel_sdk/environment/library_path.sh
[0.138s] -- Up-to-date symlink: /home/ibyou/robotis_ws/install/dynamixel_sdk/share/dynamixel_sdk/environment/library_path.dsv
[0.138s] -- Up-to-date symlink: /home/ibyou/robotis_ws/install/dynamixel_sdk/share/ament_index/resource_index/package_run_dependencies/dynamixel_sdk
[0.138s] -- Up-to-date symlink: /home/ibyou/robotis_ws/install/dynamixel_sdk/share/ament_index/resource_index/parent_prefix_path/dynamixel_sdk
[0.139s] -- Up-to-date symlink: /home/ibyou/robotis_ws/install/dynamixel_sdk/share/dynamixel_sdk/environment/ament_prefix_path.sh
[0.139s] -- Up-to-date symlink: /home/ibyou/robotis_ws/install/dynamixel_sdk/share/dynamixel_sdk/environment/ament_prefix_path.dsv
[0.139s] -- Up-to-date symlink: /home/ibyou/robotis_ws/install/dynamixel_sdk/share/dynamixel_sdk/environment/path.sh
[0.139s] -- Up-to-date symlink: /home/ibyou/robotis_ws/install/dynamixel_sdk/share/dynamixel_sdk/environment/path.dsv
[0.140s] -- Up-to-date symlink: /home/ibyou/robotis_ws/install/dynamixel_sdk/share/dynamixel_sdk/local_setup.bash
[0.140s] -- Up-to-date symlink: /home/ibyou/robotis_ws/install/dynamixel_sdk/share/dynamixel_sdk/local_setup.sh
[0.140s] -- Up-to-date symlink: /home/ibyou/robotis_ws/install/dynamixel_sdk/share/dynamixel_sdk/local_setup.zsh
[0.140s] -- Up-to-date symlink: /home/ibyou/robotis_ws/install/dynamixel_sdk/share/dynamixel_sdk/local_setup.dsv
[0.141s] -- Symlinking: /home/ibyou/robotis_ws/install/dynamixel_sdk/share/dynamixel_sdk/package.dsv
[0.149s] -- Up-to-date symlink: /home/ibyou/robotis_ws/install/dynamixel_sdk/share/ament_index/resource_index/packages/dynamixel_sdk
[0.149s] -- Up-to-date symlink: /home/ibyou/robotis_ws/install/dynamixel_sdk/share/dynamixel_sdk/cmake/ament_cmake_export_include_directories-extras.cmake
[0.149s] -- Up-to-date symlink: /home/ibyou/robotis_ws/install/dynamixel_sdk/share/dynamixel_sdk/cmake/ament_cmake_export_libraries-extras.cmake
[0.150s] -- Up-to-date symlink: /home/ibyou/robotis_ws/install/dynamixel_sdk/share/dynamixel_sdk/cmake/dynamixel_sdkConfig.cmake
[0.150s] -- Up-to-date symlink: /home/ibyou/robotis_ws/install/dynamixel_sdk/share/dynamixel_sdk/cmake/dynamixel_sdkConfig-version.cmake
[0.150s] -- Up-to-date symlink: /home/ibyou/robotis_ws/install/dynamixel_sdk/share/dynamixel_sdk/package.xml
[0.152s] Invoked command in '/home/ibyou/robotis_ws/build/dynamixel_sdk' returned '0': CMAKE_PREFIX_PATH=/opt/ros/foxy /usr/bin/cmake --install /home/ibyou/robotis_ws/build/dynamixel_sdk
