#-----------------------------------------------------------
# Vivado v2020.2 (64-bit)
# SW Build 3064766 on Wed Nov 18 09:12:47 MST 2020
# IP Build 3064653 on Wed Nov 18 14:17:31 MST 2020
# Start of session at: Sun Jan 15 20:06:11 2023
# Process ID: 22226
# Current directory: /home/steffen/uni/Embedded-Systems_MiniProject2022/MPSoC4Drones
# Command line: vivado ./hdl/projects/u96v2_sbc_mp4d_2020_2/u96v2_sbc_mp4d.xpr
# Log file: /home/steffen/uni/Embedded-Systems_MiniProject2022/MPSoC4Drones/vivado.log
# Journal file: /home/steffen/uni/Embedded-Systems_MiniProject2022/MPSoC4Drones/vivado.jou
#-----------------------------------------------------------
start_gui
open_project ./hdl/projects/u96v2_sbc_mp4d_2020_2/u96v2_sbc_mp4d.xpr
Scanning sources...
Finished scanning sources
INFO: [IP_Flow 19-234] Refreshing IP repositories
INFO: [IP_Flow 19-1700] Loaded user IP repository '/home/steffen/uni/Embedded-Systems_MiniProject2022/MPSoC4Drones/ip'.
INFO: [IP_Flow 19-2313] Loaded Vivado IP repository '/home/steffen/tools/Vivado/2020.2/data/ip'.
open_project: Time (s): cpu = 00:00:27 ; elapsed = 00:00:13 . Memory (MB): peak = 7360.930 ; gain = 48.324 ; free physical = 238 ; free virtual = 19712
update_compile_order -fileset sources_1
INFO: [IP_Flow 19-3899] Cannot get the environment domain name variable for the component vendor name. Setting the vendor name to 'user.org'.
exit
INFO: [Common 17-206] Exiting Vivado at Sun Jan 15 20:08:29 2023...
