[0.191s] DEBUG:colcon:Command line arguments: ['/usr/bin/colcon', 'build', '--symlink-install']
[0.191s] DEBUG:colcon:Parsed command line arguments: Namespace(allow_overriding=[], ament_cmake_args=None, base_paths=['.'], build_base='build', catkin_cmake_args=None, catkin_skip_building_tests=False, cmake_args=None, cmake_clean_cache=False, cmake_clean_first=False, cmake_force_configure=False, cmake_target=None, cmake_target_skip_unavailable=False, continue_on_error=False, event_handlers=None, executor='parallel', ignore_user_meta=False, install_base='install', log_base=None, log_level=None, main=<bound method BuildVerb.main of <colcon_core.verb.build.BuildVerb object at 0x7f74ade10490>>, merge_install=False, metas=['./colcon.meta'], packages_above=None, packages_above_and_dependencies=None, packages_above_depth=None, packages_end=None, packages_ignore=None, packages_ignore_regex=None, packages_select=None, packages_select_build_failed=False, packages_select_by_dep=None, packages_select_regex=None, packages_select_test_failures=False, packages_skip=None, packages_skip_build_finished=False, packages_skip_by_dep=None, packages_skip_regex=None, packages_skip_test_passed=False, packages_skip_up_to=None, packages_start=None, packages_up_to=None, packages_up_to_regex=None, parallel_workers=12, paths=None, symlink_install=True, test_result_base=None, verb_extension=<colcon_core.verb.build.BuildVerb object at 0x7f74ade10490>, verb_name='build', verb_parser=<colcon_defaults.argument_parser.defaults.DefaultArgumentsDecorator object at 0x7f74ade109d0>)
[0.221s] Level 1:colcon.colcon_core.package_discovery:discover_packages(colcon_meta) check parameters
[0.222s] Level 1:colcon.colcon_core.package_discovery:discover_packages(recursive) check parameters
[0.222s] Level 1:colcon.colcon_core.package_discovery:discover_packages(ignore) check parameters
[0.222s] Level 1:colcon.colcon_core.package_discovery:discover_packages(path) check parameters
[0.222s] Level 1:colcon.colcon_core.package_discovery:discover_packages(colcon_meta) discover
[0.222s] Level 1:colcon.colcon_core.package_discovery:discover_packages(recursive) discover
[0.222s] INFO:colcon.colcon_core.package_discovery:Crawling recursively for packages in '/home/ibyou/robotis_ws'
[0.222s] Level 1:colcon.colcon_core.package_identification:_identify(.) by extensions ['ignore', 'ignore_ament_install']
[0.222s] Level 1:colcon.colcon_core.package_identification:_identify(.) by extension 'ignore'
[0.222s] Level 1:colcon.colcon_core.package_identification:_identify(.) by extension 'ignore_ament_install'
[0.222s] Level 1:colcon.colcon_core.package_identification:_identify(.) by extensions ['colcon_pkg']
[0.222s] Level 1:colcon.colcon_core.package_identification:_identify(.) by extension 'colcon_pkg'
[0.222s] Level 1:colcon.colcon_core.package_identification:_identify(.) by extensions ['colcon_meta']
[0.222s] Level 1:colcon.colcon_core.package_identification:_identify(.) by extension 'colcon_meta'
[0.222s] Level 1:colcon.colcon_core.package_identification:_identify(.) by extensions ['ros']
[0.222s] Level 1:colcon.colcon_core.package_identification:_identify(.) by extension 'ros'
[0.249s] Level 1:colcon.colcon_core.package_identification:_identify(.) by extensions ['cmake', 'python']
[0.249s] Level 1:colcon.colcon_core.package_identification:_identify(.) by extension 'cmake'
[0.249s] Level 1:colcon.colcon_core.package_identification:_identify(.) by extension 'python'
[0.249s] Level 1:colcon.colcon_core.package_identification:_identify(.) by extensions ['python_setup_py']
[0.249s] Level 1:colcon.colcon_core.package_identification:_identify(.) by extension 'python_setup_py'
[0.249s] Level 1:colcon.colcon_core.package_identification:_identify(build) by extensions ['ignore', 'ignore_ament_install']
[0.249s] Level 1:colcon.colcon_core.package_identification:_identify(build) by extension 'ignore'
[0.249s] Level 1:colcon.colcon_core.package_identification:_identify(build) ignored
[0.249s] Level 1:colcon.colcon_core.package_identification:_identify(install) by extensions ['ignore', 'ignore_ament_install']
[0.249s] Level 1:colcon.colcon_core.package_identification:_identify(install) by extension 'ignore'
[0.249s] Level 1:colcon.colcon_core.package_identification:_identify(install) ignored
[0.249s] Level 1:colcon.colcon_core.package_identification:_identify(log) by extensions ['ignore', 'ignore_ament_install']
[0.249s] Level 1:colcon.colcon_core.package_identification:_identify(log) by extension 'ignore'
[0.249s] Level 1:colcon.colcon_core.package_identification:_identify(log) ignored
[0.249s] Level 1:colcon.colcon_core.package_identification:_identify(src) by extensions ['ignore', 'ignore_ament_install']
[0.250s] Level 1:colcon.colcon_core.package_identification:_identify(src) by extension 'ignore'
[0.250s] Level 1:colcon.colcon_core.package_identification:_identify(src) by extension 'ignore_ament_install'
[0.250s] Level 1:colcon.colcon_core.package_identification:_identify(src) by extensions ['colcon_pkg']
[0.250s] Level 1:colcon.colcon_core.package_identification:_identify(src) by extension 'colcon_pkg'
[0.250s] Level 1:colcon.colcon_core.package_identification:_identify(src) by extensions ['colcon_meta']
[0.250s] Level 1:colcon.colcon_core.package_identification:_identify(src) by extension 'colcon_meta'
[0.250s] Level 1:colcon.colcon_core.package_identification:_identify(src) by extensions ['ros']
[0.250s] Level 1:colcon.colcon_core.package_identification:_identify(src) by extension 'ros'
[0.250s] Level 1:colcon.colcon_core.package_identification:_identify(src) by extensions ['cmake', 'python']
[0.250s] Level 1:colcon.colcon_core.package_identification:_identify(src) by extension 'cmake'
[0.250s] Level 1:colcon.colcon_core.package_identification:_identify(src) by extension 'python'
[0.250s] Level 1:colcon.colcon_core.package_identification:_identify(src) by extensions ['python_setup_py']
[0.250s] Level 1:colcon.colcon_core.package_identification:_identify(src) by extension 'python_setup_py'
[0.250s] Level 1:colcon.colcon_core.package_identification:_identify(src/DynamixelSDK) by extensions ['ignore', 'ignore_ament_install']
[0.250s] Level 1:colcon.colcon_core.package_identification:_identify(src/DynamixelSDK) by extension 'ignore'
[0.250s] Level 1:colcon.colcon_core.package_identification:_identify(src/DynamixelSDK) by extension 'ignore_ament_install'
[0.250s] Level 1:colcon.colcon_core.package_identification:_identify(src/DynamixelSDK) by extensions ['colcon_pkg']
[0.250s] Level 1:colcon.colcon_core.package_identification:_identify(src/DynamixelSDK) by extension 'colcon_pkg'
[0.250s] Level 1:colcon.colcon_core.package_identification:_identify(src/DynamixelSDK) by extensions ['colcon_meta']
[0.250s] Level 1:colcon.colcon_core.package_identification:_identify(src/DynamixelSDK) by extension 'colcon_meta'
[0.250s] Level 1:colcon.colcon_core.package_identification:_identify(src/DynamixelSDK) by extensions ['ros']
[0.250s] Level 1:colcon.colcon_core.package_identification:_identify(src/DynamixelSDK) by extension 'ros'
[0.250s] Level 1:colcon.colcon_core.package_identification:_identify(src/DynamixelSDK) by extensions ['cmake', 'python']
[0.251s] Level 1:colcon.colcon_core.package_identification:_identify(src/DynamixelSDK) by extension 'cmake'
[0.251s] Level 1:colcon.colcon_core.package_identification:_identify(src/DynamixelSDK) by extension 'python'
[0.251s] Level 1:colcon.colcon_core.package_identification:_identify(src/DynamixelSDK) by extensions ['python_setup_py']
[0.251s] Level 1:colcon.colcon_core.package_identification:_identify(src/DynamixelSDK) by extension 'python_setup_py'
[0.251s] Level 1:colcon.colcon_core.package_identification:_identify(src/DynamixelSDK/dynamixel_sdk) by extensions ['ignore', 'ignore_ament_install']
[0.251s] Level 1:colcon.colcon_core.package_identification:_identify(src/DynamixelSDK/dynamixel_sdk) by extension 'ignore'
[0.251s] Level 1:colcon.colcon_core.package_identification:_identify(src/DynamixelSDK/dynamixel_sdk) by extension 'ignore_ament_install'
[0.251s] Level 1:colcon.colcon_core.package_identification:_identify(src/DynamixelSDK/dynamixel_sdk) by extensions ['colcon_pkg']
[0.251s] Level 1:colcon.colcon_core.package_identification:_identify(src/DynamixelSDK/dynamixel_sdk) by extension 'colcon_pkg'
[0.251s] Level 1:colcon.colcon_core.package_identification:_identify(src/DynamixelSDK/dynamixel_sdk) by extensions ['colcon_meta']
[0.251s] Level 1:colcon.colcon_core.package_identification:_identify(src/DynamixelSDK/dynamixel_sdk) by extension 'colcon_meta'
[0.251s] Level 1:colcon.colcon_core.package_identification:_identify(src/DynamixelSDK/dynamixel_sdk) by extensions ['ros']
[0.251s] Level 1:colcon.colcon_core.package_identification:_identify(src/DynamixelSDK/dynamixel_sdk) by extension 'ros'
[0.253s] DEBUG:colcon.colcon_core.package_identification:Package 'src/DynamixelSDK/dynamixel_sdk' with type 'ros.ament_cmake' and name 'dynamixel_sdk'
[0.254s] Level 1:colcon.colcon_core.package_identification:_identify(src/DynamixelSDK/dynamixel_sdk_custom_interfaces) by extensions ['ignore', 'ignore_ament_install']
[0.254s] Level 1:colcon.colcon_core.package_identification:_identify(src/DynamixelSDK/dynamixel_sdk_custom_interfaces) by extension 'ignore'
[0.254s] Level 1:colcon.colcon_core.package_identification:_identify(src/DynamixelSDK/dynamixel_sdk_custom_interfaces) by extension 'ignore_ament_install'
[0.254s] Level 1:colcon.colcon_core.package_identification:_identify(src/DynamixelSDK/dynamixel_sdk_custom_interfaces) by extensions ['colcon_pkg']
[0.254s] Level 1:colcon.colcon_core.package_identification:_identify(src/DynamixelSDK/dynamixel_sdk_custom_interfaces) by extension 'colcon_pkg'
[0.254s] Level 1:colcon.colcon_core.package_identification:_identify(src/DynamixelSDK/dynamixel_sdk_custom_interfaces) by extensions ['colcon_meta']
[0.254s] Level 1:colcon.colcon_core.package_identification:_identify(src/DynamixelSDK/dynamixel_sdk_custom_interfaces) by extension 'colcon_meta'
[0.254s] Level 1:colcon.colcon_core.package_identification:_identify(src/DynamixelSDK/dynamixel_sdk_custom_interfaces) by extensions ['ros']
[0.254s] Level 1:colcon.colcon_core.package_identification:_identify(src/DynamixelSDK/dynamixel_sdk_custom_interfaces) by extension 'ros'
[0.255s] DEBUG:colcon.colcon_core.package_identification:Package 'src/DynamixelSDK/dynamixel_sdk_custom_interfaces' with type 'ros.ament_cmake' and name 'dynamixel_sdk_custom_interfaces'
[0.255s] Level 1:colcon.colcon_core.package_identification:_identify(src/DynamixelSDK/dynamixel_sdk_examples) by extensions ['ignore', 'ignore_ament_install']
[0.255s] Level 1:colcon.colcon_core.package_identification:_identify(src/DynamixelSDK/dynamixel_sdk_examples) by extension 'ignore'
[0.255s] Level 1:colcon.colcon_core.package_identification:_identify(src/DynamixelSDK/dynamixel_sdk_examples) by extension 'ignore_ament_install'
[0.255s] Level 1:colcon.colcon_core.package_identification:_identify(src/DynamixelSDK/dynamixel_sdk_examples) by extensions ['colcon_pkg']
[0.255s] Level 1:colcon.colcon_core.package_identification:_identify(src/DynamixelSDK/dynamixel_sdk_examples) by extension 'colcon_pkg'
[0.255s] Level 1:colcon.colcon_core.package_identification:_identify(src/DynamixelSDK/dynamixel_sdk_examples) by extensions ['colcon_meta']
[0.255s] Level 1:colcon.colcon_core.package_identification:_identify(src/DynamixelSDK/dynamixel_sdk_examples) by extension 'colcon_meta'
[0.255s] Level 1:colcon.colcon_core.package_identification:_identify(src/DynamixelSDK/dynamixel_sdk_examples) by extensions ['ros']
[0.255s] Level 1:colcon.colcon_core.package_identification:_identify(src/DynamixelSDK/dynamixel_sdk_examples) by extension 'ros'
[0.256s] DEBUG:colcon.colcon_core.package_identification:Package 'src/DynamixelSDK/dynamixel_sdk_examples' with type 'ros.ament_cmake' and name 'dynamixel_sdk_examples'
[0.256s] Level 1:colcon.colcon_core.package_discovery:discover_packages(recursive) using defaults
[0.256s] Level 1:colcon.colcon_core.package_discovery:discover_packages(ignore) discover
[0.256s] Level 1:colcon.colcon_core.package_discovery:discover_packages(ignore) using defaults
[0.256s] Level 1:colcon.colcon_core.package_discovery:discover_packages(path) discover
[0.256s] Level 1:colcon.colcon_core.package_discovery:discover_packages(path) using defaults
[0.281s] Level 1:colcon.colcon_core.package_discovery:discover_packages(prefix_path) check parameters
[0.281s] Level 1:colcon.colcon_core.package_discovery:discover_packages(prefix_path) discover
[0.285s] DEBUG:colcon.colcon_installed_package_information.package_discovery:Found 171 installed packages in /opt/ros/foxy
[0.286s] Level 1:colcon.colcon_core.package_discovery:discover_packages(prefix_path) using defaults
[0.327s] Level 5:colcon.colcon_core.verb:set package 'dynamixel_sdk' build argument 'cmake_args' from command line to 'None'
[0.327s] Level 5:colcon.colcon_core.verb:set package 'dynamixel_sdk' build argument 'cmake_target' from command line to 'None'
[0.327s] Level 5:colcon.colcon_core.verb:set package 'dynamixel_sdk' build argument 'cmake_target_skip_unavailable' from command line to 'False'
[0.327s] Level 5:colcon.colcon_core.verb:set package 'dynamixel_sdk' build argument 'cmake_clean_cache' from command line to 'False'
[0.327s] Level 5:colcon.colcon_core.verb:set package 'dynamixel_sdk' build argument 'cmake_clean_first' from command line to 'False'
[0.327s] Level 5:colcon.colcon_core.verb:set package 'dynamixel_sdk' build argument 'cmake_force_configure' from command line to 'False'
[0.327s] Level 5:colcon.colcon_core.verb:set package 'dynamixel_sdk' build argument 'ament_cmake_args' from command line to 'None'
[0.327s] Level 5:colcon.colcon_core.verb:set package 'dynamixel_sdk' build argument 'catkin_cmake_args' from command line to 'None'
[0.327s] Level 5:colcon.colcon_core.verb:set package 'dynamixel_sdk' build argument 'catkin_skip_building_tests' from command line to 'False'
[0.328s] DEBUG:colcon.colcon_core.verb:Building package 'dynamixel_sdk' with the following arguments: {'ament_cmake_args': None, 'build_base': '/home/ibyou/robotis_ws/build/dynamixel_sdk', 'catkin_cmake_args': None, 'catkin_skip_building_tests': False, 'cmake_args': None, 'cmake_clean_cache': False, 'cmake_clean_first': False, 'cmake_force_configure': False, 'cmake_target': None, 'cmake_target_skip_unavailable': False, 'install_base': '/home/ibyou/robotis_ws/install/dynamixel_sdk', 'merge_install': False, 'path': '/home/ibyou/robotis_ws/src/DynamixelSDK/dynamixel_sdk', 'symlink_install': True, 'test_result_base': None}
[0.329s] Level 5:colcon.colcon_core.verb:set package 'dynamixel_sdk_custom_interfaces' build argument 'cmake_args' from command line to 'None'
[0.329s] Level 5:colcon.colcon_core.verb:set package 'dynamixel_sdk_custom_interfaces' build argument 'cmake_target' from command line to 'None'
[0.329s] Level 5:colcon.colcon_core.verb:set package 'dynamixel_sdk_custom_interfaces' build argument 'cmake_target_skip_unavailable' from command line to 'False'
[0.329s] Level 5:colcon.colcon_core.verb:set package 'dynamixel_sdk_custom_interfaces' build argument 'cmake_clean_cache' from command line to 'False'
[0.329s] Level 5:colcon.colcon_core.verb:set package 'dynamixel_sdk_custom_interfaces' build argument 'cmake_clean_first' from command line to 'False'
[0.329s] Level 5:colcon.colcon_core.verb:set package 'dynamixel_sdk_custom_interfaces' build argument 'cmake_force_configure' from command line to 'False'
[0.329s] Level 5:colcon.colcon_core.verb:set package 'dynamixel_sdk_custom_interfaces' build argument 'ament_cmake_args' from command line to 'None'
[0.329s] Level 5:colcon.colcon_core.verb:set package 'dynamixel_sdk_custom_interfaces' build argument 'catkin_cmake_args' from command line to 'None'
[0.329s] Level 5:colcon.colcon_core.verb:set package 'dynamixel_sdk_custom_interfaces' build argument 'catkin_skip_building_tests' from command line to 'False'
[0.329s] DEBUG:colcon.colcon_core.verb:Building package 'dynamixel_sdk_custom_interfaces' with the following arguments: {'ament_cmake_args': None, 'build_base': '/home/ibyou/robotis_ws/build/dynamixel_sdk_custom_interfaces', 'catkin_cmake_args': None, 'catkin_skip_building_tests': False, 'cmake_args': None, 'cmake_clean_cache': False, 'cmake_clean_first': False, 'cmake_force_configure': False, 'cmake_target': None, 'cmake_target_skip_unavailable': False, 'install_base': '/home/ibyou/robotis_ws/install/dynamixel_sdk_custom_interfaces', 'merge_install': False, 'path': '/home/ibyou/robotis_ws/src/DynamixelSDK/dynamixel_sdk_custom_interfaces', 'symlink_install': True, 'test_result_base': None}
[0.331s] Level 5:colcon.colcon_core.verb:set package 'dynamixel_sdk_examples' build argument 'cmake_args' from command line to 'None'
[0.331s] Level 5:colcon.colcon_core.verb:set package 'dynamixel_sdk_examples' build argument 'cmake_target' from command line to 'None'
[0.331s] Level 5:colcon.colcon_core.verb:set package 'dynamixel_sdk_examples' build argument 'cmake_target_skip_unavailable' from command line to 'False'
[0.331s] Level 5:colcon.colcon_core.verb:set package 'dynamixel_sdk_examples' build argument 'cmake_clean_cache' from command line to 'False'
[0.331s] Level 5:colcon.colcon_core.verb:set package 'dynamixel_sdk_examples' build argument 'cmake_clean_first' from command line to 'False'
[0.331s] Level 5:colcon.colcon_core.verb:set package 'dynamixel_sdk_examples' build argument 'cmake_force_configure' from command line to 'False'
[0.331s] Level 5:colcon.colcon_core.verb:set package 'dynamixel_sdk_examples' build argument 'ament_cmake_args' from command line to 'None'
[0.331s] Level 5:colcon.colcon_core.verb:set package 'dynamixel_sdk_examples' build argument 'catkin_cmake_args' from command line to 'None'
[0.331s] Level 5:colcon.colcon_core.verb:set package 'dynamixel_sdk_examples' build argument 'catkin_skip_building_tests' from command line to 'False'
[0.331s] DEBUG:colcon.colcon_core.verb:Building package 'dynamixel_sdk_examples' with the following arguments: {'ament_cmake_args': None, 'build_base': '/home/ibyou/robotis_ws/build/dynamixel_sdk_examples', 'catkin_cmake_args': None, 'catkin_skip_building_tests': False, 'cmake_args': None, 'cmake_clean_cache': False, 'cmake_clean_first': False, 'cmake_force_configure': False, 'cmake_target': None, 'cmake_target_skip_unavailable': False, 'install_base': '/home/ibyou/robotis_ws/install/dynamixel_sdk_examples', 'merge_install': False, 'path': '/home/ibyou/robotis_ws/src/DynamixelSDK/dynamixel_sdk_examples', 'symlink_install': True, 'test_result_base': None}
[0.332s] INFO:colcon.colcon_core.executor:Executing jobs using 'parallel' executor
[0.338s] DEBUG:colcon.colcon_parallel_executor.executor.parallel:run_until_complete
[0.338s] INFO:colcon.colcon_ros.task.ament_cmake.build:Building ROS package in '/home/ibyou/robotis_ws/src/DynamixelSDK/dynamixel_sdk' with build type 'ament_cmake'
[0.338s] INFO:colcon.colcon_cmake.task.cmake.build:Building CMake package in '/home/ibyou/robotis_ws/src/DynamixelSDK/dynamixel_sdk'
[0.345s] INFO:colcon.colcon_core.plugin_system:Skipping extension 'colcon_core.shell.bat': Not used on non-Windows systems
[0.345s] INFO:colcon.colcon_core.shell:Skip shell extension 'powershell' for command environment: Not usable outside of PowerShell
[0.345s] DEBUG:colcon.colcon_core.shell:Skip shell extension 'dsv' for command environment
[0.350s] INFO:colcon.colcon_ros.task.ament_cmake.build:Building ROS package in '/home/ibyou/robotis_ws/src/DynamixelSDK/dynamixel_sdk_custom_interfaces' with build type 'ament_cmake'
[0.350s] INFO:colcon.colcon_cmake.task.cmake.build:Building CMake package in '/home/ibyou/robotis_ws/src/DynamixelSDK/dynamixel_sdk_custom_interfaces'
[0.353s] INFO:colcon.colcon_core.shell:Skip shell extension 'powershell' for command environment: Not usable outside of PowerShell
[0.353s] DEBUG:colcon.colcon_core.shell:Skip shell extension 'dsv' for command environment
[0.364s] DEBUG:colcon.colcon_core.event_handler.log_command:Invoking command in '/home/ibyou/robotis_ws/build/dynamixel_sdk': CMAKE_PREFIX_PATH=/opt/ros/foxy /usr/bin/cmake --build /home/ibyou/robotis_ws/build/dynamixel_sdk -- -j12 -l12
[0.373s] DEBUG:colcon.colcon_core.event_handler.log_command:Invoking command in '/home/ibyou/robotis_ws/build/dynamixel_sdk_custom_interfaces': CMAKE_PREFIX_PATH=/opt/ros/foxy /usr/bin/cmake --build /home/ibyou/robotis_ws/build/dynamixel_sdk_custom_interfaces -- -j12 -l12
[0.448s] DEBUG:colcon.colcon_core.event_handler.log_command:Invoked command in '/home/ibyou/robotis_ws/build/dynamixel_sdk' returned '0': CMAKE_PREFIX_PATH=/opt/ros/foxy /usr/bin/cmake --build /home/ibyou/robotis_ws/build/dynamixel_sdk -- -j12 -l12
[0.501s] DEBUG:colcon.colcon_core.event_handler.log_command:Invoking command in '/home/ibyou/robotis_ws/build/dynamixel_sdk': CMAKE_PREFIX_PATH=/opt/ros/foxy /usr/bin/cmake --install /home/ibyou/robotis_ws/build/dynamixel_sdk
[0.528s] Level 1:colcon.colcon_core.environment:create_environment_scripts_only(dynamixel_sdk)
[0.529s] DEBUG:colcon.colcon_core.event_handler.log_command:Invoked command in '/home/ibyou/robotis_ws/build/dynamixel_sdk' returned '0': CMAKE_PREFIX_PATH=/opt/ros/foxy /usr/bin/cmake --install /home/ibyou/robotis_ws/build/dynamixel_sdk
[0.538s] Level 1:colcon.colcon_core.environment:checking '/home/ibyou/robotis_ws/install/dynamixel_sdk' for CMake module files
[0.538s] Level 1:colcon.colcon_core.environment:checking '/home/ibyou/robotis_ws/install/dynamixel_sdk' for CMake config files
[0.539s] Level 1:colcon.colcon_core.shell:create_environment_hook('dynamixel_sdk', 'cmake_prefix_path')
[0.541s] INFO:colcon.colcon_core.shell:Creating environment hook '/home/ibyou/robotis_ws/install/dynamixel_sdk/share/dynamixel_sdk/hook/cmake_prefix_path.ps1'
[0.542s] INFO:colcon.colcon_core.shell:Creating environment descriptor '/home/ibyou/robotis_ws/install/dynamixel_sdk/share/dynamixel_sdk/hook/cmake_prefix_path.dsv'
[0.543s] INFO:colcon.colcon_core.shell:Creating environment hook '/home/ibyou/robotis_ws/install/dynamixel_sdk/share/dynamixel_sdk/hook/cmake_prefix_path.sh'
[0.544s] Level 1:colcon.colcon_core.environment:checking '/home/ibyou/robotis_ws/install/dynamixel_sdk/lib'
[0.544s] Level 1:colcon.colcon_core.shell:create_environment_hook('dynamixel_sdk', 'ld_library_path_lib')
[0.547s] INFO:colcon.colcon_core.shell:Creating environment hook '/home/ibyou/robotis_ws/install/dynamixel_sdk/share/dynamixel_sdk/hook/ld_library_path_lib.ps1'
[0.547s] INFO:colcon.colcon_core.shell:Creating environment descriptor '/home/ibyou/robotis_ws/install/dynamixel_sdk/share/dynamixel_sdk/hook/ld_library_path_lib.dsv'
[0.547s] INFO:colcon.colcon_core.shell:Creating environment hook '/home/ibyou/robotis_ws/install/dynamixel_sdk/share/dynamixel_sdk/hook/ld_library_path_lib.sh'
[0.548s] Level 1:colcon.colcon_core.environment:checking '/home/ibyou/robotis_ws/install/dynamixel_sdk/bin'
[0.548s] Level 1:colcon.colcon_core.environment:checking '/home/ibyou/robotis_ws/install/dynamixel_sdk/lib/pkgconfig/dynamixel_sdk.pc'
[0.548s] Level 1:colcon.colcon_core.environment:checking '/home/ibyou/robotis_ws/install/dynamixel_sdk/lib/python3.8/site-packages'
[0.548s] Level 1:colcon.colcon_core.environment:checking '/home/ibyou/robotis_ws/install/dynamixel_sdk/bin'
[0.551s] INFO:colcon.colcon_core.shell:Creating package script '/home/ibyou/robotis_ws/install/dynamixel_sdk/share/dynamixel_sdk/package.ps1'
[0.552s] INFO:colcon.colcon_core.shell:Creating package descriptor '/home/ibyou/robotis_ws/install/dynamixel_sdk/share/dynamixel_sdk/package.dsv'
[0.552s] INFO:colcon.colcon_core.shell:Creating package script '/home/ibyou/robotis_ws/install/dynamixel_sdk/share/dynamixel_sdk/package.sh'
[0.553s] INFO:colcon.colcon_core.shell:Creating package script '/home/ibyou/robotis_ws/install/dynamixel_sdk/share/dynamixel_sdk/package.bash'
[0.553s] INFO:colcon.colcon_core.shell:Creating package script '/home/ibyou/robotis_ws/install/dynamixel_sdk/share/dynamixel_sdk/package.zsh'
[0.554s] Level 1:colcon.colcon_core.environment:create_file_with_runtime_dependencies(/home/ibyou/robotis_ws/install/dynamixel_sdk/share/colcon-core/packages/dynamixel_sdk)
[0.593s] Level 1:colcon.colcon_core.environment:create_environment_scripts_only(dynamixel_sdk)
[0.597s] Level 1:colcon.colcon_core.environment:checking '/home/ibyou/robotis_ws/install/dynamixel_sdk' for CMake module files
[0.598s] Level 1:colcon.colcon_core.environment:checking '/home/ibyou/robotis_ws/install/dynamixel_sdk' for CMake config files
[0.598s] Level 1:colcon.colcon_core.shell:create_environment_hook('dynamixel_sdk', 'cmake_prefix_path')
[0.601s] INFO:colcon.colcon_core.shell:Creating environment hook '/home/ibyou/robotis_ws/install/dynamixel_sdk/share/dynamixel_sdk/hook/cmake_prefix_path.ps1'
[0.602s] INFO:colcon.colcon_core.shell:Creating environment descriptor '/home/ibyou/robotis_ws/install/dynamixel_sdk/share/dynamixel_sdk/hook/cmake_prefix_path.dsv'
[0.602s] INFO:colcon.colcon_core.shell:Creating environment hook '/home/ibyou/robotis_ws/install/dynamixel_sdk/share/dynamixel_sdk/hook/cmake_prefix_path.sh'
[0.602s] Level 1:colcon.colcon_core.environment:checking '/home/ibyou/robotis_ws/install/dynamixel_sdk/lib'
[0.602s] Level 1:colcon.colcon_core.shell:create_environment_hook('dynamixel_sdk', 'ld_library_path_lib')
[0.606s] INFO:colcon.colcon_core.shell:Creating environment hook '/home/ibyou/robotis_ws/install/dynamixel_sdk/share/dynamixel_sdk/hook/ld_library_path_lib.ps1'
[0.606s] INFO:colcon.colcon_core.shell:Creating environment descriptor '/home/ibyou/robotis_ws/install/dynamixel_sdk/share/dynamixel_sdk/hook/ld_library_path_lib.dsv'
[0.607s] INFO:colcon.colcon_core.shell:Creating environment hook '/home/ibyou/robotis_ws/install/dynamixel_sdk/share/dynamixel_sdk/hook/ld_library_path_lib.sh'
[0.607s] Level 1:colcon.colcon_core.environment:checking '/home/ibyou/robotis_ws/install/dynamixel_sdk/bin'
[0.607s] Level 1:colcon.colcon_core.environment:checking '/home/ibyou/robotis_ws/install/dynamixel_sdk/lib/pkgconfig/dynamixel_sdk.pc'
[0.607s] Level 1:colcon.colcon_core.environment:checking '/home/ibyou/robotis_ws/install/dynamixel_sdk/lib/python3.8/site-packages'
[0.608s] Level 1:colcon.colcon_core.environment:checking '/home/ibyou/robotis_ws/install/dynamixel_sdk/bin'
[0.610s] INFO:colcon.colcon_core.shell:Creating package script '/home/ibyou/robotis_ws/install/dynamixel_sdk/share/dynamixel_sdk/package.ps1'
[0.611s] INFO:colcon.colcon_core.shell:Creating package descriptor '/home/ibyou/robotis_ws/install/dynamixel_sdk/share/dynamixel_sdk/package.dsv'
[0.612s] INFO:colcon.colcon_core.shell:Creating package script '/home/ibyou/robotis_ws/install/dynamixel_sdk/share/dynamixel_sdk/package.sh'
[0.612s] INFO:colcon.colcon_core.shell:Creating package script '/home/ibyou/robotis_ws/install/dynamixel_sdk/share/dynamixel_sdk/package.bash'
[0.612s] INFO:colcon.colcon_core.shell:Creating package script '/home/ibyou/robotis_ws/install/dynamixel_sdk/share/dynamixel_sdk/package.zsh'
[0.613s] Level 1:colcon.colcon_core.environment:create_file_with_runtime_dependencies(/home/ibyou/robotis_ws/install/dynamixel_sdk/share/colcon-core/packages/dynamixel_sdk)
[0.614s] DEBUG:colcon.colcon_core.event_handler.log_command:Invoked command in '/home/ibyou/robotis_ws/build/dynamixel_sdk_custom_interfaces' returned '0': CMAKE_PREFIX_PATH=/opt/ros/foxy /usr/bin/cmake --build /home/ibyou/robotis_ws/build/dynamixel_sdk_custom_interfaces -- -j12 -l12
[0.670s] DEBUG:colcon.colcon_core.event_handler.log_command:Invoking command in '/home/ibyou/robotis_ws/build/dynamixel_sdk_custom_interfaces': CMAKE_PREFIX_PATH=/opt/ros/foxy /usr/bin/cmake --install /home/ibyou/robotis_ws/build/dynamixel_sdk_custom_interfaces
[0.740s] Level 1:colcon.colcon_core.environment:create_environment_scripts_only(dynamixel_sdk_custom_interfaces)
[0.745s] Level 1:colcon.colcon_core.environment:checking '/home/ibyou/robotis_ws/install/dynamixel_sdk_custom_interfaces' for CMake module files
[0.746s] DEBUG:colcon.colcon_core.event_handler.log_command:Invoked command in '/home/ibyou/robotis_ws/build/dynamixel_sdk_custom_interfaces' returned '0': CMAKE_PREFIX_PATH=/opt/ros/foxy /usr/bin/cmake --install /home/ibyou/robotis_ws/build/dynamixel_sdk_custom_interfaces
[0.746s] Level 1:colcon.colcon_core.environment:checking '/home/ibyou/robotis_ws/install/dynamixel_sdk_custom_interfaces' for CMake config files
[0.747s] Level 1:colcon.colcon_core.shell:create_environment_hook('dynamixel_sdk_custom_interfaces', 'cmake_prefix_path')
[0.750s] INFO:colcon.colcon_core.shell:Creating environment hook '/home/ibyou/robotis_ws/install/dynamixel_sdk_custom_interfaces/share/dynamixel_sdk_custom_interfaces/hook/cmake_prefix_path.ps1'
[0.750s] INFO:colcon.colcon_core.shell:Creating environment descriptor '/home/ibyou/robotis_ws/install/dynamixel_sdk_custom_interfaces/share/dynamixel_sdk_custom_interfaces/hook/cmake_prefix_path.dsv'
[0.751s] INFO:colcon.colcon_core.shell:Creating environment hook '/home/ibyou/robotis_ws/install/dynamixel_sdk_custom_interfaces/share/dynamixel_sdk_custom_interfaces/hook/cmake_prefix_path.sh'
[0.751s] Level 1:colcon.colcon_core.environment:checking '/home/ibyou/robotis_ws/install/dynamixel_sdk_custom_interfaces/lib'
[0.751s] Level 1:colcon.colcon_core.shell:create_environment_hook('dynamixel_sdk_custom_interfaces', 'ld_library_path_lib')
[0.754s] INFO:colcon.colcon_core.shell:Creating environment hook '/home/ibyou/robotis_ws/install/dynamixel_sdk_custom_interfaces/share/dynamixel_sdk_custom_interfaces/hook/ld_library_path_lib.ps1'
[0.754s] INFO:colcon.colcon_core.shell:Creating environment descriptor '/home/ibyou/robotis_ws/install/dynamixel_sdk_custom_interfaces/share/dynamixel_sdk_custom_interfaces/hook/ld_library_path_lib.dsv'
[0.755s] INFO:colcon.colcon_core.shell:Creating environment hook '/home/ibyou/robotis_ws/install/dynamixel_sdk_custom_interfaces/share/dynamixel_sdk_custom_interfaces/hook/ld_library_path_lib.sh'
[0.755s] Level 1:colcon.colcon_core.environment:checking '/home/ibyou/robotis_ws/install/dynamixel_sdk_custom_interfaces/bin'
[0.755s] Level 1:colcon.colcon_core.environment:checking '/home/ibyou/robotis_ws/install/dynamixel_sdk_custom_interfaces/lib/pkgconfig/dynamixel_sdk_custom_interfaces.pc'
[0.755s] Level 1:colcon.colcon_core.environment:checking '/home/ibyou/robotis_ws/install/dynamixel_sdk_custom_interfaces/lib/python3.8/site-packages'
[0.755s] Level 1:colcon.colcon_core.shell:create_environment_hook('dynamixel_sdk_custom_interfaces', 'pythonpath')
[0.758s] INFO:colcon.colcon_core.shell:Creating environment hook '/home/ibyou/robotis_ws/install/dynamixel_sdk_custom_interfaces/share/dynamixel_sdk_custom_interfaces/hook/pythonpath.ps1'
[0.758s] INFO:colcon.colcon_core.shell:Creating environment descriptor '/home/ibyou/robotis_ws/install/dynamixel_sdk_custom_interfaces/share/dynamixel_sdk_custom_interfaces/hook/pythonpath.dsv'
[0.758s] INFO:colcon.colcon_core.shell:Creating environment hook '/home/ibyou/robotis_ws/install/dynamixel_sdk_custom_interfaces/share/dynamixel_sdk_custom_interfaces/hook/pythonpath.sh'
[0.759s] Level 1:colcon.colcon_core.environment:checking '/home/ibyou/robotis_ws/install/dynamixel_sdk_custom_interfaces/bin'
[0.762s] INFO:colcon.colcon_core.shell:Creating package script '/home/ibyou/robotis_ws/install/dynamixel_sdk_custom_interfaces/share/dynamixel_sdk_custom_interfaces/package.ps1'
[0.763s] INFO:colcon.colcon_core.shell:Creating package descriptor '/home/ibyou/robotis_ws/install/dynamixel_sdk_custom_interfaces/share/dynamixel_sdk_custom_interfaces/package.dsv'
[0.763s] INFO:colcon.colcon_core.shell:Creating package script '/home/ibyou/robotis_ws/install/dynamixel_sdk_custom_interfaces/share/dynamixel_sdk_custom_interfaces/package.sh'
[0.764s] INFO:colcon.colcon_core.shell:Creating package script '/home/ibyou/robotis_ws/install/dynamixel_sdk_custom_interfaces/share/dynamixel_sdk_custom_interfaces/package.bash'
[0.764s] INFO:colcon.colcon_core.shell:Creating package script '/home/ibyou/robotis_ws/install/dynamixel_sdk_custom_interfaces/share/dynamixel_sdk_custom_interfaces/package.zsh'
[0.764s] Level 1:colcon.colcon_core.environment:create_file_with_runtime_dependencies(/home/ibyou/robotis_ws/install/dynamixel_sdk_custom_interfaces/share/colcon-core/packages/dynamixel_sdk_custom_interfaces)
[0.819s] Level 1:colcon.colcon_core.environment:create_environment_scripts_only(dynamixel_sdk_custom_interfaces)
[0.823s] Level 1:colcon.colcon_core.environment:checking '/home/ibyou/robotis_ws/install/dynamixel_sdk_custom_interfaces' for CMake module files
[0.824s] Level 1:colcon.colcon_core.environment:checking '/home/ibyou/robotis_ws/install/dynamixel_sdk_custom_interfaces' for CMake config files
[0.824s] Level 1:colcon.colcon_core.shell:create_environment_hook('dynamixel_sdk_custom_interfaces', 'cmake_prefix_path')
[0.828s] INFO:colcon.colcon_core.shell:Creating environment hook '/home/ibyou/robotis_ws/install/dynamixel_sdk_custom_interfaces/share/dynamixel_sdk_custom_interfaces/hook/cmake_prefix_path.ps1'
[0.828s] INFO:colcon.colcon_core.shell:Creating environment descriptor '/home/ibyou/robotis_ws/install/dynamixel_sdk_custom_interfaces/share/dynamixel_sdk_custom_interfaces/hook/cmake_prefix_path.dsv'
[0.828s] INFO:colcon.colcon_core.shell:Creating environment hook '/home/ibyou/robotis_ws/install/dynamixel_sdk_custom_interfaces/share/dynamixel_sdk_custom_interfaces/hook/cmake_prefix_path.sh'
[0.829s] Level 1:colcon.colcon_core.environment:checking '/home/ibyou/robotis_ws/install/dynamixel_sdk_custom_interfaces/lib'
[0.829s] Level 1:colcon.colcon_core.shell:create_environment_hook('dynamixel_sdk_custom_interfaces', 'ld_library_path_lib')
[0.832s] INFO:colcon.colcon_core.shell:Creating environment hook '/home/ibyou/robotis_ws/install/dynamixel_sdk_custom_interfaces/share/dynamixel_sdk_custom_interfaces/hook/ld_library_path_lib.ps1'
[0.832s] INFO:colcon.colcon_core.shell:Creating environment descriptor '/home/ibyou/robotis_ws/install/dynamixel_sdk_custom_interfaces/share/dynamixel_sdk_custom_interfaces/hook/ld_library_path_lib.dsv'
[0.832s] INFO:colcon.colcon_core.shell:Creating environment hook '/home/ibyou/robotis_ws/install/dynamixel_sdk_custom_interfaces/share/dynamixel_sdk_custom_interfaces/hook/ld_library_path_lib.sh'
[0.833s] Level 1:colcon.colcon_core.environment:checking '/home/ibyou/robotis_ws/install/dynamixel_sdk_custom_interfaces/bin'
[0.833s] Level 1:colcon.colcon_core.environment:checking '/home/ibyou/robotis_ws/install/dynamixel_sdk_custom_interfaces/lib/pkgconfig/dynamixel_sdk_custom_interfaces.pc'
[0.833s] Level 1:colcon.colcon_core.environment:checking '/home/ibyou/robotis_ws/install/dynamixel_sdk_custom_interfaces/lib/python3.8/site-packages'
[0.833s] Level 1:colcon.colcon_core.shell:create_environment_hook('dynamixel_sdk_custom_interfaces', 'pythonpath')
[0.836s] INFO:colcon.colcon_core.shell:Creating environment hook '/home/ibyou/robotis_ws/install/dynamixel_sdk_custom_interfaces/share/dynamixel_sdk_custom_interfaces/hook/pythonpath.ps1'
[0.836s] INFO:colcon.colcon_core.shell:Creating environment descriptor '/home/ibyou/robotis_ws/install/dynamixel_sdk_custom_interfaces/share/dynamixel_sdk_custom_interfaces/hook/pythonpath.dsv'
[0.836s] INFO:colcon.colcon_core.shell:Creating environment hook '/home/ibyou/robotis_ws/install/dynamixel_sdk_custom_interfaces/share/dynamixel_sdk_custom_interfaces/hook/pythonpath.sh'
[0.837s] Level 1:colcon.colcon_core.environment:checking '/home/ibyou/robotis_ws/install/dynamixel_sdk_custom_interfaces/bin'
[0.839s] INFO:colcon.colcon_core.shell:Creating package script '/home/ibyou/robotis_ws/install/dynamixel_sdk_custom_interfaces/share/dynamixel_sdk_custom_interfaces/package.ps1'
[0.840s] INFO:colcon.colcon_core.shell:Creating package descriptor '/home/ibyou/robotis_ws/install/dynamixel_sdk_custom_interfaces/share/dynamixel_sdk_custom_interfaces/package.dsv'
[0.841s] INFO:colcon.colcon_core.shell:Creating package script '/home/ibyou/robotis_ws/install/dynamixel_sdk_custom_interfaces/share/dynamixel_sdk_custom_interfaces/package.sh'
[0.841s] INFO:colcon.colcon_core.shell:Creating package script '/home/ibyou/robotis_ws/install/dynamixel_sdk_custom_interfaces/share/dynamixel_sdk_custom_interfaces/package.bash'
[0.841s] INFO:colcon.colcon_core.shell:Creating package script '/home/ibyou/robotis_ws/install/dynamixel_sdk_custom_interfaces/share/dynamixel_sdk_custom_interfaces/package.zsh'
[0.842s] Level 1:colcon.colcon_core.environment:create_file_with_runtime_dependencies(/home/ibyou/robotis_ws/install/dynamixel_sdk_custom_interfaces/share/colcon-core/packages/dynamixel_sdk_custom_interfaces)
[0.842s] INFO:colcon.colcon_ros.task.ament_cmake.build:Building ROS package in '/home/ibyou/robotis_ws/src/DynamixelSDK/dynamixel_sdk_examples' with build type 'ament_cmake'
[0.842s] INFO:colcon.colcon_cmake.task.cmake.build:Building CMake package in '/home/ibyou/robotis_ws/src/DynamixelSDK/dynamixel_sdk_examples'
[0.845s] INFO:colcon.colcon_core.shell:Skip shell extension 'powershell' for command environment: Not usable outside of PowerShell
[0.845s] DEBUG:colcon.colcon_core.shell:Skip shell extension 'dsv' for command environment
[0.861s] DEBUG:colcon.colcon_core.event_handler.log_command:Invoking command in '/home/ibyou/robotis_ws/build/dynamixel_sdk_examples': AMENT_PREFIX_PATH=/home/ibyou/robotis_ws/install/dynamixel_sdk_custom_interfaces:/home/ibyou/robotis_ws/install/dynamixel_sdk:${AMENT_PREFIX_PATH} CMAKE_PREFIX_PATH=/home/ibyou/robotis_ws/install/dynamixel_sdk_custom_interfaces:/home/ibyou/robotis_ws/install/dynamixel_sdk:/opt/ros/foxy LD_LIBRARY_PATH=/home/ibyou/robotis_ws/install/dynamixel_sdk_custom_interfaces/lib:/home/ibyou/robotis_ws/install/dynamixel_sdk/lib:${LD_LIBRARY_PATH} PYTHONPATH=/home/ibyou/robotis_ws/install/dynamixel_sdk_custom_interfaces/lib/python3.8/site-packages:${PYTHONPATH} /usr/bin/cmake --build /home/ibyou/robotis_ws/build/dynamixel_sdk_examples -- -j12 -l12
[0.931s] DEBUG:colcon.colcon_core.event_handler.log_command:Invoked command in '/home/ibyou/robotis_ws/build/dynamixel_sdk_examples' returned '0': AMENT_PREFIX_PATH=/home/ibyou/robotis_ws/install/dynamixel_sdk_custom_interfaces:/home/ibyou/robotis_ws/install/dynamixel_sdk:${AMENT_PREFIX_PATH} CMAKE_PREFIX_PATH=/home/ibyou/robotis_ws/install/dynamixel_sdk_custom_interfaces:/home/ibyou/robotis_ws/install/dynamixel_sdk:/opt/ros/foxy LD_LIBRARY_PATH=/home/ibyou/robotis_ws/install/dynamixel_sdk_custom_interfaces/lib:/home/ibyou/robotis_ws/install/dynamixel_sdk/lib:${LD_LIBRARY_PATH} PYTHONPATH=/home/ibyou/robotis_ws/install/dynamixel_sdk_custom_interfaces/lib/python3.8/site-packages:${PYTHONPATH} /usr/bin/cmake --build /home/ibyou/robotis_ws/build/dynamixel_sdk_examples -- -j12 -l12
[0.955s] DEBUG:colcon.colcon_core.event_handler.log_command:Invoking command in '/home/ibyou/robotis_ws/build/dynamixel_sdk_examples': AMENT_PREFIX_PATH=/home/ibyou/robotis_ws/install/dynamixel_sdk_custom_interfaces:/home/ibyou/robotis_ws/install/dynamixel_sdk:${AMENT_PREFIX_PATH} CMAKE_PREFIX_PATH=/home/ibyou/robotis_ws/install/dynamixel_sdk_custom_interfaces:/home/ibyou/robotis_ws/install/dynamixel_sdk:/opt/ros/foxy LD_LIBRARY_PATH=/home/ibyou/robotis_ws/install/dynamixel_sdk_custom_interfaces/lib:/home/ibyou/robotis_ws/install/dynamixel_sdk/lib:${LD_LIBRARY_PATH} PYTHONPATH=/home/ibyou/robotis_ws/install/dynamixel_sdk_custom_interfaces/lib/python3.8/site-packages:${PYTHONPATH} /usr/bin/cmake --install /home/ibyou/robotis_ws/build/dynamixel_sdk_examples
[0.980s] Level 1:colcon.colcon_core.environment:create_environment_scripts_only(dynamixel_sdk_examples)
[0.988s] Level 1:colcon.colcon_core.environment:checking '/home/ibyou/robotis_ws/install/dynamixel_sdk_examples' for CMake module files
[0.989s] DEBUG:colcon.colcon_core.event_handler.log_command:Invoked command in '/home/ibyou/robotis_ws/build/dynamixel_sdk_examples' returned '0': AMENT_PREFIX_PATH=/home/ibyou/robotis_ws/install/dynamixel_sdk_custom_interfaces:/home/ibyou/robotis_ws/install/dynamixel_sdk:${AMENT_PREFIX_PATH} CMAKE_PREFIX_PATH=/home/ibyou/robotis_ws/install/dynamixel_sdk_custom_interfaces:/home/ibyou/robotis_ws/install/dynamixel_sdk:/opt/ros/foxy LD_LIBRARY_PATH=/home/ibyou/robotis_ws/install/dynamixel_sdk_custom_interfaces/lib:/home/ibyou/robotis_ws/install/dynamixel_sdk/lib:${LD_LIBRARY_PATH} PYTHONPATH=/home/ibyou/robotis_ws/install/dynamixel_sdk_custom_interfaces/lib/python3.8/site-packages:${PYTHONPATH} /usr/bin/cmake --install /home/ibyou/robotis_ws/build/dynamixel_sdk_examples
[0.989s] Level 1:colcon.colcon_core.environment:checking '/home/ibyou/robotis_ws/install/dynamixel_sdk_examples' for CMake config files
[0.989s] Level 1:colcon.colcon_core.shell:create_environment_hook('dynamixel_sdk_examples', 'cmake_prefix_path')
[0.993s] INFO:colcon.colcon_core.shell:Creating environment hook '/home/ibyou/robotis_ws/install/dynamixel_sdk_examples/share/dynamixel_sdk_examples/hook/cmake_prefix_path.ps1'
[0.993s] INFO:colcon.colcon_core.shell:Creating environment descriptor '/home/ibyou/robotis_ws/install/dynamixel_sdk_examples/share/dynamixel_sdk_examples/hook/cmake_prefix_path.dsv'
[0.994s] INFO:colcon.colcon_core.shell:Creating environment hook '/home/ibyou/robotis_ws/install/dynamixel_sdk_examples/share/dynamixel_sdk_examples/hook/cmake_prefix_path.sh'
[0.995s] Level 1:colcon.colcon_core.environment:checking '/home/ibyou/robotis_ws/install/dynamixel_sdk_examples/lib'
[0.995s] Level 1:colcon.colcon_core.environment:checking '/home/ibyou/robotis_ws/install/dynamixel_sdk_examples/bin'
[0.995s] Level 1:colcon.colcon_core.environment:checking '/home/ibyou/robotis_ws/install/dynamixel_sdk_examples/lib/pkgconfig/dynamixel_sdk_examples.pc'
[0.995s] Level 1:colcon.colcon_core.environment:checking '/home/ibyou/robotis_ws/install/dynamixel_sdk_examples/lib/python3.8/site-packages'
[0.995s] Level 1:colcon.colcon_core.environment:checking '/home/ibyou/robotis_ws/install/dynamixel_sdk_examples/bin'
[0.999s] INFO:colcon.colcon_core.shell:Creating package script '/home/ibyou/robotis_ws/install/dynamixel_sdk_examples/share/dynamixel_sdk_examples/package.ps1'
[0.999s] INFO:colcon.colcon_core.shell:Creating package descriptor '/home/ibyou/robotis_ws/install/dynamixel_sdk_examples/share/dynamixel_sdk_examples/package.dsv'
[1.000s] INFO:colcon.colcon_core.shell:Creating package script '/home/ibyou/robotis_ws/install/dynamixel_sdk_examples/share/dynamixel_sdk_examples/package.sh'
[1.000s] INFO:colcon.colcon_core.shell:Creating package script '/home/ibyou/robotis_ws/install/dynamixel_sdk_examples/share/dynamixel_sdk_examples/package.bash'
[1.001s] INFO:colcon.colcon_core.shell:Creating package script '/home/ibyou/robotis_ws/install/dynamixel_sdk_examples/share/dynamixel_sdk_examples/package.zsh'
[1.001s] Level 1:colcon.colcon_core.environment:create_file_with_runtime_dependencies(/home/ibyou/robotis_ws/install/dynamixel_sdk_examples/share/colcon-core/packages/dynamixel_sdk_examples)
[1.028s] Level 1:colcon.colcon_core.environment:create_environment_scripts_only(dynamixel_sdk_examples)
[1.033s] Level 1:colcon.colcon_core.environment:checking '/home/ibyou/robotis_ws/install/dynamixel_sdk_examples' for CMake module files
[1.034s] Level 1:colcon.colcon_core.environment:checking '/home/ibyou/robotis_ws/install/dynamixel_sdk_examples' for CMake config files
[1.034s] Level 1:colcon.colcon_core.shell:create_environment_hook('dynamixel_sdk_examples', 'cmake_prefix_path')
[1.037s] INFO:colcon.colcon_core.shell:Creating environment hook '/home/ibyou/robotis_ws/install/dynamixel_sdk_examples/share/dynamixel_sdk_examples/hook/cmake_prefix_path.ps1'
[1.038s] INFO:colcon.colcon_core.shell:Creating environment descriptor '/home/ibyou/robotis_ws/install/dynamixel_sdk_examples/share/dynamixel_sdk_examples/hook/cmake_prefix_path.dsv'
[1.038s] INFO:colcon.colcon_core.shell:Creating environment hook '/home/ibyou/robotis_ws/install/dynamixel_sdk_examples/share/dynamixel_sdk_examples/hook/cmake_prefix_path.sh'
[1.039s] Level 1:colcon.colcon_core.environment:checking '/home/ibyou/robotis_ws/install/dynamixel_sdk_examples/lib'
[1.039s] Level 1:colcon.colcon_core.environment:checking '/home/ibyou/robotis_ws/install/dynamixel_sdk_examples/bin'
[1.039s] Level 1:colcon.colcon_core.environment:checking '/home/ibyou/robotis_ws/install/dynamixel_sdk_examples/lib/pkgconfig/dynamixel_sdk_examples.pc'
[1.039s] Level 1:colcon.colcon_core.environment:checking '/home/ibyou/robotis_ws/install/dynamixel_sdk_examples/lib/python3.8/site-packages'
[1.039s] Level 1:colcon.colcon_core.environment:checking '/home/ibyou/robotis_ws/install/dynamixel_sdk_examples/bin'
[1.043s] INFO:colcon.colcon_core.shell:Creating package script '/home/ibyou/robotis_ws/install/dynamixel_sdk_examples/share/dynamixel_sdk_examples/package.ps1'
[1.044s] INFO:colcon.colcon_core.shell:Creating package descriptor '/home/ibyou/robotis_ws/install/dynamixel_sdk_examples/share/dynamixel_sdk_examples/package.dsv'
[1.044s] INFO:colcon.colcon_core.shell:Creating package script '/home/ibyou/robotis_ws/install/dynamixel_sdk_examples/share/dynamixel_sdk_examples/package.sh'
[1.045s] INFO:colcon.colcon_core.shell:Creating package script '/home/ibyou/robotis_ws/install/dynamixel_sdk_examples/share/dynamixel_sdk_examples/package.bash'
[1.045s] INFO:colcon.colcon_core.shell:Creating package script '/home/ibyou/robotis_ws/install/dynamixel_sdk_examples/share/dynamixel_sdk_examples/package.zsh'
[1.046s] Level 1:colcon.colcon_core.environment:create_file_with_runtime_dependencies(/home/ibyou/robotis_ws/install/dynamixel_sdk_examples/share/colcon-core/packages/dynamixel_sdk_examples)
[1.046s] DEBUG:colcon.colcon_parallel_executor.executor.parallel:closing loop
[1.046s] DEBUG:colcon.colcon_parallel_executor.executor.parallel:loop closed
[1.046s] DEBUG:colcon.colcon_parallel_executor.executor.parallel:run_until_complete finished with '0'
[1.046s] DEBUG:colcon.colcon_core.event_reactor:joining thread
[1.054s] INFO:colcon.colcon_core.plugin_system:Skipping extension 'colcon_notification.desktop_notification.terminal_notifier': Not used on non-Darwin systems
[1.054s] INFO:colcon.colcon_core.plugin_system:Skipping extension 'colcon_notification.desktop_notification.win32': Not used on non-Windows systems
[1.054s] INFO:colcon.colcon_notification.desktop_notification:Sending desktop notification using 'notify2'
[1.068s] DEBUG:colcon.colcon_core.event_reactor:joined thread
[1.071s] INFO:colcon.colcon_core.shell:Creating prefix script '/home/ibyou/robotis_ws/install/local_setup.ps1'
[1.072s] INFO:colcon.colcon_core.shell:Creating prefix util module '/home/ibyou/robotis_ws/install/_local_setup_util_ps1.py'
[1.073s] INFO:colcon.colcon_core.shell:Creating prefix chain script '/home/ibyou/robotis_ws/install/setup.ps1'
[1.075s] INFO:colcon.colcon_core.shell:Creating prefix script '/home/ibyou/robotis_ws/install/local_setup.sh'
[1.075s] INFO:colcon.colcon_core.shell:Creating prefix util module '/home/ibyou/robotis_ws/install/_local_setup_util_sh.py'
[1.076s] INFO:colcon.colcon_core.shell:Creating prefix chain script '/home/ibyou/robotis_ws/install/setup.sh'
[1.077s] INFO:colcon.colcon_core.shell:Creating prefix script '/home/ibyou/robotis_ws/install/local_setup.bash'
[1.077s] INFO:colcon.colcon_core.shell:Creating prefix chain script '/home/ibyou/robotis_ws/install/setup.bash'
[1.079s] INFO:colcon.colcon_core.shell:Creating prefix script '/home/ibyou/robotis_ws/install/local_setup.zsh'
[1.080s] INFO:colcon.colcon_core.shell:Creating prefix chain script '/home/ibyou/robotis_ws/install/setup.zsh'
